{"/Users/jaredjbarnes/Documents/data-modeling/lib/schema/Validator.js":{"path":"/Users/jaredjbarnes/Documents/data-modeling/lib/schema/Validator.js","s":{"1":1,"2":1,"3":5,"4":0,"5":1,"6":1,"7":1,"8":2,"9":2,"10":2,"11":2,"12":2,"13":2,"14":1,"15":1,"16":1,"17":1,"18":0,"19":1,"20":1,"21":1,"22":1,"23":1,"24":1,"25":1,"26":1,"27":1,"28":1,"29":1,"30":1,"31":1,"32":1,"33":1,"34":1,"35":1,"36":1,"37":1,"38":1,"39":1,"40":1,"41":10,"42":1,"43":1,"44":10,"45":10,"46":1,"47":19,"48":19,"49":15,"50":4,"51":4,"52":15,"53":6,"54":9,"55":6,"56":3,"57":10,"58":1,"59":29,"60":0,"61":1,"62":1,"63":1,"64":30,"65":29,"66":29,"67":29,"68":29,"69":29,"70":19,"71":10,"72":0,"73":1,"74":10,"75":5,"76":5,"77":4,"78":1,"79":1,"80":10,"81":10,"82":26,"83":26,"84":10,"85":9,"86":9,"87":9,"88":6,"89":10,"90":1,"91":10,"92":1,"93":1,"94":1},"b":{"1":[1,0],"2":[1,1],"3":[0,0],"4":[0,0,0,0],"5":[2,2],"6":[2,0],"7":[1,0],"8":[0,1],"9":[10,0],"10":[10,10],"11":[6,9],"12":[0,29],"13":[19,10],"14":[0,10],"15":[10,10],"16":[5,5],"17":[10,5],"18":[4,1],"19":[5,5,4],"20":[10,6,0,10]},"f":{"1":5,"2":0,"3":1,"4":1,"5":1,"6":10,"7":1,"8":10,"9":10,"10":19,"11":6,"12":3,"13":29,"14":1,"15":30,"16":10,"17":1,"18":10,"19":26,"20":10},"fnMap":{"1":{"name":"(anonymous_1)","line":7,"loc":{"start":{"line":7,"column":84},"end":{"line":7,"column":99}}},"2":{"name":"(anonymous_2)","line":7,"loc":{"start":{"line":7,"column":124},"end":{"line":7,"column":139}}},"3":{"name":"(anonymous_3)","line":9,"loc":{"start":{"line":9,"column":19},"end":{"line":9,"column":31}}},"4":{"name":"defineProperties","line":9,"loc":{"start":{"line":9,"column":33},"end":{"line":9,"column":74}}},"5":{"name":"(anonymous_5)","line":9,"loc":{"start":{"line":9,"column":357},"end":{"line":9,"column":405}}},"6":{"name":"_interopRequireDefault","line":51,"loc":{"start":{"line":51,"column":0},"end":{"line":51,"column":37}}},"7":{"name":"_asyncToGenerator","line":53,"loc":{"start":{"line":53,"column":0},"end":{"line":53,"column":31}}},"8":{"name":"(anonymous_8)","line":53,"loc":{"start":{"line":53,"column":40},"end":{"line":53,"column":52}}},"9":{"name":"(anonymous_9)","line":53,"loc":{"start":{"line":53,"column":110},"end":{"line":53,"column":137}}},"10":{"name":"step","line":53,"loc":{"start":{"line":53,"column":139},"end":{"line":53,"column":163}}},"11":{"name":"(anonymous_11)","line":53,"loc":{"start":{"line":53,"column":341},"end":{"line":53,"column":358}}},"12":{"name":"(anonymous_12)","line":53,"loc":{"start":{"line":53,"column":384},"end":{"line":53,"column":399}}},"13":{"name":"_classCallCheck","line":55,"loc":{"start":{"line":55,"column":0},"end":{"line":55,"column":48}}},"14":{"name":"(anonymous_14)","line":70,"loc":{"start":{"line":70,"column":16},"end":{"line":70,"column":28}}},"15":{"name":"Validator","line":71,"loc":{"start":{"line":71,"column":4},"end":{"line":71,"column":29}}},"16":{"name":"getTypeBySchema","line":93,"loc":{"start":{"line":93,"column":15},"end":{"line":93,"column":42}}},"17":{"name":"(anonymous_17)","line":104,"loc":{"start":{"line":104,"column":15},"end":{"line":104,"column":27}}},"18":{"name":"_callee","line":105,"loc":{"start":{"line":105,"column":80},"end":{"line":105,"column":99}}},"19":{"name":"_callee$","line":107,"loc":{"start":{"line":107,"column":47},"end":{"line":107,"column":75}}},"20":{"name":"validateAsync","line":131,"loc":{"start":{"line":131,"column":12},"end":{"line":131,"column":37}}}},"statementMap":{"1":{"start":{"line":3,"column":0},"end":{"line":5,"column":3}},"2":{"start":{"line":7,"column":0},"end":{"line":7,"column":269}},"3":{"start":{"line":7,"column":101},"end":{"line":7,"column":119}},"4":{"start":{"line":7,"column":141},"end":{"line":7,"column":266}},"5":{"start":{"line":9,"column":0},"end":{"line":9,"column":564}},"6":{"start":{"line":9,"column":33},"end":{"line":9,"column":349}},"7":{"start":{"line":9,"column":76},"end":{"line":9,"column":347}},"8":{"start":{"line":9,"column":117},"end":{"line":9,"column":143}},"9":{"start":{"line":9,"column":144},"end":{"line":9,"column":199}},"10":{"start":{"line":9,"column":200},"end":{"line":9,"column":231}},"11":{"start":{"line":9,"column":232},"end":{"line":9,"column":286}},"12":{"start":{"line":9,"column":259},"end":{"line":9,"column":286}},"13":{"start":{"line":9,"column":287},"end":{"line":9,"column":345}},"14":{"start":{"line":9,"column":350},"end":{"line":9,"column":559}},"15":{"start":{"line":9,"column":407},"end":{"line":9,"column":475}},"16":{"start":{"line":9,"column":423},"end":{"line":9,"column":475}},"17":{"start":{"line":9,"column":476},"end":{"line":9,"column":536}},"18":{"start":{"line":9,"column":493},"end":{"line":9,"column":536}},"19":{"start":{"line":9,"column":537},"end":{"line":9,"column":556}},"20":{"start":{"line":11,"column":0},"end":{"line":11,"column":34}},"21":{"start":{"line":13,"column":0},"end":{"line":13,"column":41}},"22":{"start":{"line":15,"column":0},"end":{"line":15,"column":38}},"23":{"start":{"line":17,"column":0},"end":{"line":17,"column":45}},"24":{"start":{"line":19,"column":0},"end":{"line":19,"column":42}},"25":{"start":{"line":21,"column":0},"end":{"line":21,"column":49}},"26":{"start":{"line":23,"column":0},"end":{"line":23,"column":38}},"27":{"start":{"line":25,"column":0},"end":{"line":25,"column":45}},"28":{"start":{"line":27,"column":0},"end":{"line":27,"column":36}},"29":{"start":{"line":29,"column":0},"end":{"line":29,"column":43}},"30":{"start":{"line":31,"column":0},"end":{"line":31,"column":36}},"31":{"start":{"line":33,"column":0},"end":{"line":33,"column":43}},"32":{"start":{"line":35,"column":0},"end":{"line":35,"column":40}},"33":{"start":{"line":37,"column":0},"end":{"line":37,"column":47}},"34":{"start":{"line":39,"column":0},"end":{"line":39,"column":46}},"35":{"start":{"line":41,"column":0},"end":{"line":41,"column":53}},"36":{"start":{"line":43,"column":0},"end":{"line":43,"column":40}},"37":{"start":{"line":45,"column":0},"end":{"line":45,"column":47}},"38":{"start":{"line":47,"column":0},"end":{"line":47,"column":38}},"39":{"start":{"line":49,"column":0},"end":{"line":49,"column":45}},"40":{"start":{"line":51,"column":0},"end":{"line":51,"column":95}},"41":{"start":{"line":51,"column":39},"end":{"line":51,"column":93}},"42":{"start":{"line":53,"column":0},"end":{"line":53,"column":458}},"43":{"start":{"line":53,"column":33},"end":{"line":53,"column":456}},"44":{"start":{"line":53,"column":54},"end":{"line":53,"column":90}},"45":{"start":{"line":53,"column":91},"end":{"line":53,"column":453}},"46":{"start":{"line":53,"column":139},"end":{"line":53,"column":428}},"47":{"start":{"line":53,"column":165},"end":{"line":53,"column":263}},"48":{"start":{"line":53,"column":171},"end":{"line":53,"column":196}},"49":{"start":{"line":53,"column":197},"end":{"line":53,"column":220}},"50":{"start":{"line":53,"column":239},"end":{"line":53,"column":253}},"51":{"start":{"line":53,"column":254},"end":{"line":53,"column":261}},"52":{"start":{"line":53,"column":264},"end":{"line":53,"column":426}},"53":{"start":{"line":53,"column":281},"end":{"line":53,"column":296}},"54":{"start":{"line":53,"column":306},"end":{"line":53,"column":424}},"55":{"start":{"line":53,"column":360},"end":{"line":53,"column":380}},"56":{"start":{"line":53,"column":401},"end":{"line":53,"column":420}},"57":{"start":{"line":53,"column":429},"end":{"line":53,"column":449}},"58":{"start":{"line":55,"column":0},"end":{"line":55,"column":153}},"59":{"start":{"line":55,"column":50},"end":{"line":55,"column":151}},"60":{"start":{"line":55,"column":92},"end":{"line":55,"column":149}},"61":{"start":{"line":57,"column":0},"end":{"line":68,"column":2}},"62":{"start":{"line":70,"column":0},"end":{"line":140,"column":4}},"63":{"start":{"line":71,"column":4},"end":{"line":89,"column":5}},"64":{"start":{"line":72,"column":8},"end":{"line":74,"column":31}},"65":{"start":{"line":76,"column":8},"end":{"line":76,"column":41}},"66":{"start":{"line":78,"column":8},"end":{"line":78,"column":39}},"67":{"start":{"line":79,"column":8},"end":{"line":79,"column":27}},"68":{"start":{"line":80,"column":8},"end":{"line":80,"column":29}},"69":{"start":{"line":82,"column":8},"end":{"line":84,"column":9}},"70":{"start":{"line":83,"column":12},"end":{"line":83,"column":55}},"71":{"start":{"line":86,"column":8},"end":{"line":88,"column":9}},"72":{"start":{"line":87,"column":12},"end":{"line":87,"column":117}},"73":{"start":{"line":91,"column":4},"end":{"line":137,"column":8}},"74":{"start":{"line":94,"column":12},"end":{"line":100,"column":13}},"75":{"start":{"line":95,"column":16},"end":{"line":95,"column":42}},"76":{"start":{"line":96,"column":19},"end":{"line":100,"column":13}},"77":{"start":{"line":97,"column":16},"end":{"line":97,"column":47}},"78":{"start":{"line":99,"column":16},"end":{"line":99,"column":49}},"79":{"start":{"line":105,"column":12},"end":{"line":129,"column":16}},"80":{"start":{"line":106,"column":16},"end":{"line":106,"column":41}},"81":{"start":{"line":107,"column":16},"end":{"line":128,"column":34}},"82":{"start":{"line":108,"column":20},"end":{"line":127,"column":21}},"83":{"start":{"line":109,"column":24},"end":{"line":126,"column":25}},"84":{"start":{"line":111,"column":32},"end":{"line":111,"column":67}},"85":{"start":{"line":112,"column":32},"end":{"line":116,"column":35}},"86":{"start":{"line":117,"column":32},"end":{"line":117,"column":50}},"87":{"start":{"line":118,"column":32},"end":{"line":118,"column":65}},"88":{"start":{"line":121,"column":32},"end":{"line":121,"column":71}},"89":{"start":{"line":125,"column":32},"end":{"line":125,"column":55}},"90":{"start":{"line":131,"column":12},"end":{"line":133,"column":13}},"91":{"start":{"line":132,"column":16},"end":{"line":132,"column":52}},"92":{"start":{"line":135,"column":12},"end":{"line":135,"column":33}},"93":{"start":{"line":139,"column":4},"end":{"line":139,"column":21}},"94":{"start":{"line":142,"column":0},"end":{"line":142,"column":28}}},"branchMap":{"1":{"line":7,"type":"cond-expr","locations":[{"start":{"line":7,"column":84},"end":{"line":7,"column":121}},{"start":{"line":7,"column":124},"end":{"line":7,"column":268}}]},"2":{"line":7,"type":"binary-expr","locations":[{"start":{"line":7,"column":14},"end":{"line":7,"column":42}},{"start":{"line":7,"column":46},"end":{"line":7,"column":81}}]},"3":{"line":7,"type":"cond-expr","locations":[{"start":{"line":7,"column":244},"end":{"line":7,"column":252}},{"start":{"line":7,"column":255},"end":{"line":7,"column":265}}]},"4":{"line":7,"type":"binary-expr","locations":[{"start":{"line":7,"column":148},"end":{"line":7,"column":151}},{"start":{"line":7,"column":155},"end":{"line":7,"column":183}},{"start":{"line":7,"column":187},"end":{"line":7,"column":213}},{"start":{"line":7,"column":217},"end":{"line":7,"column":241}}]},"5":{"line":9,"type":"binary-expr","locations":[{"start":{"line":9,"column":168},"end":{"line":9,"column":189}},{"start":{"line":9,"column":193},"end":{"line":9,"column":198}}]},"6":{"line":9,"type":"if","locations":[{"start":{"line":9,"column":232},"end":{"line":9,"column":232}},{"start":{"line":9,"column":232},"end":{"line":9,"column":232}}]},"7":{"line":9,"type":"if","locations":[{"start":{"line":9,"column":407},"end":{"line":9,"column":407}},{"start":{"line":9,"column":407},"end":{"line":9,"column":407}}]},"8":{"line":9,"type":"if","locations":[{"start":{"line":9,"column":476},"end":{"line":9,"column":476}},{"start":{"line":9,"column":476},"end":{"line":9,"column":476}}]},"9":{"line":51,"type":"cond-expr","locations":[{"start":{"line":51,"column":70},"end":{"line":51,"column":73}},{"start":{"line":51,"column":76},"end":{"line":51,"column":92}}]},"10":{"line":51,"type":"binary-expr","locations":[{"start":{"line":51,"column":46},"end":{"line":51,"column":49}},{"start":{"line":51,"column":53},"end":{"line":51,"column":67}}]},"11":{"line":53,"type":"if","locations":[{"start":{"line":53,"column":264},"end":{"line":53,"column":264}},{"start":{"line":53,"column":264},"end":{"line":53,"column":264}}]},"12":{"line":55,"type":"if","locations":[{"start":{"line":55,"column":50},"end":{"line":55,"column":50}},{"start":{"line":55,"column":50},"end":{"line":55,"column":50}}]},"13":{"line":82,"type":"if","locations":[{"start":{"line":82,"column":8},"end":{"line":82,"column":8}},{"start":{"line":82,"column":8},"end":{"line":82,"column":8}}]},"14":{"line":86,"type":"if","locations":[{"start":{"line":86,"column":8},"end":{"line":86,"column":8}},{"start":{"line":86,"column":8},"end":{"line":86,"column":8}}]},"15":{"line":86,"type":"binary-expr","locations":[{"start":{"line":86,"column":12},"end":{"line":86,"column":68}},{"start":{"line":86,"column":72},"end":{"line":86,"column":128}}]},"16":{"line":94,"type":"if","locations":[{"start":{"line":94,"column":12},"end":{"line":94,"column":12}},{"start":{"line":94,"column":12},"end":{"line":94,"column":12}}]},"17":{"line":94,"type":"binary-expr","locations":[{"start":{"line":94,"column":16},"end":{"line":94,"column":47}},{"start":{"line":94,"column":51},"end":{"line":94,"column":77}}]},"18":{"line":96,"type":"if","locations":[{"start":{"line":96,"column":19},"end":{"line":96,"column":19}},{"start":{"line":96,"column":19},"end":{"line":96,"column":19}}]},"19":{"line":96,"type":"binary-expr","locations":[{"start":{"line":96,"column":23},"end":{"line":96,"column":56}},{"start":{"line":96,"column":60},"end":{"line":96,"column":79}},{"start":{"line":96,"column":83},"end":{"line":96,"column":114}}]},"20":{"line":109,"type":"switch","locations":[{"start":{"line":110,"column":28},"end":{"line":118,"column":65}},{"start":{"line":120,"column":28},"end":{"line":121,"column":71}},{"start":{"line":123,"column":28},"end":{"line":123,"column":35}},{"start":{"line":124,"column":28},"end":{"line":125,"column":55}}]}}},"/Users/jaredjbarnes/Documents/data-modeling/lib/schema/types/Any.js":{"path":"/Users/jaredjbarnes/Documents/data-modeling/lib/schema/types/Any.js","s":{"1":1,"2":1,"3":1,"4":1,"5":1,"6":1,"7":1,"8":1,"9":1,"10":1,"11":1,"12":1,"13":1,"14":1,"15":0,"16":1,"17":1,"18":1,"19":0,"20":0,"21":1,"22":0,"23":0,"24":0,"25":0,"26":0,"27":0,"28":0,"29":0,"30":0,"31":0,"32":0,"33":1,"34":0,"35":0,"36":1,"37":1,"38":0,"39":0,"40":0,"41":0,"42":0,"43":0,"44":1,"45":1,"46":0,"47":0,"48":0,"49":0,"50":0,"51":0,"52":0,"53":0,"54":0,"55":0,"56":0,"57":1,"58":0,"59":1,"60":1,"61":1},"b":{"1":[1,1],"2":[1,0],"3":[1,0],"4":[0,1],"5":[0,0],"6":[0,0],"7":[0,0,0],"8":[0,0],"9":[0,0]},"f":{"1":1,"2":1,"3":1,"4":1,"5":0,"6":0,"7":0,"8":0,"9":0,"10":0,"11":1,"12":0,"13":1,"14":0,"15":0,"16":0},"fnMap":{"1":{"name":"(anonymous_1)","line":7,"loc":{"start":{"line":7,"column":19},"end":{"line":7,"column":31}}},"2":{"name":"defineProperties","line":7,"loc":{"start":{"line":7,"column":33},"end":{"line":7,"column":74}}},"3":{"name":"(anonymous_3)","line":7,"loc":{"start":{"line":7,"column":357},"end":{"line":7,"column":405}}},"4":{"name":"_asyncToGenerator","line":9,"loc":{"start":{"line":9,"column":0},"end":{"line":9,"column":31}}},"5":{"name":"(anonymous_5)","line":9,"loc":{"start":{"line":9,"column":40},"end":{"line":9,"column":52}}},"6":{"name":"(anonymous_6)","line":9,"loc":{"start":{"line":9,"column":110},"end":{"line":9,"column":137}}},"7":{"name":"step","line":9,"loc":{"start":{"line":9,"column":139},"end":{"line":9,"column":163}}},"8":{"name":"(anonymous_8)","line":9,"loc":{"start":{"line":9,"column":341},"end":{"line":9,"column":358}}},"9":{"name":"(anonymous_9)","line":9,"loc":{"start":{"line":9,"column":384},"end":{"line":9,"column":399}}},"10":{"name":"_classCallCheck","line":11,"loc":{"start":{"line":11,"column":0},"end":{"line":11,"column":48}}},"11":{"name":"(anonymous_11)","line":13,"loc":{"start":{"line":13,"column":10},"end":{"line":13,"column":22}}},"12":{"name":"Any","line":14,"loc":{"start":{"line":14,"column":4},"end":{"line":14,"column":23}}},"13":{"name":"(anonymous_13)","line":29,"loc":{"start":{"line":29,"column":15},"end":{"line":29,"column":27}}},"14":{"name":"_callee","line":30,"loc":{"start":{"line":30,"column":80},"end":{"line":30,"column":99}}},"15":{"name":"_callee$","line":31,"loc":{"start":{"line":31,"column":47},"end":{"line":31,"column":75}}},"16":{"name":"validateAsync","line":55,"loc":{"start":{"line":55,"column":12},"end":{"line":55,"column":37}}}},"statementMap":{"1":{"start":{"line":3,"column":0},"end":{"line":5,"column":3}},"2":{"start":{"line":7,"column":0},"end":{"line":7,"column":564}},"3":{"start":{"line":7,"column":33},"end":{"line":7,"column":349}},"4":{"start":{"line":7,"column":76},"end":{"line":7,"column":347}},"5":{"start":{"line":7,"column":117},"end":{"line":7,"column":143}},"6":{"start":{"line":7,"column":144},"end":{"line":7,"column":199}},"7":{"start":{"line":7,"column":200},"end":{"line":7,"column":231}},"8":{"start":{"line":7,"column":232},"end":{"line":7,"column":286}},"9":{"start":{"line":7,"column":259},"end":{"line":7,"column":286}},"10":{"start":{"line":7,"column":287},"end":{"line":7,"column":345}},"11":{"start":{"line":7,"column":350},"end":{"line":7,"column":559}},"12":{"start":{"line":7,"column":407},"end":{"line":7,"column":475}},"13":{"start":{"line":7,"column":423},"end":{"line":7,"column":475}},"14":{"start":{"line":7,"column":476},"end":{"line":7,"column":536}},"15":{"start":{"line":7,"column":493},"end":{"line":7,"column":536}},"16":{"start":{"line":7,"column":537},"end":{"line":7,"column":556}},"17":{"start":{"line":9,"column":0},"end":{"line":9,"column":458}},"18":{"start":{"line":9,"column":33},"end":{"line":9,"column":456}},"19":{"start":{"line":9,"column":54},"end":{"line":9,"column":90}},"20":{"start":{"line":9,"column":91},"end":{"line":9,"column":453}},"21":{"start":{"line":9,"column":139},"end":{"line":9,"column":428}},"22":{"start":{"line":9,"column":165},"end":{"line":9,"column":263}},"23":{"start":{"line":9,"column":171},"end":{"line":9,"column":196}},"24":{"start":{"line":9,"column":197},"end":{"line":9,"column":220}},"25":{"start":{"line":9,"column":239},"end":{"line":9,"column":253}},"26":{"start":{"line":9,"column":254},"end":{"line":9,"column":261}},"27":{"start":{"line":9,"column":264},"end":{"line":9,"column":426}},"28":{"start":{"line":9,"column":281},"end":{"line":9,"column":296}},"29":{"start":{"line":9,"column":306},"end":{"line":9,"column":424}},"30":{"start":{"line":9,"column":360},"end":{"line":9,"column":380}},"31":{"start":{"line":9,"column":401},"end":{"line":9,"column":420}},"32":{"start":{"line":9,"column":429},"end":{"line":9,"column":449}},"33":{"start":{"line":11,"column":0},"end":{"line":11,"column":153}},"34":{"start":{"line":11,"column":50},"end":{"line":11,"column":151}},"35":{"start":{"line":11,"column":92},"end":{"line":11,"column":149}},"36":{"start":{"line":13,"column":0},"end":{"line":64,"column":4}},"37":{"start":{"line":14,"column":4},"end":{"line":25,"column":5}},"38":{"start":{"line":15,"column":8},"end":{"line":17,"column":31}},"39":{"start":{"line":19,"column":8},"end":{"line":19,"column":35}},"40":{"start":{"line":21,"column":8},"end":{"line":21,"column":26}},"41":{"start":{"line":22,"column":8},"end":{"line":22,"column":39}},"42":{"start":{"line":23,"column":8},"end":{"line":23,"column":29}},"43":{"start":{"line":24,"column":8},"end":{"line":24,"column":27}},"44":{"start":{"line":27,"column":4},"end":{"line":61,"column":8}},"45":{"start":{"line":30,"column":12},"end":{"line":53,"column":16}},"46":{"start":{"line":31,"column":16},"end":{"line":52,"column":34}},"47":{"start":{"line":32,"column":20},"end":{"line":51,"column":21}},"48":{"start":{"line":33,"column":24},"end":{"line":50,"column":25}},"49":{"start":{"line":35,"column":32},"end":{"line":38,"column":33}},"50":{"start":{"line":36,"column":36},"end":{"line":36,"column":54}},"51":{"start":{"line":37,"column":36},"end":{"line":37,"column":42}},"52":{"start":{"line":40,"column":32},"end":{"line":43,"column":33}},"53":{"start":{"line":41,"column":36},"end":{"line":41,"column":54}},"54":{"start":{"line":42,"column":36},"end":{"line":42,"column":42}},"55":{"start":{"line":45,"column":32},"end":{"line":45,"column":85}},"56":{"start":{"line":49,"column":32},"end":{"line":49,"column":55}},"57":{"start":{"line":55,"column":12},"end":{"line":57,"column":13}},"58":{"start":{"line":56,"column":16},"end":{"line":56,"column":52}},"59":{"start":{"line":59,"column":12},"end":{"line":59,"column":33}},"60":{"start":{"line":63,"column":4},"end":{"line":63,"column":15}},"61":{"start":{"line":66,"column":0},"end":{"line":66,"column":22}}},"branchMap":{"1":{"line":7,"type":"binary-expr","locations":[{"start":{"line":7,"column":168},"end":{"line":7,"column":189}},{"start":{"line":7,"column":193},"end":{"line":7,"column":198}}]},"2":{"line":7,"type":"if","locations":[{"start":{"line":7,"column":232},"end":{"line":7,"column":232}},{"start":{"line":7,"column":232},"end":{"line":7,"column":232}}]},"3":{"line":7,"type":"if","locations":[{"start":{"line":7,"column":407},"end":{"line":7,"column":407}},{"start":{"line":7,"column":407},"end":{"line":7,"column":407}}]},"4":{"line":7,"type":"if","locations":[{"start":{"line":7,"column":476},"end":{"line":7,"column":476}},{"start":{"line":7,"column":476},"end":{"line":7,"column":476}}]},"5":{"line":9,"type":"if","locations":[{"start":{"line":9,"column":264},"end":{"line":9,"column":264}},{"start":{"line":9,"column":264},"end":{"line":9,"column":264}}]},"6":{"line":11,"type":"if","locations":[{"start":{"line":11,"column":50},"end":{"line":11,"column":50}},{"start":{"line":11,"column":50},"end":{"line":11,"column":50}}]},"7":{"line":33,"type":"switch","locations":[{"start":{"line":34,"column":28},"end":{"line":45,"column":85}},{"start":{"line":47,"column":28},"end":{"line":47,"column":35}},{"start":{"line":48,"column":28},"end":{"line":49,"column":55}}]},"8":{"line":35,"type":"if","locations":[{"start":{"line":35,"column":32},"end":{"line":35,"column":32}},{"start":{"line":35,"column":32},"end":{"line":35,"column":32}}]},"9":{"line":40,"type":"if","locations":[{"start":{"line":40,"column":32},"end":{"line":40,"column":32}},{"start":{"line":40,"column":32},"end":{"line":40,"column":32}}]}}},"/Users/jaredjbarnes/Documents/data-modeling/lib/schema/types/Array.js":{"path":"/Users/jaredjbarnes/Documents/data-modeling/lib/schema/types/Array.js","s":{"1":1,"2":1,"3":1,"4":1,"5":1,"6":1,"7":1,"8":1,"9":1,"10":1,"11":1,"12":1,"13":1,"14":1,"15":0,"16":1,"17":1,"18":1,"19":0,"20":0,"21":1,"22":0,"23":0,"24":0,"25":0,"26":0,"27":0,"28":0,"29":0,"30":0,"31":0,"32":0,"33":1,"34":0,"35":0,"36":1,"37":1,"38":0,"39":0,"40":0,"41":0,"42":0,"43":0,"44":1,"45":1,"46":0,"47":0,"48":0,"49":0,"50":0,"51":0,"52":0,"53":0,"54":0,"55":0,"56":0,"57":0,"58":0,"59":0,"60":0,"61":0,"62":0,"63":0,"64":0,"65":1,"66":0,"67":1,"68":1,"69":1},"b":{"1":[1,1],"2":[1,0],"3":[1,0],"4":[0,1],"5":[0,0],"6":[0,0],"7":[0,0,0,0,0],"8":[0,0],"9":[0,0],"10":[0,0],"11":[0,0],"12":[0,0]},"f":{"1":1,"2":1,"3":1,"4":1,"5":0,"6":0,"7":0,"8":0,"9":0,"10":0,"11":1,"12":0,"13":1,"14":0,"15":0,"16":0},"fnMap":{"1":{"name":"(anonymous_1)","line":7,"loc":{"start":{"line":7,"column":19},"end":{"line":7,"column":31}}},"2":{"name":"defineProperties","line":7,"loc":{"start":{"line":7,"column":33},"end":{"line":7,"column":74}}},"3":{"name":"(anonymous_3)","line":7,"loc":{"start":{"line":7,"column":357},"end":{"line":7,"column":405}}},"4":{"name":"_asyncToGenerator","line":9,"loc":{"start":{"line":9,"column":0},"end":{"line":9,"column":31}}},"5":{"name":"(anonymous_5)","line":9,"loc":{"start":{"line":9,"column":40},"end":{"line":9,"column":52}}},"6":{"name":"(anonymous_6)","line":9,"loc":{"start":{"line":9,"column":110},"end":{"line":9,"column":137}}},"7":{"name":"step","line":9,"loc":{"start":{"line":9,"column":139},"end":{"line":9,"column":163}}},"8":{"name":"(anonymous_8)","line":9,"loc":{"start":{"line":9,"column":341},"end":{"line":9,"column":358}}},"9":{"name":"(anonymous_9)","line":9,"loc":{"start":{"line":9,"column":384},"end":{"line":9,"column":399}}},"10":{"name":"_classCallCheck","line":11,"loc":{"start":{"line":11,"column":0},"end":{"line":11,"column":48}}},"11":{"name":"(anonymous_11)","line":13,"loc":{"start":{"line":13,"column":12},"end":{"line":13,"column":24}}},"12":{"name":"Array","line":14,"loc":{"start":{"line":14,"column":4},"end":{"line":14,"column":25}}},"13":{"name":"(anonymous_13)","line":29,"loc":{"start":{"line":29,"column":15},"end":{"line":29,"column":27}}},"14":{"name":"_callee","line":30,"loc":{"start":{"line":30,"column":80},"end":{"line":30,"column":99}}},"15":{"name":"_callee$","line":31,"loc":{"start":{"line":31,"column":47},"end":{"line":31,"column":75}}},"16":{"name":"validateAsync","line":71,"loc":{"start":{"line":71,"column":12},"end":{"line":71,"column":37}}}},"statementMap":{"1":{"start":{"line":3,"column":0},"end":{"line":5,"column":3}},"2":{"start":{"line":7,"column":0},"end":{"line":7,"column":564}},"3":{"start":{"line":7,"column":33},"end":{"line":7,"column":349}},"4":{"start":{"line":7,"column":76},"end":{"line":7,"column":347}},"5":{"start":{"line":7,"column":117},"end":{"line":7,"column":143}},"6":{"start":{"line":7,"column":144},"end":{"line":7,"column":199}},"7":{"start":{"line":7,"column":200},"end":{"line":7,"column":231}},"8":{"start":{"line":7,"column":232},"end":{"line":7,"column":286}},"9":{"start":{"line":7,"column":259},"end":{"line":7,"column":286}},"10":{"start":{"line":7,"column":287},"end":{"line":7,"column":345}},"11":{"start":{"line":7,"column":350},"end":{"line":7,"column":559}},"12":{"start":{"line":7,"column":407},"end":{"line":7,"column":475}},"13":{"start":{"line":7,"column":423},"end":{"line":7,"column":475}},"14":{"start":{"line":7,"column":476},"end":{"line":7,"column":536}},"15":{"start":{"line":7,"column":493},"end":{"line":7,"column":536}},"16":{"start":{"line":7,"column":537},"end":{"line":7,"column":556}},"17":{"start":{"line":9,"column":0},"end":{"line":9,"column":458}},"18":{"start":{"line":9,"column":33},"end":{"line":9,"column":456}},"19":{"start":{"line":9,"column":54},"end":{"line":9,"column":90}},"20":{"start":{"line":9,"column":91},"end":{"line":9,"column":453}},"21":{"start":{"line":9,"column":139},"end":{"line":9,"column":428}},"22":{"start":{"line":9,"column":165},"end":{"line":9,"column":263}},"23":{"start":{"line":9,"column":171},"end":{"line":9,"column":196}},"24":{"start":{"line":9,"column":197},"end":{"line":9,"column":220}},"25":{"start":{"line":9,"column":239},"end":{"line":9,"column":253}},"26":{"start":{"line":9,"column":254},"end":{"line":9,"column":261}},"27":{"start":{"line":9,"column":264},"end":{"line":9,"column":426}},"28":{"start":{"line":9,"column":281},"end":{"line":9,"column":296}},"29":{"start":{"line":9,"column":306},"end":{"line":9,"column":424}},"30":{"start":{"line":9,"column":360},"end":{"line":9,"column":380}},"31":{"start":{"line":9,"column":401},"end":{"line":9,"column":420}},"32":{"start":{"line":9,"column":429},"end":{"line":9,"column":449}},"33":{"start":{"line":11,"column":0},"end":{"line":11,"column":153}},"34":{"start":{"line":11,"column":50},"end":{"line":11,"column":151}},"35":{"start":{"line":11,"column":92},"end":{"line":11,"column":149}},"36":{"start":{"line":13,"column":0},"end":{"line":80,"column":4}},"37":{"start":{"line":14,"column":4},"end":{"line":25,"column":5}},"38":{"start":{"line":15,"column":8},"end":{"line":17,"column":31}},"39":{"start":{"line":19,"column":8},"end":{"line":19,"column":37}},"40":{"start":{"line":21,"column":8},"end":{"line":21,"column":28}},"41":{"start":{"line":22,"column":8},"end":{"line":22,"column":39}},"42":{"start":{"line":23,"column":8},"end":{"line":23,"column":29}},"43":{"start":{"line":24,"column":8},"end":{"line":24,"column":27}},"44":{"start":{"line":27,"column":4},"end":{"line":77,"column":8}},"45":{"start":{"line":30,"column":12},"end":{"line":69,"column":16}},"46":{"start":{"line":31,"column":16},"end":{"line":68,"column":34}},"47":{"start":{"line":32,"column":20},"end":{"line":67,"column":21}},"48":{"start":{"line":33,"column":24},"end":{"line":66,"column":25}},"49":{"start":{"line":35,"column":32},"end":{"line":38,"column":33}},"50":{"start":{"line":36,"column":36},"end":{"line":36,"column":54}},"51":{"start":{"line":37,"column":36},"end":{"line":37,"column":42}},"52":{"start":{"line":40,"column":32},"end":{"line":43,"column":33}},"53":{"start":{"line":41,"column":36},"end":{"line":41,"column":54}},"54":{"start":{"line":42,"column":36},"end":{"line":42,"column":42}},"55":{"start":{"line":45,"column":32},"end":{"line":45,"column":69}},"56":{"start":{"line":48,"column":32},"end":{"line":51,"column":33}},"57":{"start":{"line":49,"column":36},"end":{"line":49,"column":54}},"58":{"start":{"line":50,"column":36},"end":{"line":50,"column":42}},"59":{"start":{"line":53,"column":32},"end":{"line":53,"column":100}},"60":{"start":{"line":56,"column":32},"end":{"line":59,"column":33}},"61":{"start":{"line":57,"column":36},"end":{"line":57,"column":54}},"62":{"start":{"line":58,"column":36},"end":{"line":58,"column":42}},"63":{"start":{"line":61,"column":32},"end":{"line":61,"column":100}},"64":{"start":{"line":65,"column":32},"end":{"line":65,"column":55}},"65":{"start":{"line":71,"column":12},"end":{"line":73,"column":13}},"66":{"start":{"line":72,"column":16},"end":{"line":72,"column":52}},"67":{"start":{"line":75,"column":12},"end":{"line":75,"column":33}},"68":{"start":{"line":79,"column":4},"end":{"line":79,"column":17}},"69":{"start":{"line":82,"column":0},"end":{"line":82,"column":24}}},"branchMap":{"1":{"line":7,"type":"binary-expr","locations":[{"start":{"line":7,"column":168},"end":{"line":7,"column":189}},{"start":{"line":7,"column":193},"end":{"line":7,"column":198}}]},"2":{"line":7,"type":"if","locations":[{"start":{"line":7,"column":232},"end":{"line":7,"column":232}},{"start":{"line":7,"column":232},"end":{"line":7,"column":232}}]},"3":{"line":7,"type":"if","locations":[{"start":{"line":7,"column":407},"end":{"line":7,"column":407}},{"start":{"line":7,"column":407},"end":{"line":7,"column":407}}]},"4":{"line":7,"type":"if","locations":[{"start":{"line":7,"column":476},"end":{"line":7,"column":476}},{"start":{"line":7,"column":476},"end":{"line":7,"column":476}}]},"5":{"line":9,"type":"if","locations":[{"start":{"line":9,"column":264},"end":{"line":9,"column":264}},{"start":{"line":9,"column":264},"end":{"line":9,"column":264}}]},"6":{"line":11,"type":"if","locations":[{"start":{"line":11,"column":50},"end":{"line":11,"column":50}},{"start":{"line":11,"column":50},"end":{"line":11,"column":50}}]},"7":{"line":33,"type":"switch","locations":[{"start":{"line":34,"column":28},"end":{"line":45,"column":69}},{"start":{"line":47,"column":28},"end":{"line":53,"column":100}},{"start":{"line":55,"column":28},"end":{"line":61,"column":100}},{"start":{"line":63,"column":28},"end":{"line":63,"column":35}},{"start":{"line":64,"column":28},"end":{"line":65,"column":55}}]},"8":{"line":35,"type":"if","locations":[{"start":{"line":35,"column":32},"end":{"line":35,"column":32}},{"start":{"line":35,"column":32},"end":{"line":35,"column":32}}]},"9":{"line":40,"type":"if","locations":[{"start":{"line":40,"column":32},"end":{"line":40,"column":32}},{"start":{"line":40,"column":32},"end":{"line":40,"column":32}}]},"10":{"line":48,"type":"if","locations":[{"start":{"line":48,"column":32},"end":{"line":48,"column":32}},{"start":{"line":48,"column":32},"end":{"line":48,"column":32}}]},"11":{"line":48,"type":"binary-expr","locations":[{"start":{"line":48,"column":38},"end":{"line":48,"column":81}},{"start":{"line":48,"column":85},"end":{"line":48,"column":126}}]},"12":{"line":56,"type":"if","locations":[{"start":{"line":56,"column":32},"end":{"line":56,"column":32}},{"start":{"line":56,"column":32},"end":{"line":56,"column":32}}]}}},"/Users/jaredjbarnes/Documents/data-modeling/lib/schema/types/Boolean.js":{"path":"/Users/jaredjbarnes/Documents/data-modeling/lib/schema/types/Boolean.js","s":{"1":1,"2":1,"3":0,"4":0,"5":0,"6":0,"7":0,"8":0,"9":1,"10":1,"11":1,"12":1,"13":1,"14":3,"15":3,"16":9,"17":0,"18":9,"19":0,"20":9,"21":3,"22":1,"23":3,"24":0,"25":1,"26":3,"27":0,"28":3,"29":1,"30":1,"31":0,"32":1,"33":1,"34":1,"35":1,"36":1,"37":1,"38":3,"39":3,"40":3,"41":1,"42":1},"b":{"1":[1,0],"2":[0,0],"3":[1,0],"4":[1,1],"5":[0,9],"6":[0,9],"7":[0,3],"8":[0,3],"9":[0,3],"10":[3,0,0],"11":[0,1],"12":[1,0],"13":[1,1],"14":[1,0],"15":[1,0],"16":[3,0]},"f":{"1":0,"2":1,"3":3,"4":3,"5":3,"6":1,"7":1,"8":3},"fnMap":{"1":{"name":"(anonymous_1)","line":7,"loc":{"start":{"line":7,"column":32},"end":{"line":7,"column":50}}},"2":{"name":"_interopRequireDefault","line":13,"loc":{"start":{"line":13,"column":0},"end":{"line":13,"column":37}}},"3":{"name":"_objectWithoutProperties","line":15,"loc":{"start":{"line":15,"column":0},"end":{"line":15,"column":45}}},"4":{"name":"_classCallCheck","line":17,"loc":{"start":{"line":17,"column":0},"end":{"line":17,"column":48}}},"5":{"name":"_possibleConstructorReturn","line":19,"loc":{"start":{"line":19,"column":0},"end":{"line":19,"column":48}}},"6":{"name":"_inherits","line":21,"loc":{"start":{"line":21,"column":0},"end":{"line":21,"column":41}}},"7":{"name":"(anonymous_7)","line":23,"loc":{"start":{"line":23,"column":14},"end":{"line":23,"column":36}}},"8":{"name":"Boolean","line":26,"loc":{"start":{"line":26,"column":4},"end":{"line":26,"column":27}}}},"statementMap":{"1":{"start":{"line":3,"column":0},"end":{"line":5,"column":3}},"2":{"start":{"line":7,"column":0},"end":{"line":7,"column":257}},"3":{"start":{"line":7,"column":52},"end":{"line":7,"column":239}},"4":{"start":{"line":7,"column":97},"end":{"line":7,"column":123}},"5":{"start":{"line":7,"column":124},"end":{"line":7,"column":237}},"6":{"start":{"line":7,"column":150},"end":{"line":7,"column":235}},"7":{"start":{"line":7,"column":207},"end":{"line":7,"column":233}},"8":{"start":{"line":7,"column":240},"end":{"line":7,"column":254}},"9":{"start":{"line":9,"column":0},"end":{"line":9,"column":41}},"10":{"start":{"line":11,"column":0},"end":{"line":11,"column":54}},"11":{"start":{"line":13,"column":0},"end":{"line":13,"column":95}},"12":{"start":{"line":13,"column":39},"end":{"line":13,"column":93}},"13":{"start":{"line":15,"column":0},"end":{"line":15,"column":220}},"14":{"start":{"line":15,"column":47},"end":{"line":15,"column":63}},"15":{"start":{"line":15,"column":64},"end":{"line":15,"column":203}},"16":{"start":{"line":15,"column":85},"end":{"line":15,"column":120}},"17":{"start":{"line":15,"column":111},"end":{"line":15,"column":120}},"18":{"start":{"line":15,"column":121},"end":{"line":15,"column":181}},"19":{"start":{"line":15,"column":172},"end":{"line":15,"column":181}},"20":{"start":{"line":15,"column":182},"end":{"line":15,"column":201}},"21":{"start":{"line":15,"column":204},"end":{"line":15,"column":218}},"22":{"start":{"line":17,"column":0},"end":{"line":17,"column":153}},"23":{"start":{"line":17,"column":50},"end":{"line":17,"column":151}},"24":{"start":{"line":17,"column":92},"end":{"line":17,"column":149}},"25":{"start":{"line":19,"column":0},"end":{"line":19,"column":240}},"26":{"start":{"line":19,"column":50},"end":{"line":19,"column":151}},"27":{"start":{"line":19,"column":63},"end":{"line":19,"column":149}},"28":{"start":{"line":19,"column":152},"end":{"line":19,"column":238}},"29":{"start":{"line":21,"column":0},"end":{"line":21,"column":494}},"30":{"start":{"line":21,"column":43},"end":{"line":21,"column":208}},"31":{"start":{"line":21,"column":106},"end":{"line":21,"column":206}},"32":{"start":{"line":21,"column":209},"end":{"line":21,"column":373}},"33":{"start":{"line":21,"column":374},"end":{"line":21,"column":492}},"34":{"start":{"line":21,"column":390},"end":{"line":21,"column":492}},"35":{"start":{"line":23,"column":0},"end":{"line":35,"column":23}},"36":{"start":{"line":24,"column":4},"end":{"line":24,"column":35}},"37":{"start":{"line":26,"column":4},"end":{"line":32,"column":5}},"38":{"start":{"line":27,"column":8},"end":{"line":27,"column":54}},"39":{"start":{"line":29,"column":8},"end":{"line":29,"column":39}},"40":{"start":{"line":31,"column":8},"end":{"line":31,"column":151}},"41":{"start":{"line":34,"column":4},"end":{"line":34,"column":19}},"42":{"start":{"line":37,"column":0},"end":{"line":37,"column":26}}},"branchMap":{"1":{"line":7,"type":"binary-expr","locations":[{"start":{"line":7,"column":15},"end":{"line":7,"column":28}},{"start":{"line":7,"column":32},"end":{"line":7,"column":256}}]},"2":{"line":7,"type":"if","locations":[{"start":{"line":7,"column":150},"end":{"line":7,"column":150}},{"start":{"line":7,"column":150},"end":{"line":7,"column":150}}]},"3":{"line":13,"type":"cond-expr","locations":[{"start":{"line":13,"column":70},"end":{"line":13,"column":73}},{"start":{"line":13,"column":76},"end":{"line":13,"column":92}}]},"4":{"line":13,"type":"binary-expr","locations":[{"start":{"line":13,"column":46},"end":{"line":13,"column":49}},{"start":{"line":13,"column":53},"end":{"line":13,"column":67}}]},"5":{"line":15,"type":"if","locations":[{"start":{"line":15,"column":85},"end":{"line":15,"column":85}},{"start":{"line":15,"column":85},"end":{"line":15,"column":85}}]},"6":{"line":15,"type":"if","locations":[{"start":{"line":15,"column":121},"end":{"line":15,"column":121}},{"start":{"line":15,"column":121},"end":{"line":15,"column":121}}]},"7":{"line":17,"type":"if","locations":[{"start":{"line":17,"column":50},"end":{"line":17,"column":50}},{"start":{"line":17,"column":50},"end":{"line":17,"column":50}}]},"8":{"line":19,"type":"if","locations":[{"start":{"line":19,"column":50},"end":{"line":19,"column":50}},{"start":{"line":19,"column":50},"end":{"line":19,"column":50}}]},"9":{"line":19,"type":"cond-expr","locations":[{"start":{"line":19,"column":226},"end":{"line":19,"column":230}},{"start":{"line":19,"column":233},"end":{"line":19,"column":237}}]},"10":{"line":19,"type":"binary-expr","locations":[{"start":{"line":19,"column":159},"end":{"line":19,"column":163}},{"start":{"line":19,"column":168},"end":{"line":19,"column":192}},{"start":{"line":19,"column":196},"end":{"line":19,"column":222}}]},"11":{"line":21,"type":"if","locations":[{"start":{"line":21,"column":43},"end":{"line":21,"column":43}},{"start":{"line":21,"column":43},"end":{"line":21,"column":43}}]},"12":{"line":21,"type":"binary-expr","locations":[{"start":{"line":21,"column":47},"end":{"line":21,"column":79}},{"start":{"line":21,"column":83},"end":{"line":21,"column":102}}]},"13":{"line":21,"type":"binary-expr","locations":[{"start":{"line":21,"column":244},"end":{"line":21,"column":254}},{"start":{"line":21,"column":258},"end":{"line":21,"column":278}}]},"14":{"line":21,"type":"if","locations":[{"start":{"line":21,"column":374},"end":{"line":21,"column":374}},{"start":{"line":21,"column":374},"end":{"line":21,"column":374}}]},"15":{"line":21,"type":"cond-expr","locations":[{"start":{"line":21,"column":414},"end":{"line":21,"column":457}},{"start":{"line":21,"column":460},"end":{"line":21,"column":491}}]},"16":{"line":31,"type":"binary-expr","locations":[{"start":{"line":31,"column":49},"end":{"line":31,"column":66}},{"start":{"line":31,"column":70},"end":{"line":31,"column":100}}]}}},"/Users/jaredjbarnes/Documents/data-modeling/lib/schema/types/Primitive.js":{"path":"/Users/jaredjbarnes/Documents/data-modeling/lib/schema/types/Primitive.js","s":{"1":1,"2":1,"3":6,"4":0,"5":1,"6":1,"7":1,"8":1,"9":1,"10":1,"11":1,"12":1,"13":1,"14":1,"15":1,"16":1,"17":1,"18":0,"19":1,"20":1,"21":1,"22":6,"23":6,"24":1,"25":6,"26":6,"27":4,"28":2,"29":2,"30":4,"31":4,"32":0,"33":0,"34":0,"35":6,"36":1,"37":6,"38":0,"39":1,"40":1,"41":6,"42":6,"43":6,"44":6,"45":6,"46":1,"47":1,"48":6,"49":8,"50":12,"51":6,"52":4,"53":4,"54":2,"55":6,"56":1,"57":6,"58":1,"59":1,"60":1},"b":{"1":[1,0],"2":[1,1],"3":[0,0],"4":[0,0,0,0],"5":[1,1],"6":[1,0],"7":[1,0],"8":[0,1],"9":[4,0],"10":[0,6],"11":[4,2],"12":[6,4,6],"13":[4,2],"14":[6,6]},"f":{"1":6,"2":0,"3":1,"4":1,"5":1,"6":1,"7":6,"8":6,"9":6,"10":0,"11":0,"12":6,"13":1,"14":6,"15":1,"16":6,"17":8,"18":6},"fnMap":{"1":{"name":"(anonymous_1)","line":7,"loc":{"start":{"line":7,"column":84},"end":{"line":7,"column":99}}},"2":{"name":"(anonymous_2)","line":7,"loc":{"start":{"line":7,"column":124},"end":{"line":7,"column":139}}},"3":{"name":"(anonymous_3)","line":9,"loc":{"start":{"line":9,"column":19},"end":{"line":9,"column":31}}},"4":{"name":"defineProperties","line":9,"loc":{"start":{"line":9,"column":33},"end":{"line":9,"column":74}}},"5":{"name":"(anonymous_5)","line":9,"loc":{"start":{"line":9,"column":357},"end":{"line":9,"column":405}}},"6":{"name":"_asyncToGenerator","line":11,"loc":{"start":{"line":11,"column":0},"end":{"line":11,"column":31}}},"7":{"name":"(anonymous_7)","line":11,"loc":{"start":{"line":11,"column":40},"end":{"line":11,"column":52}}},"8":{"name":"(anonymous_8)","line":11,"loc":{"start":{"line":11,"column":110},"end":{"line":11,"column":137}}},"9":{"name":"step","line":11,"loc":{"start":{"line":11,"column":139},"end":{"line":11,"column":163}}},"10":{"name":"(anonymous_10)","line":11,"loc":{"start":{"line":11,"column":341},"end":{"line":11,"column":358}}},"11":{"name":"(anonymous_11)","line":11,"loc":{"start":{"line":11,"column":384},"end":{"line":11,"column":399}}},"12":{"name":"_classCallCheck","line":13,"loc":{"start":{"line":13,"column":0},"end":{"line":13,"column":48}}},"13":{"name":"(anonymous_13)","line":15,"loc":{"start":{"line":15,"column":16},"end":{"line":15,"column":28}}},"14":{"name":"Primitive","line":16,"loc":{"start":{"line":16,"column":4},"end":{"line":16,"column":29}}},"15":{"name":"(anonymous_15)","line":30,"loc":{"start":{"line":30,"column":15},"end":{"line":30,"column":27}}},"16":{"name":"_callee","line":31,"loc":{"start":{"line":31,"column":80},"end":{"line":31,"column":99}}},"17":{"name":"_callee$","line":32,"loc":{"start":{"line":32,"column":47},"end":{"line":32,"column":75}}},"18":{"name":"validateAsync","line":51,"loc":{"start":{"line":51,"column":12},"end":{"line":51,"column":37}}}},"statementMap":{"1":{"start":{"line":3,"column":0},"end":{"line":5,"column":3}},"2":{"start":{"line":7,"column":0},"end":{"line":7,"column":269}},"3":{"start":{"line":7,"column":101},"end":{"line":7,"column":119}},"4":{"start":{"line":7,"column":141},"end":{"line":7,"column":266}},"5":{"start":{"line":9,"column":0},"end":{"line":9,"column":564}},"6":{"start":{"line":9,"column":33},"end":{"line":9,"column":349}},"7":{"start":{"line":9,"column":76},"end":{"line":9,"column":347}},"8":{"start":{"line":9,"column":117},"end":{"line":9,"column":143}},"9":{"start":{"line":9,"column":144},"end":{"line":9,"column":199}},"10":{"start":{"line":9,"column":200},"end":{"line":9,"column":231}},"11":{"start":{"line":9,"column":232},"end":{"line":9,"column":286}},"12":{"start":{"line":9,"column":259},"end":{"line":9,"column":286}},"13":{"start":{"line":9,"column":287},"end":{"line":9,"column":345}},"14":{"start":{"line":9,"column":350},"end":{"line":9,"column":559}},"15":{"start":{"line":9,"column":407},"end":{"line":9,"column":475}},"16":{"start":{"line":9,"column":423},"end":{"line":9,"column":475}},"17":{"start":{"line":9,"column":476},"end":{"line":9,"column":536}},"18":{"start":{"line":9,"column":493},"end":{"line":9,"column":536}},"19":{"start":{"line":9,"column":537},"end":{"line":9,"column":556}},"20":{"start":{"line":11,"column":0},"end":{"line":11,"column":458}},"21":{"start":{"line":11,"column":33},"end":{"line":11,"column":456}},"22":{"start":{"line":11,"column":54},"end":{"line":11,"column":90}},"23":{"start":{"line":11,"column":91},"end":{"line":11,"column":453}},"24":{"start":{"line":11,"column":139},"end":{"line":11,"column":428}},"25":{"start":{"line":11,"column":165},"end":{"line":11,"column":263}},"26":{"start":{"line":11,"column":171},"end":{"line":11,"column":196}},"27":{"start":{"line":11,"column":197},"end":{"line":11,"column":220}},"28":{"start":{"line":11,"column":239},"end":{"line":11,"column":253}},"29":{"start":{"line":11,"column":254},"end":{"line":11,"column":261}},"30":{"start":{"line":11,"column":264},"end":{"line":11,"column":426}},"31":{"start":{"line":11,"column":281},"end":{"line":11,"column":296}},"32":{"start":{"line":11,"column":306},"end":{"line":11,"column":424}},"33":{"start":{"line":11,"column":360},"end":{"line":11,"column":380}},"34":{"start":{"line":11,"column":401},"end":{"line":11,"column":420}},"35":{"start":{"line":11,"column":429},"end":{"line":11,"column":449}},"36":{"start":{"line":13,"column":0},"end":{"line":13,"column":153}},"37":{"start":{"line":13,"column":50},"end":{"line":13,"column":151}},"38":{"start":{"line":13,"column":92},"end":{"line":13,"column":149}},"39":{"start":{"line":15,"column":0},"end":{"line":60,"column":4}},"40":{"start":{"line":16,"column":4},"end":{"line":26,"column":5}},"41":{"start":{"line":17,"column":8},"end":{"line":19,"column":31}},"42":{"start":{"line":21,"column":8},"end":{"line":21,"column":41}},"43":{"start":{"line":23,"column":8},"end":{"line":23,"column":25}},"44":{"start":{"line":24,"column":8},"end":{"line":24,"column":77}},"45":{"start":{"line":25,"column":8},"end":{"line":25,"column":27}},"46":{"start":{"line":28,"column":4},"end":{"line":57,"column":8}},"47":{"start":{"line":31,"column":12},"end":{"line":49,"column":16}},"48":{"start":{"line":32,"column":16},"end":{"line":48,"column":34}},"49":{"start":{"line":33,"column":20},"end":{"line":47,"column":21}},"50":{"start":{"line":34,"column":24},"end":{"line":46,"column":25}},"51":{"start":{"line":36,"column":32},"end":{"line":39,"column":33}},"52":{"start":{"line":37,"column":36},"end":{"line":37,"column":54}},"53":{"start":{"line":38,"column":36},"end":{"line":38,"column":42}},"54":{"start":{"line":41,"column":32},"end":{"line":41,"column":81}},"55":{"start":{"line":45,"column":32},"end":{"line":45,"column":55}},"56":{"start":{"line":51,"column":12},"end":{"line":53,"column":13}},"57":{"start":{"line":52,"column":16},"end":{"line":52,"column":52}},"58":{"start":{"line":55,"column":12},"end":{"line":55,"column":33}},"59":{"start":{"line":59,"column":4},"end":{"line":59,"column":21}},"60":{"start":{"line":62,"column":0},"end":{"line":62,"column":28}}},"branchMap":{"1":{"line":7,"type":"cond-expr","locations":[{"start":{"line":7,"column":84},"end":{"line":7,"column":121}},{"start":{"line":7,"column":124},"end":{"line":7,"column":268}}]},"2":{"line":7,"type":"binary-expr","locations":[{"start":{"line":7,"column":14},"end":{"line":7,"column":42}},{"start":{"line":7,"column":46},"end":{"line":7,"column":81}}]},"3":{"line":7,"type":"cond-expr","locations":[{"start":{"line":7,"column":244},"end":{"line":7,"column":252}},{"start":{"line":7,"column":255},"end":{"line":7,"column":265}}]},"4":{"line":7,"type":"binary-expr","locations":[{"start":{"line":7,"column":148},"end":{"line":7,"column":151}},{"start":{"line":7,"column":155},"end":{"line":7,"column":183}},{"start":{"line":7,"column":187},"end":{"line":7,"column":213}},{"start":{"line":7,"column":217},"end":{"line":7,"column":241}}]},"5":{"line":9,"type":"binary-expr","locations":[{"start":{"line":9,"column":168},"end":{"line":9,"column":189}},{"start":{"line":9,"column":193},"end":{"line":9,"column":198}}]},"6":{"line":9,"type":"if","locations":[{"start":{"line":9,"column":232},"end":{"line":9,"column":232}},{"start":{"line":9,"column":232},"end":{"line":9,"column":232}}]},"7":{"line":9,"type":"if","locations":[{"start":{"line":9,"column":407},"end":{"line":9,"column":407}},{"start":{"line":9,"column":407},"end":{"line":9,"column":407}}]},"8":{"line":9,"type":"if","locations":[{"start":{"line":9,"column":476},"end":{"line":9,"column":476}},{"start":{"line":9,"column":476},"end":{"line":9,"column":476}}]},"9":{"line":11,"type":"if","locations":[{"start":{"line":11,"column":264},"end":{"line":11,"column":264}},{"start":{"line":11,"column":264},"end":{"line":11,"column":264}}]},"10":{"line":13,"type":"if","locations":[{"start":{"line":13,"column":50},"end":{"line":13,"column":50}},{"start":{"line":13,"column":50},"end":{"line":13,"column":50}}]},"11":{"line":24,"type":"cond-expr","locations":[{"start":{"line":24,"column":51},"end":{"line":24,"column":67}},{"start":{"line":24,"column":70},"end":{"line":24,"column":76}}]},"12":{"line":34,"type":"switch","locations":[{"start":{"line":35,"column":28},"end":{"line":41,"column":81}},{"start":{"line":43,"column":28},"end":{"line":43,"column":35}},{"start":{"line":44,"column":28},"end":{"line":45,"column":55}}]},"13":{"line":36,"type":"if","locations":[{"start":{"line":36,"column":32},"end":{"line":36,"column":32}},{"start":{"line":36,"column":32},"end":{"line":36,"column":32}}]},"14":{"line":36,"type":"binary-expr","locations":[{"start":{"line":36,"column":38},"end":{"line":36,"column":68}},{"start":{"line":36,"column":72},"end":{"line":36,"column":105}}]}}},"/Users/jaredjbarnes/Documents/data-modeling/lib/schema/types/Class.js":{"path":"/Users/jaredjbarnes/Documents/data-modeling/lib/schema/types/Class.js","s":{"1":1,"2":1,"3":0,"4":0,"5":1,"6":1,"7":1,"8":7,"9":7,"10":7,"11":7,"12":7,"13":7,"14":1,"15":1,"16":1,"17":1,"18":0,"19":1,"20":1,"21":1,"22":1,"23":1,"24":1,"25":1,"26":1,"27":1,"28":1,"29":1,"30":1,"31":1,"32":1,"33":1,"34":1,"35":1,"36":1,"37":1,"38":1,"39":9,"40":1,"41":3,"42":0,"43":0,"44":1,"45":0,"46":0,"47":0,"48":0,"49":0,"50":0,"51":0,"52":0,"53":0,"54":0,"55":0,"56":1,"57":0,"58":0,"59":1,"60":1,"61":1,"62":0,"63":0,"64":0,"65":0,"66":0,"67":0,"68":1,"69":0,"70":0,"71":0,"72":0,"73":0,"74":0,"75":1,"76":0,"77":0,"78":0,"79":0,"80":0,"81":0,"82":0,"83":0,"84":0,"85":0,"86":0,"87":0,"88":0,"89":0,"90":0,"91":0,"92":0,"93":0,"94":0,"95":0,"96":0,"97":0,"98":0,"99":0,"100":0,"101":0,"102":0,"103":0,"104":0,"105":0,"106":0,"107":0,"108":0,"109":0,"110":0,"111":0,"112":0,"113":0,"114":0,"115":0,"116":0,"117":0,"118":0,"119":0,"120":0,"121":0,"122":0,"123":0,"124":0,"125":0,"126":0,"127":0,"128":0,"129":0,"130":0,"131":0,"132":0,"133":0,"134":0,"135":0,"136":0,"137":0,"138":0,"139":0,"140":0,"141":0,"142":0,"143":0,"144":0,"145":0,"146":0,"147":0,"148":0,"149":0,"150":0,"151":0,"152":0,"153":0,"154":0,"155":0,"156":0,"157":0,"158":0,"159":1,"160":0,"161":1,"162":1,"163":0,"164":0,"165":0,"166":0,"167":0,"168":0,"169":0,"170":0,"171":0,"172":0,"173":0,"174":0,"175":0,"176":0,"177":0,"178":0,"179":0,"180":0,"181":0,"182":0,"183":0,"184":0,"185":0,"186":0,"187":0,"188":0,"189":0,"190":0,"191":0,"192":0,"193":0,"194":0,"195":0,"196":0,"197":0,"198":0,"199":0,"200":0,"201":0,"202":0,"203":0,"204":1,"205":0,"206":1,"207":0,"208":0,"209":0,"210":0,"211":0,"212":0,"213":0,"214":0,"215":0,"216":0,"217":0,"218":0,"219":0,"220":0,"221":0,"222":0,"223":0,"224":0,"225":0,"226":0,"227":0,"228":0,"229":0,"230":0,"231":1,"232":0,"233":0,"234":0,"235":0,"236":0,"237":0,"238":0,"239":0,"240":0,"241":0,"242":0,"243":0,"244":0,"245":0,"246":0,"247":0,"248":0,"249":0,"250":0,"251":0,"252":0,"253":0,"254":0,"255":0,"256":0,"257":0,"258":0,"259":0,"260":0,"261":0,"262":0,"263":0,"264":0,"265":0,"266":0,"267":0,"268":0,"269":0,"270":0,"271":0,"272":0,"273":0,"274":0,"275":0,"276":0,"277":0,"278":0,"279":0,"280":0,"281":0,"282":0,"283":0,"284":0,"285":0,"286":0,"287":0,"288":0,"289":0,"290":0,"291":0,"292":0,"293":0,"294":0,"295":0,"296":0,"297":0,"298":0,"299":0,"300":0,"301":0,"302":0,"303":0,"304":0,"305":0,"306":0,"307":0,"308":0,"309":0,"310":0,"311":0,"312":0,"313":0,"314":0,"315":0,"316":1,"317":0,"318":1,"319":1,"320":1},"b":{"1":[1,0],"2":[1,1],"3":[0,0],"4":[0,0,0,0],"5":[7,7],"6":[7,0],"7":[1,0],"8":[0,1],"9":[9,0],"10":[9,9],"11":[0,0],"12":[0,0],"13":[0,0],"14":[0,0],"15":[0,0],"16":[0,0,0],"17":[0,0],"18":[0,0,0,0,0,0,0,0,0,0,0,0,0,0,0,0,0,0,0,0,0,0],"19":[0,0],"20":[0,0],"21":[0,0],"22":[0,0],"23":[0,0],"24":[0,0],"25":[0,0],"26":[0,0],"27":[0,0],"28":[0,0,0,0,0,0,0,0,0,0,0,0],"29":[0,0],"30":[0,0],"31":[0,0],"32":[0,0],"33":[0,0],"34":[0,0],"35":[0,0],"36":[0,0,0,0],"37":[0,0],"38":[0,0],"39":[0,0],"40":[0,0],"41":[0,0],"42":[0,0],"43":[0,0],"44":[0,0],"45":[0,0],"46":[0,0],"47":[0,0],"48":[0,0],"49":[0,0],"50":[0,0,0,0,0,0,0,0,0,0,0,0,0,0,0,0,0,0,0,0,0,0],"51":[0,0],"52":[0,0],"53":[0,0],"54":[0,0],"55":[0,0],"56":[0,0],"57":[0,0],"58":[0,0],"59":[0,0],"60":[0,0]},"f":{"1":0,"2":0,"3":1,"4":1,"5":1,"6":9,"7":3,"8":0,"9":0,"10":0,"11":0,"12":0,"13":0,"14":1,"15":0,"16":0,"17":1,"18":0,"19":0,"20":0,"21":0,"22":1,"23":0,"24":0,"25":0,"26":0,"27":0,"28":0,"29":1,"30":0,"31":0,"32":0,"33":0},"fnMap":{"1":{"name":"(anonymous_1)","line":7,"loc":{"start":{"line":7,"column":84},"end":{"line":7,"column":99}}},"2":{"name":"(anonymous_2)","line":7,"loc":{"start":{"line":7,"column":124},"end":{"line":7,"column":139}}},"3":{"name":"(anonymous_3)","line":9,"loc":{"start":{"line":9,"column":19},"end":{"line":9,"column":31}}},"4":{"name":"defineProperties","line":9,"loc":{"start":{"line":9,"column":33},"end":{"line":9,"column":74}}},"5":{"name":"(anonymous_5)","line":9,"loc":{"start":{"line":9,"column":357},"end":{"line":9,"column":405}}},"6":{"name":"_interopRequireDefault","line":47,"loc":{"start":{"line":47,"column":0},"end":{"line":47,"column":37}}},"7":{"name":"_asyncToGenerator","line":49,"loc":{"start":{"line":49,"column":0},"end":{"line":49,"column":31}}},"8":{"name":"(anonymous_8)","line":49,"loc":{"start":{"line":49,"column":40},"end":{"line":49,"column":52}}},"9":{"name":"(anonymous_9)","line":49,"loc":{"start":{"line":49,"column":110},"end":{"line":49,"column":137}}},"10":{"name":"step","line":49,"loc":{"start":{"line":49,"column":139},"end":{"line":49,"column":163}}},"11":{"name":"(anonymous_11)","line":49,"loc":{"start":{"line":49,"column":341},"end":{"line":49,"column":358}}},"12":{"name":"(anonymous_12)","line":49,"loc":{"start":{"line":49,"column":384},"end":{"line":49,"column":399}}},"13":{"name":"_classCallCheck","line":51,"loc":{"start":{"line":51,"column":0},"end":{"line":51,"column":48}}},"14":{"name":"(anonymous_14)","line":66,"loc":{"start":{"line":66,"column":12},"end":{"line":66,"column":24}}},"15":{"name":"Class","line":67,"loc":{"start":{"line":67,"column":4},"end":{"line":67,"column":25}}},"16":{"name":"assertDecorator","line":82,"loc":{"start":{"line":82,"column":15},"end":{"line":82,"column":51}}},"17":{"name":"(anonymous_17)","line":97,"loc":{"start":{"line":97,"column":15},"end":{"line":97,"column":27}}},"18":{"name":"_callee","line":98,"loc":{"start":{"line":98,"column":80},"end":{"line":98,"column":107}}},"19":{"name":"_callee$","line":103,"loc":{"start":{"line":103,"column":47},"end":{"line":103,"column":75}}},"20":{"name":"(anonymous_20)","line":117,"loc":{"start":{"line":117,"column":60},"end":{"line":117,"column":81}}},"21":{"name":"assertPropertyAsync","line":260,"loc":{"start":{"line":260,"column":12},"end":{"line":260,"column":45}}},"22":{"name":"(anonymous_22)","line":268,"loc":{"start":{"line":268,"column":15},"end":{"line":268,"column":27}}},"23":{"name":"_callee2","line":269,"loc":{"start":{"line":269,"column":80},"end":{"line":269,"column":100}}},"24":{"name":"_callee2$","line":272,"loc":{"start":{"line":272,"column":47},"end":{"line":272,"column":77}}},"25":{"name":"assertPropertiesAsync","line":349,"loc":{"start":{"line":349,"column":12},"end":{"line":349,"column":45}}},"26":{"name":"assertPropertySchema","line":357,"loc":{"start":{"line":357,"column":15},"end":{"line":357,"column":55}}},"27":{"name":"assertSchema","line":376,"loc":{"start":{"line":376,"column":15},"end":{"line":376,"column":39}}},"28":{"name":"getValidatorBySchema","line":401,"loc":{"start":{"line":401,"column":15},"end":{"line":401,"column":53}}},"29":{"name":"(anonymous_29)","line":412,"loc":{"start":{"line":412,"column":15},"end":{"line":412,"column":27}}},"30":{"name":"_callee3","line":413,"loc":{"start":{"line":413,"column":80},"end":{"line":413,"column":100}}},"31":{"name":"_callee3$","line":418,"loc":{"start":{"line":418,"column":47},"end":{"line":418,"column":77}}},"32":{"name":"(anonymous_32)","line":442,"loc":{"start":{"line":442,"column":58},"end":{"line":442,"column":79}}},"33":{"name":"validateAsync","line":573,"loc":{"start":{"line":573,"column":12},"end":{"line":573,"column":37}}}},"statementMap":{"1":{"start":{"line":3,"column":0},"end":{"line":5,"column":3}},"2":{"start":{"line":7,"column":0},"end":{"line":7,"column":269}},"3":{"start":{"line":7,"column":101},"end":{"line":7,"column":119}},"4":{"start":{"line":7,"column":141},"end":{"line":7,"column":266}},"5":{"start":{"line":9,"column":0},"end":{"line":9,"column":564}},"6":{"start":{"line":9,"column":33},"end":{"line":9,"column":349}},"7":{"start":{"line":9,"column":76},"end":{"line":9,"column":347}},"8":{"start":{"line":9,"column":117},"end":{"line":9,"column":143}},"9":{"start":{"line":9,"column":144},"end":{"line":9,"column":199}},"10":{"start":{"line":9,"column":200},"end":{"line":9,"column":231}},"11":{"start":{"line":9,"column":232},"end":{"line":9,"column":286}},"12":{"start":{"line":9,"column":259},"end":{"line":9,"column":286}},"13":{"start":{"line":9,"column":287},"end":{"line":9,"column":345}},"14":{"start":{"line":9,"column":350},"end":{"line":9,"column":559}},"15":{"start":{"line":9,"column":407},"end":{"line":9,"column":475}},"16":{"start":{"line":9,"column":423},"end":{"line":9,"column":475}},"17":{"start":{"line":9,"column":476},"end":{"line":9,"column":536}},"18":{"start":{"line":9,"column":493},"end":{"line":9,"column":536}},"19":{"start":{"line":9,"column":537},"end":{"line":9,"column":556}},"20":{"start":{"line":11,"column":0},"end":{"line":11,"column":28}},"21":{"start":{"line":13,"column":0},"end":{"line":13,"column":41}},"22":{"start":{"line":15,"column":0},"end":{"line":15,"column":32}},"23":{"start":{"line":17,"column":0},"end":{"line":17,"column":45}},"24":{"start":{"line":19,"column":0},"end":{"line":19,"column":36}},"25":{"start":{"line":21,"column":0},"end":{"line":21,"column":49}},"26":{"start":{"line":23,"column":0},"end":{"line":23,"column":30}},"27":{"start":{"line":25,"column":0},"end":{"line":25,"column":43}},"28":{"start":{"line":27,"column":0},"end":{"line":27,"column":30}},"29":{"start":{"line":29,"column":0},"end":{"line":29,"column":43}},"30":{"start":{"line":31,"column":0},"end":{"line":31,"column":34}},"31":{"start":{"line":33,"column":0},"end":{"line":33,"column":47}},"32":{"start":{"line":35,"column":0},"end":{"line":35,"column":40}},"33":{"start":{"line":37,"column":0},"end":{"line":37,"column":53}},"34":{"start":{"line":39,"column":0},"end":{"line":39,"column":34}},"35":{"start":{"line":41,"column":0},"end":{"line":41,"column":47}},"36":{"start":{"line":43,"column":0},"end":{"line":43,"column":32}},"37":{"start":{"line":45,"column":0},"end":{"line":45,"column":45}},"38":{"start":{"line":47,"column":0},"end":{"line":47,"column":95}},"39":{"start":{"line":47,"column":39},"end":{"line":47,"column":93}},"40":{"start":{"line":49,"column":0},"end":{"line":49,"column":458}},"41":{"start":{"line":49,"column":33},"end":{"line":49,"column":456}},"42":{"start":{"line":49,"column":54},"end":{"line":49,"column":90}},"43":{"start":{"line":49,"column":91},"end":{"line":49,"column":453}},"44":{"start":{"line":49,"column":139},"end":{"line":49,"column":428}},"45":{"start":{"line":49,"column":165},"end":{"line":49,"column":263}},"46":{"start":{"line":49,"column":171},"end":{"line":49,"column":196}},"47":{"start":{"line":49,"column":197},"end":{"line":49,"column":220}},"48":{"start":{"line":49,"column":239},"end":{"line":49,"column":253}},"49":{"start":{"line":49,"column":254},"end":{"line":49,"column":261}},"50":{"start":{"line":49,"column":264},"end":{"line":49,"column":426}},"51":{"start":{"line":49,"column":281},"end":{"line":49,"column":296}},"52":{"start":{"line":49,"column":306},"end":{"line":49,"column":424}},"53":{"start":{"line":49,"column":360},"end":{"line":49,"column":380}},"54":{"start":{"line":49,"column":401},"end":{"line":49,"column":420}},"55":{"start":{"line":49,"column":429},"end":{"line":49,"column":449}},"56":{"start":{"line":51,"column":0},"end":{"line":51,"column":153}},"57":{"start":{"line":51,"column":50},"end":{"line":51,"column":151}},"58":{"start":{"line":51,"column":92},"end":{"line":51,"column":149}},"59":{"start":{"line":53,"column":0},"end":{"line":64,"column":2}},"60":{"start":{"line":66,"column":0},"end":{"line":582,"column":4}},"61":{"start":{"line":67,"column":4},"end":{"line":78,"column":5}},"62":{"start":{"line":68,"column":8},"end":{"line":70,"column":31}},"63":{"start":{"line":72,"column":8},"end":{"line":72,"column":37}},"64":{"start":{"line":74,"column":8},"end":{"line":74,"column":28}},"65":{"start":{"line":75,"column":8},"end":{"line":75,"column":39}},"66":{"start":{"line":76,"column":8},"end":{"line":76,"column":29}},"67":{"start":{"line":77,"column":8},"end":{"line":77,"column":27}},"68":{"start":{"line":80,"column":4},"end":{"line":579,"column":8}},"69":{"start":{"line":83,"column":12},"end":{"line":85,"column":13}},"70":{"start":{"line":84,"column":16},"end":{"line":84,"column":75}},"71":{"start":{"line":87,"column":12},"end":{"line":89,"column":13}},"72":{"start":{"line":88,"column":16},"end":{"line":88,"column":90}},"73":{"start":{"line":91,"column":12},"end":{"line":93,"column":13}},"74":{"start":{"line":92,"column":16},"end":{"line":92,"column":93}},"75":{"start":{"line":98,"column":12},"end":{"line":258,"column":16}},"76":{"start":{"line":99,"column":16},"end":{"line":99,"column":33}},"77":{"start":{"line":101,"column":16},"end":{"line":101,"column":302}},"78":{"start":{"line":103,"column":16},"end":{"line":257,"column":101}},"79":{"start":{"line":104,"column":20},"end":{"line":256,"column":21}},"80":{"start":{"line":105,"column":24},"end":{"line":255,"column":25}},"81":{"start":{"line":107,"column":32},"end":{"line":107,"column":48}},"82":{"start":{"line":110,"column":32},"end":{"line":110,"column":68}},"83":{"start":{"line":112,"column":32},"end":{"line":115,"column":33}},"84":{"start":{"line":113,"column":36},"end":{"line":113,"column":55}},"85":{"start":{"line":114,"column":36},"end":{"line":114,"column":42}},"86":{"start":{"line":117,"column":32},"end":{"line":119,"column":35}},"87":{"start":{"line":118,"column":36},"end":{"line":118,"column":69}},"88":{"start":{"line":121,"column":32},"end":{"line":121,"column":65}},"89":{"start":{"line":122,"column":32},"end":{"line":122,"column":58}},"90":{"start":{"line":123,"column":32},"end":{"line":123,"column":59}},"91":{"start":{"line":124,"column":32},"end":{"line":124,"column":50}},"92":{"start":{"line":125,"column":32},"end":{"line":125,"column":83}},"93":{"start":{"line":128,"column":32},"end":{"line":131,"column":33}},"94":{"start":{"line":129,"column":36},"end":{"line":129,"column":55}},"95":{"start":{"line":130,"column":36},"end":{"line":130,"column":42}},"96":{"start":{"line":133,"column":32},"end":{"line":133,"column":67}},"97":{"start":{"line":134,"column":32},"end":{"line":134,"column":51}},"98":{"start":{"line":135,"column":32},"end":{"line":135,"column":96}},"99":{"start":{"line":138,"column":32},"end":{"line":138,"column":58}},"100":{"start":{"line":140,"column":32},"end":{"line":140,"column":59}},"101":{"start":{"line":143,"column":32},"end":{"line":143,"column":65}},"102":{"start":{"line":144,"column":32},"end":{"line":144,"column":50}},"103":{"start":{"line":145,"column":32},"end":{"line":145,"column":38}},"104":{"start":{"line":148,"column":32},"end":{"line":148,"column":51}},"105":{"start":{"line":149,"column":32},"end":{"line":149,"column":38}},"106":{"start":{"line":152,"column":32},"end":{"line":152,"column":51}},"107":{"start":{"line":153,"column":32},"end":{"line":153,"column":67}},"108":{"start":{"line":154,"column":32},"end":{"line":154,"column":57}},"109":{"start":{"line":155,"column":32},"end":{"line":155,"column":61}},"110":{"start":{"line":158,"column":32},"end":{"line":158,"column":51}},"111":{"start":{"line":159,"column":32},"end":{"line":159,"column":51}},"112":{"start":{"line":161,"column":32},"end":{"line":163,"column":33}},"113":{"start":{"line":162,"column":36},"end":{"line":162,"column":55}},"114":{"start":{"line":166,"column":32},"end":{"line":166,"column":51}},"115":{"start":{"line":168,"column":32},"end":{"line":171,"column":33}},"116":{"start":{"line":169,"column":36},"end":{"line":169,"column":55}},"117":{"start":{"line":170,"column":36},"end":{"line":170,"column":42}},"118":{"start":{"line":173,"column":32},"end":{"line":173,"column":53}},"119":{"start":{"line":176,"column":32},"end":{"line":176,"column":59}},"120":{"start":{"line":179,"column":32},"end":{"line":179,"column":59}},"121":{"start":{"line":182,"column":32},"end":{"line":182,"column":64}},"122":{"start":{"line":183,"column":32},"end":{"line":183,"column":74}},"123":{"start":{"line":184,"column":32},"end":{"line":184,"column":86}},"124":{"start":{"line":185,"column":32},"end":{"line":189,"column":35}},"125":{"start":{"line":190,"column":32},"end":{"line":190,"column":51}},"126":{"start":{"line":191,"column":32},"end":{"line":191,"column":73}},"127":{"start":{"line":194,"column":32},"end":{"line":194,"column":66}},"128":{"start":{"line":195,"column":32},"end":{"line":195,"column":59}},"129":{"start":{"line":196,"column":32},"end":{"line":196,"column":60}},"130":{"start":{"line":197,"column":32},"end":{"line":197,"column":51}},"131":{"start":{"line":198,"column":32},"end":{"line":198,"column":75}},"132":{"start":{"line":201,"column":32},"end":{"line":204,"column":33}},"133":{"start":{"line":202,"column":36},"end":{"line":202,"column":55}},"134":{"start":{"line":203,"column":36},"end":{"line":203,"column":42}},"135":{"start":{"line":206,"column":32},"end":{"line":206,"column":58}},"136":{"start":{"line":207,"column":32},"end":{"line":207,"column":51}},"137":{"start":{"line":208,"column":32},"end":{"line":211,"column":35}},"138":{"start":{"line":214,"column":32},"end":{"line":214,"column":66}},"139":{"start":{"line":215,"column":32},"end":{"line":215,"column":51}},"140":{"start":{"line":216,"column":32},"end":{"line":216,"column":38}},"141":{"start":{"line":219,"column":32},"end":{"line":219,"column":51}},"142":{"start":{"line":220,"column":32},"end":{"line":220,"column":38}},"143":{"start":{"line":223,"column":32},"end":{"line":223,"column":51}},"144":{"start":{"line":224,"column":32},"end":{"line":224,"column":68}},"145":{"start":{"line":225,"column":32},"end":{"line":225,"column":58}},"146":{"start":{"line":226,"column":32},"end":{"line":226,"column":62}},"147":{"start":{"line":229,"column":32},"end":{"line":229,"column":51}},"148":{"start":{"line":230,"column":32},"end":{"line":230,"column":51}},"149":{"start":{"line":232,"column":32},"end":{"line":234,"column":33}},"150":{"start":{"line":233,"column":36},"end":{"line":233,"column":56}},"151":{"start":{"line":237,"column":32},"end":{"line":237,"column":51}},"152":{"start":{"line":239,"column":32},"end":{"line":242,"column":33}},"153":{"start":{"line":240,"column":36},"end":{"line":240,"column":55}},"154":{"start":{"line":241,"column":36},"end":{"line":241,"column":42}},"155":{"start":{"line":244,"column":32},"end":{"line":244,"column":54}},"156":{"start":{"line":247,"column":32},"end":{"line":247,"column":59}},"157":{"start":{"line":250,"column":32},"end":{"line":250,"column":59}},"158":{"start":{"line":254,"column":32},"end":{"line":254,"column":55}},"159":{"start":{"line":260,"column":12},"end":{"line":262,"column":13}},"160":{"start":{"line":261,"column":16},"end":{"line":261,"column":52}},"161":{"start":{"line":264,"column":12},"end":{"line":264,"column":39}},"162":{"start":{"line":269,"column":12},"end":{"line":347,"column":16}},"163":{"start":{"line":270,"column":16},"end":{"line":270,"column":123}},"164":{"start":{"line":272,"column":16},"end":{"line":346,"column":69}},"165":{"start":{"line":273,"column":20},"end":{"line":345,"column":21}},"166":{"start":{"line":274,"column":24},"end":{"line":344,"column":25}},"167":{"start":{"line":276,"column":32},"end":{"line":276,"column":53}},"168":{"start":{"line":278,"column":32},"end":{"line":281,"column":33}},"169":{"start":{"line":279,"column":36},"end":{"line":279,"column":55}},"170":{"start":{"line":280,"column":36},"end":{"line":280,"column":42}},"171":{"start":{"line":283,"column":32},"end":{"line":283,"column":91}},"172":{"start":{"line":286,"column":32},"end":{"line":286,"column":66}},"173":{"start":{"line":287,"column":32},"end":{"line":287,"column":59}},"174":{"start":{"line":288,"column":32},"end":{"line":288,"column":60}},"175":{"start":{"line":289,"column":32},"end":{"line":289,"column":51}},"176":{"start":{"line":290,"column":32},"end":{"line":290,"column":82}},"177":{"start":{"line":293,"column":32},"end":{"line":296,"column":33}},"178":{"start":{"line":294,"column":36},"end":{"line":294,"column":56}},"179":{"start":{"line":295,"column":36},"end":{"line":295,"column":42}},"180":{"start":{"line":298,"column":32},"end":{"line":298,"column":57}},"181":{"start":{"line":299,"column":32},"end":{"line":299,"column":52}},"182":{"start":{"line":300,"column":32},"end":{"line":300,"column":75}},"183":{"start":{"line":303,"column":32},"end":{"line":303,"column":66}},"184":{"start":{"line":304,"column":32},"end":{"line":304,"column":51}},"185":{"start":{"line":305,"column":32},"end":{"line":305,"column":38}},"186":{"start":{"line":308,"column":32},"end":{"line":308,"column":52}},"187":{"start":{"line":309,"column":32},"end":{"line":309,"column":38}},"188":{"start":{"line":312,"column":32},"end":{"line":312,"column":52}},"189":{"start":{"line":313,"column":32},"end":{"line":313,"column":69}},"190":{"start":{"line":314,"column":32},"end":{"line":314,"column":58}},"191":{"start":{"line":315,"column":32},"end":{"line":315,"column":63}},"192":{"start":{"line":318,"column":32},"end":{"line":318,"column":52}},"193":{"start":{"line":319,"column":32},"end":{"line":319,"column":52}},"194":{"start":{"line":321,"column":32},"end":{"line":323,"column":33}},"195":{"start":{"line":322,"column":36},"end":{"line":322,"column":56}},"196":{"start":{"line":326,"column":32},"end":{"line":326,"column":52}},"197":{"start":{"line":328,"column":32},"end":{"line":331,"column":33}},"198":{"start":{"line":329,"column":36},"end":{"line":329,"column":56}},"199":{"start":{"line":330,"column":36},"end":{"line":330,"column":42}},"200":{"start":{"line":333,"column":32},"end":{"line":333,"column":54}},"201":{"start":{"line":336,"column":32},"end":{"line":336,"column":60}},"202":{"start":{"line":339,"column":32},"end":{"line":339,"column":60}},"203":{"start":{"line":343,"column":32},"end":{"line":343,"column":56}},"204":{"start":{"line":349,"column":12},"end":{"line":351,"column":13}},"205":{"start":{"line":350,"column":16},"end":{"line":350,"column":52}},"206":{"start":{"line":353,"column":12},"end":{"line":353,"column":41}},"207":{"start":{"line":358,"column":12},"end":{"line":360,"column":13}},"208":{"start":{"line":359,"column":16},"end":{"line":359,"column":83}},"209":{"start":{"line":362,"column":12},"end":{"line":364,"column":13}},"210":{"start":{"line":363,"column":16},"end":{"line":363,"column":136}},"211":{"start":{"line":366,"column":12},"end":{"line":368,"column":13}},"212":{"start":{"line":367,"column":16},"end":{"line":367,"column":84}},"213":{"start":{"line":370,"column":12},"end":{"line":372,"column":13}},"214":{"start":{"line":371,"column":16},"end":{"line":371,"column":117}},"215":{"start":{"line":377,"column":12},"end":{"line":377,"column":37}},"216":{"start":{"line":379,"column":12},"end":{"line":381,"column":13}},"217":{"start":{"line":380,"column":16},"end":{"line":380,"column":80}},"218":{"start":{"line":383,"column":12},"end":{"line":385,"column":13}},"219":{"start":{"line":384,"column":16},"end":{"line":384,"column":81}},"220":{"start":{"line":387,"column":12},"end":{"line":389,"column":13}},"221":{"start":{"line":388,"column":16},"end":{"line":388,"column":87}},"222":{"start":{"line":391,"column":12},"end":{"line":393,"column":13}},"223":{"start":{"line":392,"column":16},"end":{"line":392,"column":83}},"224":{"start":{"line":395,"column":12},"end":{"line":397,"column":13}},"225":{"start":{"line":396,"column":16},"end":{"line":396,"column":86}},"226":{"start":{"line":402,"column":12},"end":{"line":408,"column":13}},"227":{"start":{"line":403,"column":16},"end":{"line":403,"column":37}},"228":{"start":{"line":404,"column":19},"end":{"line":408,"column":13}},"229":{"start":{"line":405,"column":16},"end":{"line":405,"column":42}},"230":{"start":{"line":407,"column":16},"end":{"line":407,"column":53}},"231":{"start":{"line":413,"column":12},"end":{"line":571,"column":16}},"232":{"start":{"line":414,"column":16},"end":{"line":414,"column":34}},"233":{"start":{"line":416,"column":16},"end":{"line":416,"column":262}},"234":{"start":{"line":418,"column":16},"end":{"line":570,"column":103}},"235":{"start":{"line":419,"column":20},"end":{"line":569,"column":21}},"236":{"start":{"line":420,"column":24},"end":{"line":568,"column":25}},"237":{"start":{"line":422,"column":32},"end":{"line":422,"column":53}},"238":{"start":{"line":423,"column":32},"end":{"line":423,"column":51}},"239":{"start":{"line":424,"column":32},"end":{"line":424,"column":48}},"240":{"start":{"line":426,"column":32},"end":{"line":429,"column":33}},"241":{"start":{"line":427,"column":36},"end":{"line":427,"column":56}},"242":{"start":{"line":428,"column":36},"end":{"line":428,"column":42}},"243":{"start":{"line":431,"column":32},"end":{"line":431,"column":52}},"244":{"start":{"line":433,"column":32},"end":{"line":433,"column":51}},"245":{"start":{"line":434,"column":32},"end":{"line":434,"column":68}},"246":{"start":{"line":437,"column":32},"end":{"line":440,"column":33}},"247":{"start":{"line":438,"column":36},"end":{"line":438,"column":56}},"248":{"start":{"line":439,"column":36},"end":{"line":439,"column":42}},"249":{"start":{"line":442,"column":32},"end":{"line":444,"column":35}},"250":{"start":{"line":443,"column":36},"end":{"line":443,"column":70}},"251":{"start":{"line":446,"column":32},"end":{"line":446,"column":66}},"252":{"start":{"line":447,"column":32},"end":{"line":447,"column":59}},"253":{"start":{"line":448,"column":32},"end":{"line":448,"column":60}},"254":{"start":{"line":449,"column":32},"end":{"line":449,"column":52}},"255":{"start":{"line":450,"column":32},"end":{"line":450,"column":84}},"256":{"start":{"line":453,"column":32},"end":{"line":456,"column":33}},"257":{"start":{"line":454,"column":36},"end":{"line":454,"column":56}},"258":{"start":{"line":455,"column":36},"end":{"line":455,"column":42}},"259":{"start":{"line":458,"column":32},"end":{"line":458,"column":68}},"260":{"start":{"line":459,"column":32},"end":{"line":459,"column":52}},"261":{"start":{"line":460,"column":32},"end":{"line":460,"column":96}},"262":{"start":{"line":463,"column":32},"end":{"line":463,"column":59}},"263":{"start":{"line":465,"column":32},"end":{"line":465,"column":59}},"264":{"start":{"line":468,"column":32},"end":{"line":468,"column":66}},"265":{"start":{"line":469,"column":32},"end":{"line":469,"column":52}},"266":{"start":{"line":470,"column":32},"end":{"line":470,"column":38}},"267":{"start":{"line":473,"column":32},"end":{"line":473,"column":52}},"268":{"start":{"line":474,"column":32},"end":{"line":474,"column":38}},"269":{"start":{"line":477,"column":32},"end":{"line":477,"column":52}},"270":{"start":{"line":478,"column":32},"end":{"line":478,"column":70}},"271":{"start":{"line":479,"column":32},"end":{"line":479,"column":58}},"272":{"start":{"line":480,"column":32},"end":{"line":480,"column":63}},"273":{"start":{"line":483,"column":32},"end":{"line":483,"column":52}},"274":{"start":{"line":484,"column":32},"end":{"line":484,"column":52}},"275":{"start":{"line":486,"column":32},"end":{"line":488,"column":33}},"276":{"start":{"line":487,"column":36},"end":{"line":487,"column":56}},"277":{"start":{"line":491,"column":32},"end":{"line":491,"column":52}},"278":{"start":{"line":493,"column":32},"end":{"line":496,"column":33}},"279":{"start":{"line":494,"column":36},"end":{"line":494,"column":56}},"280":{"start":{"line":495,"column":36},"end":{"line":495,"column":42}},"281":{"start":{"line":498,"column":32},"end":{"line":498,"column":54}},"282":{"start":{"line":501,"column":32},"end":{"line":501,"column":60}},"283":{"start":{"line":504,"column":32},"end":{"line":504,"column":60}},"284":{"start":{"line":507,"column":32},"end":{"line":507,"column":66}},"285":{"start":{"line":508,"column":32},"end":{"line":508,"column":59}},"286":{"start":{"line":509,"column":32},"end":{"line":509,"column":60}},"287":{"start":{"line":510,"column":32},"end":{"line":510,"column":52}},"288":{"start":{"line":511,"column":32},"end":{"line":511,"column":75}},"289":{"start":{"line":514,"column":32},"end":{"line":517,"column":33}},"290":{"start":{"line":515,"column":36},"end":{"line":515,"column":56}},"291":{"start":{"line":516,"column":36},"end":{"line":516,"column":42}},"292":{"start":{"line":519,"column":32},"end":{"line":519,"column":59}},"293":{"start":{"line":520,"column":32},"end":{"line":520,"column":52}},"294":{"start":{"line":521,"column":32},"end":{"line":524,"column":35}},"295":{"start":{"line":527,"column":32},"end":{"line":527,"column":66}},"296":{"start":{"line":528,"column":32},"end":{"line":528,"column":52}},"297":{"start":{"line":529,"column":32},"end":{"line":529,"column":38}},"298":{"start":{"line":532,"column":32},"end":{"line":532,"column":52}},"299":{"start":{"line":533,"column":32},"end":{"line":533,"column":38}},"300":{"start":{"line":536,"column":32},"end":{"line":536,"column":52}},"301":{"start":{"line":537,"column":32},"end":{"line":537,"column":70}},"302":{"start":{"line":538,"column":32},"end":{"line":538,"column":58}},"303":{"start":{"line":539,"column":32},"end":{"line":539,"column":63}},"304":{"start":{"line":542,"column":32},"end":{"line":542,"column":52}},"305":{"start":{"line":543,"column":32},"end":{"line":543,"column":52}},"306":{"start":{"line":545,"column":32},"end":{"line":547,"column":33}},"307":{"start":{"line":546,"column":36},"end":{"line":546,"column":56}},"308":{"start":{"line":550,"column":32},"end":{"line":550,"column":52}},"309":{"start":{"line":552,"column":32},"end":{"line":555,"column":33}},"310":{"start":{"line":553,"column":36},"end":{"line":553,"column":56}},"311":{"start":{"line":554,"column":36},"end":{"line":554,"column":42}},"312":{"start":{"line":557,"column":32},"end":{"line":557,"column":54}},"313":{"start":{"line":560,"column":32},"end":{"line":560,"column":60}},"314":{"start":{"line":563,"column":32},"end":{"line":563,"column":60}},"315":{"start":{"line":567,"column":32},"end":{"line":567,"column":56}},"316":{"start":{"line":573,"column":12},"end":{"line":575,"column":13}},"317":{"start":{"line":574,"column":16},"end":{"line":574,"column":52}},"318":{"start":{"line":577,"column":12},"end":{"line":577,"column":33}},"319":{"start":{"line":581,"column":4},"end":{"line":581,"column":17}},"320":{"start":{"line":584,"column":0},"end":{"line":584,"column":24}}},"branchMap":{"1":{"line":7,"type":"cond-expr","locations":[{"start":{"line":7,"column":84},"end":{"line":7,"column":121}},{"start":{"line":7,"column":124},"end":{"line":7,"column":268}}]},"2":{"line":7,"type":"binary-expr","locations":[{"start":{"line":7,"column":14},"end":{"line":7,"column":42}},{"start":{"line":7,"column":46},"end":{"line":7,"column":81}}]},"3":{"line":7,"type":"cond-expr","locations":[{"start":{"line":7,"column":244},"end":{"line":7,"column":252}},{"start":{"line":7,"column":255},"end":{"line":7,"column":265}}]},"4":{"line":7,"type":"binary-expr","locations":[{"start":{"line":7,"column":148},"end":{"line":7,"column":151}},{"start":{"line":7,"column":155},"end":{"line":7,"column":183}},{"start":{"line":7,"column":187},"end":{"line":7,"column":213}},{"start":{"line":7,"column":217},"end":{"line":7,"column":241}}]},"5":{"line":9,"type":"binary-expr","locations":[{"start":{"line":9,"column":168},"end":{"line":9,"column":189}},{"start":{"line":9,"column":193},"end":{"line":9,"column":198}}]},"6":{"line":9,"type":"if","locations":[{"start":{"line":9,"column":232},"end":{"line":9,"column":232}},{"start":{"line":9,"column":232},"end":{"line":9,"column":232}}]},"7":{"line":9,"type":"if","locations":[{"
[...]
}},"5":{"start":{"line":7,"column":117},"end":{"line":7,"column":143}},"6":{"start":{"line":7,"column":144},"end":{"line":7,"column":199}},"7":{"start":{"line":7,"column":200},"end":{"line":7,"column":231}},"8":{"start":{"line":7,"column":232},"end":{"line":7,"column":286}},"9":{"start":{"line":7,"column":259},"end":{"line":7,"column":286}},"10":{"start":{"line":7,"column":287},"end":{"line":7,"column":345}},"11":{"start":{"line":7,"column":350},"end":{"line":7,"column":559}},"12":{"start":{"line":7,"column":407},"end":{"line":7,"column":475}},"13":{"start":{"line":7,"column":423},"end":{"line":7,"column":475}},"14":{"start":{"line":7,"column":476},"end":{"line":7,"column":536}},"15":{"start":{"line":7,"column":493},"end":{"line":7,"column":536}},"16":{"start":{"line":7,"column":537},"end":{"line":7,"column":556}},"17":{"start":{"line":9,"column":0},"end":{"line":9,"column":458}},"18":{"start":{"line":9,"column":33},"end":{"line":9,"column":456}},"19":{"start":{"line":9,"column":54},"end":{"line":9,"column":90}},"20":{"start":{"line":9,"column":91},"end":{"line":9,"column":453}},"21":{"start":{"line":9,"column":139},"end":{"line":9,"column":428}},"22":{"start":{"line":9,"column":165},"end":{"line":9,"column":263}},"23":{"start":{"line":9,"column":171},"end":{"line":9,"column":196}},"24":{"start":{"line":9,"column":197},"end":{"line":9,"column":220}},"25":{"start":{"line":9,"column":239},"end":{"line":9,"column":253}},"26":{"start":{"line":9,"column":254},"end":{"line":9,"column":261}},"27":{"start":{"line":9,"column":264},"end":{"line":9,"column":426}},"28":{"start":{"line":9,"column":281},"end":{"line":9,"column":296}},"29":{"start":{"line":9,"column":306},"end":{"line":9,"column":424}},"30":{"start":{"line":9,"column":360},"end":{"line":9,"column":380}},"31":{"start":{"line":9,"column":401},"end":{"line":9,"column":420}},"32":{"start":{"line":9,"column":429},"end":{"line":9,"column":449}},"33":{"start":{"line":11,"column":0},"end":{"line":11,"column":153}},"34":{"start":{"line":11,"column":50},"end":{"line":11,"column":151}},"35":{"start":{"line":11,"column":92},"end":{"line":11,"column":149}},"36":{"start":{"line":13,"column":0},"end":{"line":67,"column":4}},"37":{"start":{"line":14,"column":4},"end":{"line":25,"column":5}},"38":{"start":{"line":15,"column":8},"end":{"line":17,"column":31}},"39":{"start":{"line":19,"column":8},"end":{"line":19,"column":41}},"40":{"start":{"line":21,"column":8},"end":{"line":21,"column":32}},"41":{"start":{"line":22,"column":8},"end":{"line":22,"column":39}},"42":{"start":{"line":23,"column":8},"end":{"line":23,"column":29}},"43":{"start":{"line":24,"column":8},"end":{"line":24,"column":27}},"44":{"start":{"line":27,"column":4},"end":{"line":64,"column":8}},"45":{"start":{"line":30,"column":12},"end":{"line":56,"column":16}},"46":{"start":{"line":31,"column":16},"end":{"line":31,"column":38}},"47":{"start":{"line":32,"column":16},"end":{"line":55,"column":34}},"48":{"start":{"line":33,"column":20},"end":{"line":54,"column":21}},"49":{"start":{"line":34,"column":24},"end":{"line":53,"column":25}},"50":{"start":{"line":36,"column":32},"end":{"line":39,"column":33}},"51":{"start":{"line":37,"column":36},"end":{"line":37,"column":54}},"52":{"start":{"line":38,"column":36},"end":{"line":38,"column":42}},"53":{"start":{"line":41,"column":32},"end":{"line":41,"column":50}},"54":{"start":{"line":42,"column":32},"end":{"line":42,"column":87}},"55":{"start":{"line":45,"column":32},"end":{"line":45,"column":55}},"56":{"start":{"line":46,"column":32},"end":{"line":46,"column":76}},"57":{"start":{"line":47,"column":32},"end":{"line":47,"column":50}},"58":{"start":{"line":48,"column":32},"end":{"line":48,"column":83}},"59":{"start":{"line":52,"column":32},"end":{"line":52,"column":55}},"60":{"start":{"line":58,"column":12},"end":{"line":60,"column":13}},"61":{"start":{"line":59,"column":16},"end":{"line":59,"column":52}},"62":{"start":{"line":62,"column":12},"end":{"line":62,"column":33}},"63":{"start":{"line":66,"column":4},"end":{"line":66,"column":21}},"64":{"start":{"line":69,"column":0},"end":{"line":69,"column":28}}},"branchMap":{"1":{"line":7,"type":"binary-expr","locations":[{"start":{"line":7,"column":168},"end":{"line":7,"column":189}},{"start":{"line":7,"column":193},"end":{"line":7,"column":198}}]},"2":{"line":7,"type":"if","locations":[{"start":{"line":7,"column":232},"end":{"line":7,"column":232}},{"start":{"line":7,"column":232},"end":{"line":7,"column":232}}]},"3":{"line":7,"type":"if","locations":[{"start":{"line":7,"column":407},"end":{"line":7,"column":407}},{"start":{"line":7,"column":407},"end":{"line":7,"column":407}}]},"4":{"line":7,"type":"if","locations":[{"start":{"line":7,"column":476},"end":{"line":7,"column":476}},{"start":{"line":7,"column":476},"end":{"line":7,"column":476}}]},"5":{"line":9,"type":"if","locations":[{"start":{"line":9,"column":264},"end":{"line":9,"column":264}},{"start":{"line":9,"column":264},"end":{"line":9,"column":264}}]},"6":{"line":11,"type":"if","locations":[{"start":{"line":11,"column":50},"end":{"line":11,"column":50}},{"start":{"line":11,"column":50},"end":{"line":11,"column":50}}]},"7":{"line":34,"type":"switch","locations":[{"start":{"line":35,"column":28},"end":{"line":42,"column":87}},{"start":{"line":44,"column":28},"end":{"line":48,"column":83}},{"start":{"line":50,"column":28},"end":{"line":50,"column":35}},{"start":{"line":51,"column":28},"end":{"line":52,"column":55}}]},"8":{"line":36,"type":"if","locations":[{"start":{"line":36,"column":32},"end":{"line":36,"column":32}},{"start":{"line":36,"column":32},"end":{"line":36,"column":32}}]}}},"/Users/jaredjbarnes/Documents/data-modeling/lib/schema/types/String.js":{"path":"/Users/jaredjbarnes/Documents/data-modeling/lib/schema/types/String.js","s":{"1":1,"2":1,"3":0,"4":0,"5":0,"6":0,"7":0,"8":0,"9":1,"10":1,"11":1,"12":1,"13":1,"14":3,"15":3,"16":9,"17":0,"18":9,"19":0,"20":9,"21":3,"22":1,"23":3,"24":0,"25":1,"26":3,"27":0,"28":3,"29":1,"30":1,"31":0,"32":1,"33":1,"34":1,"35":1,"36":1,"37":1,"38":3,"39":3,"40":3,"41":1,"42":1},"b":{"1":[1,0],"2":[0,0],"3":[1,0],"4":[1,1],"5":[0,9],"6":[0,9],"7":[0,3],"8":[0,3],"9":[0,3],"10":[3,0,0],"11":[0,1],"12":[1,0],"13":[1,1],"14":[1,0],"15":[1,0],"16":[3,0]},"f":{"1":0,"2":1,"3":3,"4":3,"5":3,"6":1,"7":1,"8":3},"fnMap":{"1":{"name":"(anonymous_1)","line":7,"loc":{"start":{"line":7,"column":32},"end":{"line":7,"column":50}}},"2":{"name":"_interopRequireDefault","line":13,"loc":{"start":{"line":13,"column":0},"end":{"line":13,"column":37}}},"3":{"name":"_objectWithoutProperties","line":15,"loc":{"start":{"line":15,"column":0},"end":{"line":15,"column":45}}},"4":{"name":"_classCallCheck","line":17,"loc":{"start":{"line":17,"column":0},"end":{"line":17,"column":48}}},"5":{"name":"_possibleConstructorReturn","line":19,"loc":{"start":{"line":19,"column":0},"end":{"line":19,"column":48}}},"6":{"name":"_inherits","line":21,"loc":{"start":{"line":21,"column":0},"end":{"line":21,"column":41}}},"7":{"name":"(anonymous_7)","line":23,"loc":{"start":{"line":23,"column":13},"end":{"line":23,"column":35}}},"8":{"name":"String","line":26,"loc":{"start":{"line":26,"column":4},"end":{"line":26,"column":26}}}},"statementMap":{"1":{"start":{"line":3,"column":0},"end":{"line":5,"column":3}},"2":{"start":{"line":7,"column":0},"end":{"line":7,"column":257}},"3":{"start":{"line":7,"column":52},"end":{"line":7,"column":239}},"4":{"start":{"line":7,"column":97},"end":{"line":7,"column":123}},"5":{"start":{"line":7,"column":124},"end":{"line":7,"column":237}},"6":{"start":{"line":7,"column":150},"end":{"line":7,"column":235}},"7":{"start":{"line":7,"column":207},"end":{"line":7,"column":233}},"8":{"start":{"line":7,"column":240},"end":{"line":7,"column":254}},"9":{"start":{"line":9,"column":0},"end":{"line":9,"column":41}},"10":{"start":{"line":11,"column":0},"end":{"line":11,"column":54}},"11":{"start":{"line":13,"column":0},"end":{"line":13,"column":95}},"12":{"start":{"line":13,"column":39},"end":{"line":13,"column":93}},"13":{"start":{"line":15,"column":0},"end":{"line":15,"column":220}},"14":{"start":{"line":15,"column":47},"end":{"line":15,"column":63}},"15":{"start":{"line":15,"column":64},"end":{"line":15,"column":203}},"16":{"start":{"line":15,"column":85},"end":{"line":15,"column":120}},"17":{"start":{"line":15,"column":111},"end":{"line":15,"column":120}},"18":{"start":{"line":15,"column":121},"end":{"line":15,"column":181}},"19":{"start":{"line":15,"column":172},"end":{"line":15,"column":181}},"20":{"start":{"line":15,"column":182},"end":{"line":15,"column":201}},"21":{"start":{"line":15,"column":204},"end":{"line":15,"column":218}},"22":{"start":{"line":17,"column":0},"end":{"line":17,"column":153}},"23":{"start":{"line":17,"column":50},"end":{"line":17,"column":151}},"24":{"start":{"line":17,"column":92},"end":{"line":17,"column":149}},"25":{"start":{"line":19,"column":0},"end":{"line":19,"column":240}},"26":{"start":{"line":19,"column":50},"end":{"line":19,"column":151}},"27":{"start":{"line":19,"column":63},"end":{"line":19,"column":149}},"28":{"start":{"line":19,"column":152},"end":{"line":19,"column":238}},"29":{"start":{"line":21,"column":0},"end":{"line":21,"column":494}},"30":{"start":{"line":21,"column":43},"end":{"line":21,"column":208}},"31":{"start":{"line":21,"column":106},"end":{"line":21,"column":206}},"32":{"start":{"line":21,"column":209},"end":{"line":21,"column":373}},"33":{"start":{"line":21,"column":374},"end":{"line":21,"column":492}},"34":{"start":{"line":21,"column":390},"end":{"line":21,"column":492}},"35":{"start":{"line":23,"column":0},"end":{"line":35,"column":23}},"36":{"start":{"line":24,"column":4},"end":{"line":24,"column":34}},"37":{"start":{"line":26,"column":4},"end":{"line":32,"column":5}},"38":{"start":{"line":27,"column":8},"end":{"line":27,"column":54}},"39":{"start":{"line":29,"column":8},"end":{"line":29,"column":38}},"40":{"start":{"line":31,"column":8},"end":{"line":31,"column":148}},"41":{"start":{"line":34,"column":4},"end":{"line":34,"column":18}},"42":{"start":{"line":37,"column":0},"end":{"line":37,"column":25}}},"branchMap":{"1":{"line":7,"type":"binary-expr","locations":[{"start":{"line":7,"column":15},"end":{"line":7,"column":28}},{"start":{"line":7,"column":32},"end":{"line":7,"column":256}}]},"2":{"line":7,"type":"if","locations":[{"start":{"line":7,"column":150},"end":{"line":7,"column":150}},{"start":{"line":7,"column":150},"end":{"line":7,"column":150}}]},"3":{"line":13,"type":"cond-expr","locations":[{"start":{"line":13,"column":70},"end":{"line":13,"column":73}},{"start":{"line":13,"column":76},"end":{"line":13,"column":92}}]},"4":{"line":13,"type":"binary-expr","locations":[{"start":{"line":13,"column":46},"end":{"line":13,"column":49}},{"start":{"line":13,"column":53},"end":{"line":13,"column":67}}]},"5":{"line":15,"type":"if","locations":[{"start":{"line":15,"column":85},"end":{"line":15,"column":85}},{"start":{"line":15,"column":85},"end":{"line":15,"column":85}}]},"6":{"line":15,"type":"if","locations":[{"start":{"line":15,"column":121},"end":{"line":15,"column":121}},{"start":{"line":15,"column":121},"end":{"line":15,"column":121}}]},"7":{"line":17,"type":"if","locations":[{"start":{"line":17,"column":50},"end":{"line":17,"column":50}},{"start":{"line":17,"column":50},"end":{"line":17,"column":50}}]},"8":{"line":19,"type":"if","locations":[{"start":{"line":19,"column":50},"end":{"line":19,"column":50}},{"start":{"line":19,"column":50},"end":{"line":19,"column":50}}]},"9":{"line":19,"type":"cond-expr","locations":[{"start":{"line":19,"column":226},"end":{"line":19,"column":230}},{"start":{"line":19,"column":233},"end":{"line":19,"column":237}}]},"10":{"line":19,"type":"binary-expr","locations":[{"start":{"line":19,"column":159},"end":{"line":19,"column":163}},{"start":{"line":19,"column":168},"end":{"line":19,"column":192}},{"start":{"line":19,"column":196},"end":{"line":19,"column":222}}]},"11":{"line":21,"type":"if","locations":[{"start":{"line":21,"column":43},"end":{"line":21,"column":43}},{"start":{"line":21,"column":43},"end":{"line":21,"column":43}}]},"12":{"line":21,"type":"binary-expr","locations":[{"start":{"line":21,"column":47},"end":{"line":21,"column":79}},{"start":{"line":21,"column":83},"end":{"line":21,"column":102}}]},"13":{"line":21,"type":"binary-expr","locations":[{"start":{"line":21,"column":244},"end":{"line":21,"column":254}},{"start":{"line":21,"column":258},"end":{"line":21,"column":278}}]},"14":{"line":21,"type":"if","locations":[{"start":{"line":21,"column":374},"end":{"line":21,"column":374}},{"start":{"line":21,"column":374},"end":{"line":21,"column":374}}]},"15":{"line":21,"type":"cond-expr","locations":[{"start":{"line":21,"column":414},"end":{"line":21,"column":457}},{"start":{"line":21,"column":460},"end":{"line":21,"column":491}}]},"16":{"line":31,"type":"binary-expr","locations":[{"start":{"line":31,"column":49},"end":{"line":31,"column":65}},{"start":{"line":31,"column":69},"end":{"line":31,"column":98}}]}}},"/Users/jaredjbarnes/Documents/data-modeling/lib/schema/types/Value.js":{"path":"/Users/jaredjbarnes/Documents/data-modeling/lib/schema/types/Value.js","s":{"1":1,"2":1,"3":1,"4":1,"5":1,"6":1,"7":1,"8":1,"9":1,"10":1,"11":1,"12":1,"13":1,"14":1,"15":0,"16":1,"17":1,"18":1,"19":0,"20":0,"21":1,"22":0,"23":0,"24":0,"25":0,"26":0,"27":0,"28":0,"29":0,"30":0,"31":0,"32":0,"33":1,"34":0,"35":0,"36":1,"37":1,"38":0,"39":1,"40":1,"41":0,"42":0,"43":0,"44":0,"45":1,"46":0,"47":1,"48":1,"49":1},"b":{"1":[1,1],"2":[1,0],"3":[1,0],"4":[0,1],"5":[0,0],"6":[0,0],"7":[0,0]},"f":{"1":1,"2":1,"3":1,"4":1,"5":0,"6":0,"7":0,"8":0,"9":0,"10":0,"11":1,"12":0,"13":1,"14":0,"15":0,"16":0},"fnMap":{"1":{"name":"(anonymous_1)","line":7,"loc":{"start":{"line":7,"column":19},"end":{"line":7,"column":31}}},"2":{"name":"defineProperties","line":7,"loc":{"start":{"line":7,"column":33},"end":{"line":7,"column":74}}},"3":{"name":"(anonymous_3)","line":7,"loc":{"start":{"line":7,"column":357},"end":{"line":7,"column":405}}},"4":{"name":"_asyncToGenerator","line":9,"loc":{"start":{"line":9,"column":0},"end":{"line":9,"column":31}}},"5":{"name":"(anonymous_5)","line":9,"loc":{"start":{"line":9,"column":40},"end":{"line":9,"column":52}}},"6":{"name":"(anonymous_6)","line":9,"loc":{"start":{"line":9,"column":110},"end":{"line":9,"column":137}}},"7":{"name":"step","line":9,"loc":{"start":{"line":9,"column":139},"end":{"line":9,"column":163}}},"8":{"name":"(anonymous_8)","line":9,"loc":{"start":{"line":9,"column":341},"end":{"line":9,"column":358}}},"9":{"name":"(anonymous_9)","line":9,"loc":{"start":{"line":9,"column":384},"end":{"line":9,"column":399}}},"10":{"name":"_classCallCheck","line":11,"loc":{"start":{"line":11,"column":0},"end":{"line":11,"column":48}}},"11":{"name":"(anonymous_11)","line":13,"loc":{"start":{"line":13,"column":12},"end":{"line":13,"column":24}}},"12":{"name":"Value","line":14,"loc":{"start":{"line":14,"column":4},"end":{"line":14,"column":21}}},"13":{"name":"(anonymous_13)","line":20,"loc":{"start":{"line":20,"column":15},"end":{"line":20,"column":27}}},"14":{"name":"_callee","line":21,"loc":{"start":{"line":21,"column":79},"end":{"line":21,"column":98}}},"15":{"name":"_callee$","line":22,"loc":{"start":{"line":22,"column":47},"end":{"line":22,"column":75}}},"16":{"name":"validateAsync","line":33,"loc":{"start":{"line":33,"column":12},"end":{"line":33,"column":37}}}},"statementMap":{"1":{"start":{"line":3,"column":0},"end":{"line":5,"column":3}},"2":{"start":{"line":7,"column":0},"end":{"line":7,"column":564}},"3":{"start":{"line":7,"column":33},"end":{"line":7,"column":349}},"4":{"start":{"line":7,"column":76},"end":{"line":7,"column":347}},"5":{"start":{"line":7,"column":117},"end":{"line":7,"column":143}},"6":{"start":{"line":7,"column":144},"end":{"line":7,"column":199}},"7":{"start":{"line":7,"column":200},"end":{"line":7,"column":231}},"8":{"start":{"line":7,"column":232},"end":{"line":7,"column":286}},"9":{"start":{"line":7,"column":259},"end":{"line":7,"column":286}},"10":{"start":{"line":7,"column":287},"end":{"line":7,"column":345}},"11":{"start":{"line":7,"column":350},"end":{"line":7,"column":559}},"12":{"start":{"line":7,"column":407},"end":{"line":7,"column":475}},"13":{"start":{"line":7,"column":423},"end":{"line":7,"column":475}},"14":{"start":{"line":7,"column":476},"end":{"line":7,"column":536}},"15":{"start":{"line":7,"column":493},"end":{"line":7,"column":536}},"16":{"start":{"line":7,"column":537},"end":{"line":7,"column":556}},"17":{"start":{"line":9,"column":0},"end":{"line":9,"column":458}},"18":{"start":{"line":9,"column":33},"end":{"line":9,"column":456}},"19":{"start":{"line":9,"column":54},"end":{"line":9,"column":90}},"20":{"start":{"line":9,"column":91},"end":{"line":9,"column":453}},"21":{"start":{"line":9,"column":139},"end":{"line":9,"column":428}},"22":{"start":{"line":9,"column":165},"end":{"line":9,"column":263}},"23":{"start":{"line":9,"column":171},"end":{"line":9,"column":196}},"24":{"start":{"line":9,"column":197},"end":{"line":9,"column":220}},"25":{"start":{"line":9,"column":239},"end":{"line":9,"column":253}},"26":{"start":{"line":9,"column":254},"end":{"line":9,"column":261}},"27":{"start":{"line":9,"column":264},"end":{"line":9,"column":426}},"28":{"start":{"line":9,"column":281},"end":{"line":9,"column":296}},"29":{"start":{"line":9,"column":306},"end":{"line":9,"column":424}},"30":{"start":{"line":9,"column":360},"end":{"line":9,"column":380}},"31":{"start":{"line":9,"column":401},"end":{"line":9,"column":420}},"32":{"start":{"line":9,"column":429},"end":{"line":9,"column":449}},"33":{"start":{"line":11,"column":0},"end":{"line":11,"column":153}},"34":{"start":{"line":11,"column":50},"end":{"line":11,"column":151}},"35":{"start":{"line":11,"column":92},"end":{"line":11,"column":149}},"36":{"start":{"line":13,"column":0},"end":{"line":42,"column":4}},"37":{"start":{"line":14,"column":4},"end":{"line":16,"column":5}},"38":{"start":{"line":15,"column":8},"end":{"line":15,"column":37}},"39":{"start":{"line":18,"column":4},"end":{"line":39,"column":8}},"40":{"start":{"line":21,"column":12},"end":{"line":31,"column":16}},"41":{"start":{"line":22,"column":16},"end":{"line":30,"column":34}},"42":{"start":{"line":23,"column":20},"end":{"line":29,"column":21}},"43":{"start":{"line":24,"column":24},"end":{"line":28,"column":25}},"44":{"start":{"line":27,"column":32},"end":{"line":27,"column":55}},"45":{"start":{"line":33,"column":12},"end":{"line":35,"column":13}},"46":{"start":{"line":34,"column":16},"end":{"line":34,"column":51}},"47":{"start":{"line":37,"column":12},"end":{"line":37,"column":33}},"48":{"start":{"line":41,"column":4},"end":{"line":41,"column":17}},"49":{"start":{"line":44,"column":0},"end":{"line":44,"column":24}}},"branchMap":{"1":{"line":7,"type":"binary-expr","locations":[{"start":{"line":7,"column":168},"end":{"line":7,"column":189}},{"start":{"line":7,"column":193},"end":{"line":7,"column":198}}]},"2":{"line":7,"type":"if","locations":[{"start":{"line":7,"column":232},"end":{"line":7,"column":232}},{"start":{"line":7,"column":232},"end":{"line":7,"column":232}}]},"3":{"line":7,"type":"if","locations":[{"start":{"line":7,"column":407},"end":{"line":7,"column":407}},{"start":{"line":7,"column":407},"end":{"line":7,"column":407}}]},"4":{"line":7,"type":"if","locations":[{"start":{"line":7,"column":476},"end":{"line":7,"column":476}},{"start":{"line":7,"column":476},"end":{"line":7,"column":476}}]},"5":{"line":9,"type":"if","locations":[{"start":{"line":9,"column":264},"end":{"line":9,"column":264}},{"start":{"line":9,"column":264},"end":{"line":9,"column":264}}]},"6":{"line":11,"type":"if","locations":[{"start":{"line":11,"column":50},"end":{"line":11,"column":50}},{"start":{"line":11,"column":50},"end":{"line":11,"column":50}}]},"7":{"line":24,"type":"switch","locations":[{"start":{"line":25,"column":28},"end":{"line":25,"column":35}},{"start":{"line":26,"column":28},"end":{"line":27,"column":55}}]}}}}