{"/Users/jaredjbarnes/Documents/data-modeling/lib/schema/Validator.js":{"path":"/Users/jaredjbarnes/Documents/data-modeling/lib/schema/Validator.js","s":{"1":1,"2":1,"3":1,"4":0,"5":1,"6":1,"7":1,"8":12,"9":12,"10":12,"11":12,"12":12,"13":12,"14":1,"15":1,"16":1,"17":1,"18":0,"19":1,"20":1,"21":9,"22":185,"23":185,"24":1,"25":341,"26":341,"27":309,"28":32,"29":32,"30":309,"31":153,"32":156,"33":140,"34":16,"35":185,"36":1,"37":30,"38":0,"39":1,"40":1,"41":30,"42":30,"43":30,"44":30,"45":30,"46":30,"47":30,"48":30,"49":1,"50":29,"51":1,"52":1,"53":1,"54":28,"55":29,"56":56,"57":28,"58":25,"59":25,"60":3,"61":2,"62":2,"63":1,"64":28,"65":1,"66":28,"67":1,"68":1,"69":27,"70":27,"71":54,"72":27,"73":27,"74":27,"75":0,"76":0,"77":0,"78":0,"79":0,"80":0,"81":0,"82":0,"83":0,"84":0,"85":0,"86":0,"87":27,"88":1,"89":27,"90":1,"91":1,"92":27,"93":28,"94":54,"95":27,"96":26,"97":26,"98":1,"99":27,"100":1,"101":27,"102":1,"103":1,"104":26,"105":26,"106":26,"107":38,"108":97,"109":26,"110":26,"111":14,"112":14,"113":12,"114":11,"115":11,"116":1,"117":11,"118":10,"119":10,"120":1,"121":10,"122":9,"123":9,"124":1,"125":9,"126":8,"127":8,"128":1,"129":8,"130":7,"131":7,"132":1,"133":7,"134":5,"135":5,"136":3,"137":3,"138":26,"139":1,"140":26,"141":1,"142":1,"143":16,"144":17,"145":32,"146":16,"147":13,"148":13,"149":3,"150":2,"151":2,"152":1,"153":16,"154":1,"155":16,"156":1,"157":5,"158":1,"159":4,"160":2,"161":2,"162":1,"163":1,"164":15,"165":16,"166":30,"167":15,"168":14,"169":14,"170":1,"171":15,"172":1,"173":15,"174":1,"175":29,"176":1,"177":1,"178":3,"179":3,"180":3,"181":6,"182":8,"183":3,"184":3,"185":3,"186":2,"187":2,"188":1,"189":2,"190":1,"191":1,"192":0,"193":1,"194":0,"195":1,"196":0,"197":1,"198":0,"199":1,"200":0,"201":0,"202":1,"203":1,"204":1,"205":3,"206":1,"207":3,"208":1,"209":1,"210":14,"211":15,"212":28,"213":14,"214":13,"215":13,"216":1,"217":14,"218":1,"219":14,"220":1,"221":28,"222":0,"223":1,"224":29,"225":196,"226":196,"227":29,"228":15,"229":29,"230":29,"231":29,"232":29,"233":28,"234":28,"235":28,"236":27,"237":27,"238":27,"239":27,"240":26,"241":26,"242":16,"243":16,"244":15,"245":15,"246":14,"247":14,"248":13,"249":29,"250":1,"251":29,"252":1,"253":1,"254":1},"b":{"1":[1,0],"2":[1,1],"3":[0,0],"4":[0,0,0,0],"5":[12,12],"6":[12,0],"7":[1,0],"8":[0,1],"9":[153,156],"10":[0,30],"11":[1,29],"12":[1,28],"13":[29,28],"14":[28,27,28],"15":[25,3],"16":[2,1],"17":[27,0,0,27,27],"18":[27,0],"19":[0,0],"20":[0,0],"21":[0,0],"22":[0,0],"23":[27,26,27],"24":[26,1],"25":[27,3],"26":[26,11,10,9,8,7,16,26],"27":[14,12],"28":[11,1],"29":[10,1],"30":[9,1],"31":[8,1],"32":[7,1],"33":[8,6],"34":[5,2],"35":[16,15,16],"36":[13,3],"37":[2,1],"38":[1,4],"39":[2,2],"40":[1,1],"41":[2,1,1],"42":[0,1],"43":[15,14,15],"44":[14,1],"45":[15,3],"46":[1,28],"47":[3,2,0,3],"48":[2,1],"49":[0,1],"50":[0,1],"51":[1,0,0,0],"52":[0,1],"53":[0,1],"54":[1,0],"55":[0,1],"56":[14,13,14],"57":[13,1],"58":[14,5],"59":[0,28],"60":[29,27,27,26,16,15,14,13,0,29],"61":[15,14]},"f":{"1":1,"2":0,"3":1,"4":1,"5":1,"6":9,"7":185,"8":185,"9":341,"10":140,"11":16,"12":30,"13":1,"14":30,"15":1,"16":28,"17":29,"18":28,"19":1,"20":27,"21":27,"22":27,"23":1,"24":27,"25":28,"26":27,"27":1,"28":26,"29":38,"30":5,"31":26,"32":1,"33":16,"34":17,"35":16,"36":5,"37":1,"38":15,"39":16,"40":15,"41":29,"42":1,"43":3,"44":6,"45":1,"46":1,"47":0,"48":3,"49":1,"50":14,"51":15,"52":14,"53":28,"54":1,"55":29,"56":196,"57":29},"fnMap":{"1":{"name":"(anonymous_1)","line":7,"loc":{"start":{"line":7,"column":84},"end":{"line":7,"column":99}}},"2":{"name":"(anonymous_2)","line":7,"loc":{"start":{"line":7,"column":124},"end":{"line":7,"column":139}}},"3":{"name":"(anonymous_3)","line":9,"loc":{"start":{"line":9,"column":19},"end":{"line":9,"column":31}}},"4":{"name":"defineProperties","line":9,"loc":{"start":{"line":9,"column":33},"end":{"line":9,"column":74}}},"5":{"name":"(anonymous_5)","line":9,"loc":{"start":{"line":9,"column":357},"end":{"line":9,"column":405}}},"6":{"name":"_asyncToGenerator","line":11,"loc":{"start":{"line":11,"column":0},"end":{"line":11,"column":31}}},"7":{"name":"(anonymous_7)","line":11,"loc":{"start":{"line":11,"column":40},"end":{"line":11,"column":52}}},"8":{"name":"(anonymous_8)","line":11,"loc":{"start":{"line":11,"column":110},"end":{"line":11,"column":137}}},"9":{"name":"step","line":11,"loc":{"start":{"line":11,"column":139},"end":{"line":11,"column":163}}},"10":{"name":"(anonymous_10)","line":11,"loc":{"start":{"line":11,"column":341},"end":{"line":11,"column":358}}},"11":{"name":"(anonymous_11)","line":11,"loc":{"start":{"line":11,"column":384},"end":{"line":11,"column":399}}},"12":{"name":"_classCallCheck","line":13,"loc":{"start":{"line":13,"column":0},"end":{"line":13,"column":48}}},"13":{"name":"(anonymous_13)","line":15,"loc":{"start":{"line":15,"column":16},"end":{"line":15,"column":28}}},"14":{"name":"Validator","line":16,"loc":{"start":{"line":16,"column":4},"end":{"line":16,"column":36}}},"15":{"name":"(anonymous_15)","line":48,"loc":{"start":{"line":48,"column":15},"end":{"line":48,"column":27}}},"16":{"name":"_callee","line":49,"loc":{"start":{"line":49,"column":79},"end":{"line":49,"column":98}}},"17":{"name":"_callee$","line":50,"loc":{"start":{"line":50,"column":47},"end":{"line":50,"column":75}}},"18":{"name":"assertAnyAsync","line":74,"loc":{"start":{"line":74,"column":12},"end":{"line":74,"column":38}}},"19":{"name":"(anonymous_19)","line":82,"loc":{"start":{"line":82,"column":15},"end":{"line":82,"column":27}}},"20":{"name":"_callee2","line":83,"loc":{"start":{"line":83,"column":80},"end":{"line":83,"column":100}}},"21":{"name":"_callee2$","line":84,"loc":{"start":{"line":84,"column":47},"end":{"line":84,"column":77}}},"22":{"name":"assertArrayAsync","line":124,"loc":{"start":{"line":124,"column":12},"end":{"line":124,"column":40}}},"23":{"name":"(anonymous_23)","line":132,"loc":{"start":{"line":132,"column":15},"end":{"line":132,"column":27}}},"24":{"name":"_callee3","line":133,"loc":{"start":{"line":133,"column":80},"end":{"line":133,"column":100}}},"25":{"name":"_callee3$","line":134,"loc":{"start":{"line":134,"column":47},"end":{"line":134,"column":77}}},"26":{"name":"assertBooleanAsync","line":153,"loc":{"start":{"line":153,"column":12},"end":{"line":153,"column":42}}},"27":{"name":"(anonymous_27)","line":161,"loc":{"start":{"line":161,"column":15},"end":{"line":161,"column":27}}},"28":{"name":"_callee4","line":162,"loc":{"start":{"line":162,"column":80},"end":{"line":162,"column":100}}},"29":{"name":"_callee4$","line":166,"loc":{"start":{"line":166,"column":47},"end":{"line":166,"column":77}}},"30":{"name":"(anonymous_30)","line":219,"loc":{"start":{"line":219,"column":62},"end":{"line":219,"column":83}}},"31":{"name":"assertClassAsync","line":235,"loc":{"start":{"line":235,"column":12},"end":{"line":235,"column":40}}},"32":{"name":"(anonymous_32)","line":243,"loc":{"start":{"line":243,"column":15},"end":{"line":243,"column":27}}},"33":{"name":"_callee5","line":244,"loc":{"start":{"line":244,"column":80},"end":{"line":244,"column":100}}},"34":{"name":"_callee5$","line":245,"loc":{"start":{"line":245,"column":47},"end":{"line":245,"column":77}}},"35":{"name":"assertDateAsync","line":269,"loc":{"start":{"line":269,"column":12},"end":{"line":269,"column":39}}},"36":{"name":"assertDecorator","line":277,"loc":{"start":{"line":277,"column":15},"end":{"line":277,"column":51}}},"37":{"name":"(anonymous_37)","line":292,"loc":{"start":{"line":292,"column":15},"end":{"line":292,"column":27}}},"38":{"name":"_callee6","line":293,"loc":{"start":{"line":293,"column":80},"end":{"line":293,"column":100}}},"39":{"name":"_callee6$","line":294,"loc":{"start":{"line":294,"column":47},"end":{"line":294,"column":77}}},"40":{"name":"assertNumberAsync","line":313,"loc":{"start":{"line":313,"column":12},"end":{"line":313,"column":41}}},"41":{"name":"assertIsReady","line":321,"loc":{"start":{"line":321,"column":15},"end":{"line":321,"column":40}}},"42":{"name":"(anonymous_42)","line":328,"loc":{"start":{"line":328,"column":15},"end":{"line":328,"column":27}}},"43":{"name":"_callee7","line":329,"loc":{"start":{"line":329,"column":80},"end":{"line":329,"column":100}}},"44":{"name":"_callee7$","line":333,"loc":{"start":{"line":333,"column":47},"end":{"line":333,"column":77}}},"45":{"name":"(anonymous_45)","line":348,"loc":{"start":{"line":348,"column":91},"end":{"line":348,"column":120}}},"46":{"name":"(anonymous_46)","line":349,"loc":{"start":{"line":349,"column":56},"end":{"line":349,"column":68}}},"47":{"name":"(anonymous_47)","line":367,"loc":{"start":{"line":367,"column":72},"end":{"line":367,"column":93}}},"48":{"name":"assertPropertiesAsync","line":387,"loc":{"start":{"line":387,"column":12},"end":{"line":387,"column":45}}},"49":{"name":"(anonymous_49)","line":395,"loc":{"start":{"line":395,"column":15},"end":{"line":395,"column":27}}},"50":{"name":"_callee8","line":396,"loc":{"start":{"line":396,"column":80},"end":{"line":396,"column":100}}},"51":{"name":"_callee8$","line":397,"loc":{"start":{"line":397,"column":47},"end":{"line":397,"column":77}}},"52":{"name":"assertStringAsync","line":416,"loc":{"start":{"line":416,"column":12},"end":{"line":416,"column":41}}},"53":{"name":"assertSchema","line":424,"loc":{"start":{"line":424,"column":15},"end":{"line":424,"column":39}}},"54":{"name":"(anonymous_54)","line":431,"loc":{"start":{"line":431,"column":15},"end":{"line":431,"column":27}}},"55":{"name":"_callee9","line":432,"loc":{"start":{"line":432,"column":80},"end":{"line":432,"column":122}}},"56":{"name":"_callee9$","line":433,"loc":{"start":{"line":433,"column":47},"end":{"line":433,"column":77}}},"57":{"name":"validateAsync","line":488,"loc":{"start":{"line":488,"column":12},"end":{"line":488,"column":49}}}},"statementMap":{"1":{"start":{"line":3,"column":0},"end":{"line":5,"column":3}},"2":{"start":{"line":7,"column":0},"end":{"line":7,"column":269}},"3":{"start":{"line":7,"column":101},"end":{"line":7,"column":119}},"4":{"start":{"line":7,"column":141},"end":{"line":7,"column":266}},"5":{"start":{"line":9,"column":0},"end":{"line":9,"column":564}},"6":{"start":{"line":9,"column":33},"end":{"line":9,"column":349}},"7":{"start":{"line":9,"column":76},"end":{"line":9,"column":347}},"8":{"start":{"line":9,"column":117},"end":{"line":9,"column":143}},"9":{"start":{"line":9,"column":144},"end":{"line":9,"column":199}},"10":{"start":{"line":9,"column":200},"end":{"line":9,"column":231}},"11":{"start":{"line":9,"column":232},"end":{"line":9,"column":286}},"12":{"start":{"line":9,"column":259},"end":{"line":9,"column":286}},"13":{"start":{"line":9,"column":287},"end":{"line":9,"column":345}},"14":{"start":{"line":9,"column":350},"end":{"line":9,"column":559}},"15":{"start":{"line":9,"column":407},"end":{"line":9,"column":475}},"16":{"start":{"line":9,"column":423},"end":{"line":9,"column":475}},"17":{"start":{"line":9,"column":476},"end":{"line":9,"column":536}},"18":{"start":{"line":9,"column":493},"end":{"line":9,"column":536}},"19":{"start":{"line":9,"column":537},"end":{"line":9,"column":556}},"20":{"start":{"line":11,"column":0},"end":{"line":11,"column":458}},"21":{"start":{"line":11,"column":33},"end":{"line":11,"column":456}},"22":{"start":{"line":11,"column":54},"end":{"line":11,"column":90}},"23":{"start":{"line":11,"column":91},"end":{"line":11,"column":453}},"24":{"start":{"line":11,"column":139},"end":{"line":11,"column":428}},"25":{"start":{"line":11,"column":165},"end":{"line":11,"column":263}},"26":{"start":{"line":11,"column":171},"end":{"line":11,"column":196}},"27":{"start":{"line":11,"column":197},"end":{"line":11,"column":220}},"28":{"start":{"line":11,"column":239},"end":{"line":11,"column":253}},"29":{"start":{"line":11,"column":254},"end":{"line":11,"column":261}},"30":{"start":{"line":11,"column":264},"end":{"line":11,"column":426}},"31":{"start":{"line":11,"column":281},"end":{"line":11,"column":296}},"32":{"start":{"line":11,"column":306},"end":{"line":11,"column":424}},"33":{"start":{"line":11,"column":360},"end":{"line":11,"column":380}},"34":{"start":{"line":11,"column":401},"end":{"line":11,"column":420}},"35":{"start":{"line":11,"column":429},"end":{"line":11,"column":449}},"36":{"start":{"line":13,"column":0},"end":{"line":13,"column":153}},"37":{"start":{"line":13,"column":50},"end":{"line":13,"column":151}},"38":{"start":{"line":13,"column":92},"end":{"line":13,"column":149}},"39":{"start":{"line":15,"column":0},"end":{"line":497,"column":4}},"40":{"start":{"line":16,"column":4},"end":{"line":44,"column":5}},"41":{"start":{"line":17,"column":8},"end":{"line":17,"column":41}},"42":{"start":{"line":19,"column":8},"end":{"line":19,"column":39}},"43":{"start":{"line":20,"column":8},"end":{"line":20,"column":26}},"44":{"start":{"line":21,"column":8},"end":{"line":21,"column":27}},"45":{"start":{"line":22,"column":8},"end":{"line":22,"column":28}},"46":{"start":{"line":23,"column":8},"end":{"line":23,"column":312}},"47":{"start":{"line":24,"column":8},"end":{"line":35,"column":10}},"48":{"start":{"line":37,"column":8},"end":{"line":39,"column":9}},"49":{"start":{"line":38,"column":12},"end":{"line":38,"column":55}},"50":{"start":{"line":41,"column":8},"end":{"line":43,"column":9}},"51":{"start":{"line":42,"column":12},"end":{"line":42,"column":117}},"52":{"start":{"line":46,"column":4},"end":{"line":494,"column":8}},"53":{"start":{"line":49,"column":12},"end":{"line":72,"column":16}},"54":{"start":{"line":50,"column":16},"end":{"line":71,"column":34}},"55":{"start":{"line":51,"column":20},"end":{"line":70,"column":21}},"56":{"start":{"line":52,"column":24},"end":{"line":69,"column":25}},"57":{"start":{"line":54,"column":32},"end":{"line":57,"column":33}},"58":{"start":{"line":55,"column":36},"end":{"line":55,"column":54}},"59":{"start":{"line":56,"column":36},"end":{"line":56,"column":42}},"60":{"start":{"line":59,"column":32},"end":{"line":62,"column":33}},"61":{"start":{"line":60,"column":36},"end":{"line":60,"column":54}},"62":{"start":{"line":61,"column":36},"end":{"line":61,"column":42}},"63":{"start":{"line":64,"column":32},"end":{"line":64,"column":81}},"64":{"start":{"line":68,"column":32},"end":{"line":68,"column":55}},"65":{"start":{"line":74,"column":12},"end":{"line":76,"column":13}},"66":{"start":{"line":75,"column":16},"end":{"line":75,"column":51}},"67":{"start":{"line":78,"column":12},"end":{"line":78,"column":34}},"68":{"start":{"line":83,"column":12},"end":{"line":122,"column":16}},"69":{"start":{"line":84,"column":16},"end":{"line":121,"column":35}},"70":{"start":{"line":85,"column":20},"end":{"line":120,"column":21}},"71":{"start":{"line":86,"column":24},"end":{"line":119,"column":25}},"72":{"start":{"line":88,"column":32},"end":{"line":91,"column":33}},"73":{"start":{"line":89,"column":36},"end":{"line":89,"column":55}},"74":{"start":{"line":90,"column":36},"end":{"line":90,"column":42}},"75":{"start":{"line":93,"column":32},"end":{"line":96,"column":33}},"76":{"start":{"line":94,"column":36},"end":{"line":94,"column":55}},"77":{"start":{"line":95,"column":36},"end":{"line":95,"column":42}},"78":{"start":{"line":98,"column":32},"end":{"line":98,"column":70}},"79":{"start":{"line":101,"column":32},"end":{"line":104,"column":33}},"80":{"start":{"line":102,"column":36},"end":{"line":102,"column":55}},"81":{"start":{"line":103,"column":36},"end":{"line":103,"column":42}},"82":{"start":{"line":106,"column":32},"end":{"line":106,"column":100}},"83":{"start":{"line":109,"column":32},"end":{"line":112,"column":33}},"84":{"start":{"line":110,"column":36},"end":{"line":110,"column":55}},"85":{"start":{"line":111,"column":36},"end":{"line":111,"column":42}},"86":{"start":{"line":114,"column":32},"end":{"line":114,"column":102}},"87":{"start":{"line":118,"column":32},"end":{"line":118,"column":56}},"88":{"start":{"line":124,"column":12},"end":{"line":126,"column":13}},"89":{"start":{"line":125,"column":16},"end":{"line":125,"column":52}},"90":{"start":{"line":128,"column":12},"end":{"line":128,"column":36}},"91":{"start":{"line":133,"column":12},"end":{"line":151,"column":16}},"92":{"start":{"line":134,"column":16},"end":{"line":150,"column":35}},"93":{"start":{"line":135,"column":20},"end":{"line":149,"column":21}},"94":{"start":{"line":136,"column":24},"end":{"line":148,"column":25}},"95":{"start":{"line":138,"column":32},"end":{"line":141,"column":33}},"96":{"start":{"line":139,"column":36},"end":{"line":139,"column":55}},"97":{"start":{"line":140,"column":36},"end":{"line":140,"column":42}},"98":{"start":{"line":143,"column":32},"end":{"line":143,"column":71}},"99":{"start":{"line":147,"column":32},"end":{"line":147,"column":56}},"100":{"start":{"line":153,"column":12},"end":{"line":155,"column":13}},"101":{"start":{"line":154,"column":16},"end":{"line":154,"column":52}},"102":{"start":{"line":157,"column":12},"end":{"line":157,"column":38}},"103":{"start":{"line":162,"column":12},"end":{"line":233,"column":16}},"104":{"start":{"line":163,"column":16},"end":{"line":163,"column":33}},"105":{"start":{"line":165,"column":16},"end":{"line":165,"column":27}},"106":{"start":{"line":166,"column":16},"end":{"line":232,"column":35}},"107":{"start":{"line":167,"column":20},"end":{"line":231,"column":21}},"108":{"start":{"line":168,"column":24},"end":{"line":230,"column":25}},"109":{"start":{"line":170,"column":32},"end":{"line":170,"column":53}},"110":{"start":{"line":172,"column":32},"end":{"line":175,"column":33}},"111":{"start":{"line":173,"column":36},"end":{"line":173,"column":56}},"112":{"start":{"line":174,"column":36},"end":{"line":174,"column":42}},"113":{"start":{"line":177,"column":32},"end":{"line":180,"column":33}},"114":{"start":{"line":178,"column":36},"end":{"line":178,"column":55}},"115":{"start":{"line":179,"column":36},"end":{"line":179,"column":42}},"116":{"start":{"line":182,"column":32},"end":{"line":182,"column":96}},"117":{"start":{"line":185,"column":32},"end":{"line":188,"column":33}},"118":{"start":{"line":186,"column":36},"end":{"line":186,"column":55}},"119":{"start":{"line":187,"column":36},"end":{"line":187,"column":42}},"120":{"start":{"line":190,"column":32},"end":{"line":190,"column":97}},"121":{"start":{"line":193,"column":32},"end":{"line":196,"column":33}},"122":{"start":{"line":194,"column":36},"end":{"line":194,"column":55}},"123":{"start":{"line":195,"column":36},"end":{"line":195,"column":42}},"124":{"start":{"line":198,"column":32},"end":{"line":198,"column":103}},"125":{"start":{"line":201,"column":32},"end":{"line":204,"column":33}},"126":{"start":{"line":202,"column":36},"end":{"line":202,"column":56}},"127":{"start":{"line":203,"column":36},"end":{"line":203,"column":42}},"128":{"start":{"line":206,"column":32},"end":{"line":206,"column":99}},"129":{"start":{"line":209,"column":32},"end":{"line":212,"column":33}},"130":{"start":{"line":210,"column":36},"end":{"line":210,"column":56}},"131":{"start":{"line":211,"column":36},"end":{"line":211,"column":42}},"132":{"start":{"line":214,"column":32},"end":{"line":214,"column":102}},"133":{"start":{"line":218,"column":32},"end":{"line":222,"column":33}},"134":{"start":{"line":219,"column":36},"end":{"line":221,"column":39}},"135":{"start":{"line":220,"column":40},"end":{"line":220,"column":73}},"136":{"start":{"line":224,"column":32},"end":{"line":224,"column":52}},"137":{"start":{"line":225,"column":32},"end":{"line":225,"column":68}},"138":{"start":{"line":229,"column":32},"end":{"line":229,"column":56}},"139":{"start":{"line":235,"column":12},"end":{"line":237,"column":13}},"140":{"start":{"line":236,"column":16},"end":{"line":236,"column":52}},"141":{"start":{"line":239,"column":12},"end":{"line":239,"column":36}},"142":{"start":{"line":244,"column":12},"end":{"line":267,"column":16}},"143":{"start":{"line":245,"column":16},"end":{"line":266,"column":35}},"144":{"start":{"line":246,"column":20},"end":{"line":265,"column":21}},"145":{"start":{"line":247,"column":24},"end":{"line":264,"column":25}},"146":{"start":{"line":249,"column":32},"end":{"line":252,"column":33}},"147":{"start":{"line":250,"column":36},"end":{"line":250,"column":55}},"148":{"start":{"line":251,"column":36},"end":{"line":251,"column":42}},"149":{"start":{"line":254,"column":32},"end":{"line":257,"column":33}},"150":{"start":{"line":255,"column":36},"end":{"line":255,"column":55}},"151":{"start":{"line":256,"column":36},"end":{"line":256,"column":42}},"152":{"start":{"line":259,"column":32},"end":{"line":259,"column":68}},"153":{"start":{"line":263,"column":32},"end":{"line":263,"column":56}},"154":{"start":{"line":269,"column":12},"end":{"line":271,"column":13}},"155":{"start":{"line":270,"column":16},"end":{"line":270,"column":52}},"156":{"start":{"line":273,"column":12},"end":{"line":273,"column":35}},"157":{"start":{"line":278,"column":12},"end":{"line":280,"column":13}},"158":{"start":{"line":279,"column":16},"end":{"line":279,"column":75}},"159":{"start":{"line":282,"column":12},"end":{"line":284,"column":13}},"160":{"start":{"line":283,"column":16},"end":{"line":283,"column":90}},"161":{"start":{"line":286,"column":12},"end":{"line":288,"column":13}},"162":{"start":{"line":287,"column":16},"end":{"line":287,"column":93}},"163":{"start":{"line":293,"column":12},"end":{"line":311,"column":16}},"164":{"start":{"line":294,"column":16},"end":{"line":310,"column":35}},"165":{"start":{"line":295,"column":20},"end":{"line":309,"column":21}},"166":{"start":{"line":296,"column":24},"end":{"line":308,"column":25}},"167":{"start":{"line":298,"column":32},"end":{"line":301,"column":33}},"168":{"start":{"line":299,"column":36},"end":{"line":299,"column":55}},"169":{"start":{"line":300,"column":36},"end":{"line":300,"column":42}},"170":{"start":{"line":303,"column":32},"end":{"line":303,"column":70}},"171":{"start":{"line":307,"column":32},"end":{"line":307,"column":56}},"172":{"start":{"line":313,"column":12},"end":{"line":315,"column":13}},"173":{"start":{"line":314,"column":16},"end":{"line":314,"column":52}},"174":{"start":{"line":317,"column":12},"end":{"line":317,"column":37}},"175":{"start":{"line":322,"column":12},"end":{"line":324,"column":13}},"176":{"start":{"line":323,"column":16},"end":{"line":323,"column":86}},"177":{"start":{"line":329,"column":12},"end":{"line":385,"column":16}},"178":{"start":{"line":330,"column":16},"end":{"line":330,"column":34}},"179":{"start":{"line":332,"column":16},"end":{"line":332,"column":34}},"180":{"start":{"line":333,"column":16},"end":{"line":384,"column":35}},"181":{"start":{"line":334,"column":20},"end":{"line":383,"column":21}},"182":{"start":{"line":335,"column":24},"end":{"line":382,"column":25}},"183":{"start":{"line":337,"column":32},"end":{"line":337,"column":53}},"184":{"start":{"line":338,"column":32},"end":{"line":338,"column":51}},"185":{"start":{"line":340,"column":32},"end":{"line":343,"column":33}},"186":{"start":{"line":341,"column":36},"end":{"line":341,"column":55}},"187":{"start":{"line":342,"column":36},"end":{"line":342,"column":42}},"188":{"start":{"line":345,"column":32},"end":{"line":345,"column":91}},"189":{"start":{"line":348,"column":32},"end":{"line":377,"column":55}},"190":{"start":{"line":349,"column":36},"end":{"line":376,"column":39}},"191":{"start":{"line":350,"column":40},"end":{"line":352,"column":41}},"192":{"start":{"line":351,"column":44},"end":{"line":351,"column":111}},"193":{"start":{"line":354,"column":40},"end":{"line":356,"column":41}},"194":{"start":{"line":355,"column":44},"end":{"line":355,"column":164}},"195":{"start":{"line":358,"column":40},"end":{"line":360,"column":41}},"196":{"start":{"line":359,"column":44},"end":{"line":359,"column":112}},"197":{"start":{"line":362,"column":40},"end":{"line":364,"column":41}},"198":{"start":{"line":363,"column":44},"end":{"line":363,"column":145}},"199":{"start":{"line":366,"column":40},"end":{"line":370,"column":41}},"200":{"start":{"line":367,"column":44},"end":{"line":369,"column":47}},"201":{"start":{"line":368,"column":48},"end":{"line":368,"column":82}},"202":{"start":{"line":372,"column":40},"end":{"line":372,"column":76}},"203":{"start":{"line":373,"column":40},"end":{"line":373,"column":81}},"204":{"start":{"line":375,"column":40},"end":{"line":375,"column":99}},"205":{"start":{"line":381,"column":32},"end":{"line":381,"column":56}},"206":{"start":{"line":387,"column":12},"end":{"line":389,"column":13}},"207":{"start":{"line":388,"column":16},"end":{"line":388,"column":52}},"208":{"start":{"line":391,"column":12},"end":{"line":391,"column":41}},"209":{"start":{"line":396,"column":12},"end":{"line":414,"column":16}},"210":{"start":{"line":397,"column":16},"end":{"line":413,"column":35}},"211":{"start":{"line":398,"column":20},"end":{"line":412,"column":21}},"212":{"start":{"line":399,"column":24},"end":{"line":411,"column":25}},"213":{"start":{"line":401,"column":32},"end":{"line":404,"column":33}},"214":{"start":{"line":402,"column":36},"end":{"line":402,"column":55}},"215":{"start":{"line":403,"column":36},"end":{"line":403,"column":42}},"216":{"start":{"line":406,"column":32},"end":{"line":406,"column":70}},"217":{"start":{"line":410,"column":32},"end":{"line":410,"column":56}},"218":{"start":{"line":416,"column":12},"end":{"line":418,"column":13}},"219":{"start":{"line":417,"column":16},"end":{"line":417,"column":52}},"220":{"start":{"line":420,"column":12},"end":{"line":420,"column":37}},"221":{"start":{"line":425,"column":12},"end":{"line":427,"column":13}},"222":{"start":{"line":426,"column":16},"end":{"line":426,"column":81}},"223":{"start":{"line":432,"column":12},"end":{"line":486,"column":16}},"224":{"start":{"line":433,"column":16},"end":{"line":485,"column":35}},"225":{"start":{"line":434,"column":20},"end":{"line":484,"column":21}},"226":{"start":{"line":435,"column":24},"end":{"line":483,"column":25}},"227":{"start":{"line":437,"column":32},"end":{"line":441,"column":33}},"228":{"start":{"line":438,"column":36},"end":{"line":440,"column":38}},"229":{"start":{"line":443,"column":32},"end":{"line":443,"column":51}},"230":{"start":{"line":444,"column":32},"end":{"line":444,"column":53}},"231":{"start":{"line":445,"column":32},"end":{"line":445,"column":55}},"232":{"start":{"line":447,"column":32},"end":{"line":447,"column":53}},"233":{"start":{"line":448,"column":32},"end":{"line":448,"column":52}},"234":{"start":{"line":450,"column":32},"end":{"line":450,"column":51}},"235":{"start":{"line":451,"column":32},"end":{"line":451,"column":61}},"236":{"start":{"line":454,"column":32},"end":{"line":454,"column":52}},"237":{"start":{"line":455,"column":32},"end":{"line":455,"column":63}},"238":{"start":{"line":458,"column":32},"end":{"line":458,"column":52}},"239":{"start":{"line":459,"column":32},"end":{"line":459,"column":65}},"240":{"start":{"line":462,"column":32},"end":{"line":462,"column":52}},"241":{"start":{"line":463,"column":32},"end":{"line":463,"column":63}},"242":{"start":{"line":466,"column":32},"end":{"line":466,"column":52}},"243":{"start":{"line":467,"column":32},"end":{"line":467,"column":62}},"244":{"start":{"line":470,"column":32},"end":{"line":470,"column":52}},"245":{"start":{"line":471,"column":32},"end":{"line":471,"column":64}},"246":{"start":{"line":474,"column":32},"end":{"line":474,"column":52}},"247":{"start":{"line":475,"column":32},"end":{"line":475,"column":64}},"248":{"start":{"line":478,"column":32},"end":{"line":478,"column":72}},"249":{"start":{"line":482,"column":32},"end":{"line":482,"column":56}},"250":{"start":{"line":488,"column":12},"end":{"line":490,"column":13}},"251":{"start":{"line":489,"column":16},"end":{"line":489,"column":52}},"252":{"start":{"line":492,"column":12},"end":{"line":492,"column":33}},"253":{"start":{"line":496,"column":4},"end":{"line":496,"column":21}},"254":{"start":{"line":499,"column":0},"end":{"line":499,"column":28}}},"branchMap":{"1":{"line":7,"type":"cond-expr","locations":[{"start":{"line":7,"column":84},"end":{"line":7,"column":121}},{"start":{"line":7,"column":124},"end":{"line":7,"column":268}}]},"2":{"line":7,"type":"binary-expr","locations":[{"start":{"line":7,"column":14},"end":{"line":7,"column":42}},{"start":{"line":7,"column":46},"end":{"line":7,"column":81}}]},"3":{"line":7,"type":"cond-expr","locations":[{"start":{"line":7,"column":244},"end":{"line":7,"column":252}},{"start":{"line":7,"column":255},"end":{"line":7,"column":265}}]},"4":{"line":7,"type":"binary-expr","locations":[{"start":{"line":7,"column":148},"end":{"line":7,"column":151}},{"start":{"line":7,"column":155},"end":{"line":7,"column":183}},{"start":{"line":7,"column":187},"end":{"line":7,"column":213}},{"start":{"line":7,"column":217},"end":{"line":7,"column":241}}]},"5":{"line":9,"type":"binary-expr","locations":[{"start":{"line":9,"column":168},"end":{"line":9,"column":189}},{"start":{"line":9,"column":193},"end":{"line":9,"column":198}}]},"6":{"line":9,"type":"if","locations":[{"start":{"line":9,"column":232},"end":{"line":9,"column":232}},{"start":{"line":9,"column":232},"end":{"line":9,"column":232}}]},"7":{"line":9,"type":"if","locations":[{"start":{"line":9,"column":407},"end":{"line":9,"column":407}},{"start":{"line":9,"column":407},"end":{"line":9,"column":407}}]},"8":{"line":9,"type":"if","locations":[{"start":{"line":9,"column":476},"end":{"line":9,"column":476}},{"start":{"line":9,"column":476},"end":{"line":9,"column":476}}]},"9":{"line":11,"type":"if","locations":[{"start":{"line":11,"column":264},"end":{"line":11,"column":264}},{"start":{"line":11,"column":264},"end":{"line":11,"column":264}}]},"10":{"line":13,"type":"if","locations":[{"start":{"line":13,"column":50},"end":{"line":13,"column":50}},{"start":{"line":13,"column":50},"end":{"line":13,"column":50}}]},"11":{"line":37,"type":"if","locations":[{"start":{"line":37,"column":8},"end":{"line":37,"column":8}},{"start":{"line":37,"column":8},"end":{"line":37,"column":8}}]},"12":{"line":41,"type":"if","locations":[{"start":{"line":41,"column":8},"end":{"line":41,"column":8}},{"start":{"line":41,"column":8},"end":{"line":41,"column":8}}]},"13":{"line":41,"type":"binary-expr","locations":[{"start":{"line":41,"column":12},"end":{"line":41,"column":68}},{"start":{"line":41,"column":72},"end":{"line":41,"column":128}}]},"14":{"line":52,"type":"switch","locations":[{"start":{"line":53,"column":28},"end":{"line":64,"column":81}},{"start":{"line":66,"column":28},"end":{"line":66,"column":35}},{"start":{"line":67,"column":28},"end":{"line":68,"column":55}}]},"15":{"line":54,"type":"if","locations":[{"start":{"line":54,"column":32},"end":{"line":54,"column":32}},{"start":{"line":54,"column":32},"end":{"line":54,"column":32}}]},"16":{"line":59,"type":"if","locations":[{"start":{"line":59,"column":32},"end":{"line":59,"column":32}},{"start":{"line":59,"column":32},"end":{"line":59,"column":32}}]},"17":{"line":86,"type":"switch","locations":[{"start":{"line":87,"column":28},"end":{"line":98,"column":70}},{"start":{"line":100,"column":28},"end":{"line":106,"column":100}},{"start":{"line":108,"column":28},"end":{"line":114,"column":102}},{"start":{"line":116,"column":28},"end":{"line":116,"column":35}},{"start":{"line":117,"column":28},"end":{"line":118,"column":56}}]},"18":{"line":88,"type":"if","locations":[{"start":{"line":88,"column":32},"end":{"line":88,"column":32}},{"start":{"line":88,"column":32},"end":{"line":88,"column":32}}]},"19":{"line":93,"type":"if","locations":[{"start":{"line":93,"column":32},"end":{"line":93,"column":32}},{"start":{"line":93,"column":32},"end":{"line":93,"column":32}}]},"20":{"line":101,"type":"if","locations":[{"start":{"line":101,"column":32},"end":{"line":101,"column":32}},{"start":{"line":101,"column":32},"end":{"line":101,"column":32}}]},"21":{"line":101,"type":"binary-expr","locations":[{"start":{"line":101,"column":38},"end":{"line":101,"column":81}},{"start":{"line":101,"column":85},"end":{"line":101,"column":126}}]},"22":{"line":109,"type":"if","locations":[{"start":{"line":109,"column":32},"end":{"line":109,"column":32}},{"start":{"line":109,"column":32},"end":{"line":109,"column":32}}]},"23":{"line":136,"type":"switch","locations":[{"start":{"line":137,"column":28},"end":{"line":143,"column":71}},{"start":{"line":145,"column":28},"end":{"line":145,"column":35}},{"start":{"line":146,"column":28},"end":{"line":147,"column":56}}]},"24":{"line":138,"type":"if","locations":[{"start":{"line":138,"column":32},"end":{"line":138,"column":32}},{"start":{"line":138,"column":32},"end":{"line":138,"column":32}}]},"25":{"line":138,"type":"binary-expr","locations":[{"start":{"line":138,"column":38},"end":{"line":138,"column":68}},{"start":{"line":138,"column":72},"end":{"line":138,"column":103}}]},"26":{"line":168,"type":"switch","locations":[{"start":{"line":169,"column":28},"end":{"line":182,"column":96}},{"start":{"line":184,"column":28},"end":{"line":190,"column":97}},{"start":{"line":192,"column":28},"end":{"line":198,"column":103}},{"start":{"line":200,"column":28},"end":{"line":206,"column":99}},{"start":{"line":208,"column":28},"end":{"line":214,"column":102}},{"start":{"line":216,"column":28},"end":{"line":225,"column":68}},{"start":{"line":227,"column":28},"end":{"line":227,"column":36}},{"start":{"line":228,"column":28},"end":{"line":229,"column":56}}]},"27":{"line":172,"type":"if","locations":[{"start":{"line":172,"column":32},"end":{"line":172,"column":32}},{"start":{"line":172,"column":32},"end":{"line":172,"column":32}}]},"28":{"line":177,"type":"if","locations":[{"start":{"line":177,"column":32},"end":{"line":177,"column":32}},{"start":{"line":177,"column":32},"end":{"line":177,"column":32}}]},"29":{"line":185,"type":"if","locations":[{"start":{"line":185,"column":32},"end":{"line":185,"column":32}},{"start":{"line":185,"column":32},"end":{"line":185,"column":32}}]},"30":{"line":193,"type":"if","locations":[{"start":{"line":193,"column":32},"end":{"line":193,"column":32}},{"start":{"line":193,"column":32},"end":{"line":193,"column":32}}]},"31":{"line":201,"type":"if","locations":[{"start":{"line":201,"column":32},"end":{"line":201,"column":32}},{"start":{"line":201,"column":32},"end":{"line":201,"column":32}}]},"32":{"line":209,"type":"if","locations":[{"start":{"line":209,"column":32},"end":{"line":209,"column":32}},{"start":{"line":209,"column":32},"end":{"line":209,"column":32}}]},"33":{"line":209,"type":"binary-expr","locations":[{"start":{"line":209,"column":38},"end":{"line":209,"column":63}},{"start":{"line":209,"column":67},"end":{"line":209,"column":100}}]},"34":{"line":218,"type":"if","locations":[{"start":{"line":218,"column":32},"end":{"line":218,"column":32}},{"start":{"line":218,"column":32},"end":{"line":218,"column":32}}]},"35":{"line":247,"type":"switch","locations":[{"start":{"line":248,"column":28},"end":{"line":259,"column":68}},{"start":{"line":261,"column":28},"end":{"line":261,"column":35}},{"start":{"line":262,"column":28},"end":{"line":263,"column":56}}]},"36":{"line":249,"type":"if","locations":[{"start":{"line":249,"column":32},"end":{"line":249,"column":32}},{"start":{"line":249,"column":32},"end":{"line":249,"column":32}}]},"37":{"line":254,"type":"if","locations":[{"start":{"line":254,"column":32},"end":{"line":254,"column":32}},{"start":{"line":254,"column":32},"end":{"line":254,"column":32}}]},"38":{"line":278,"type":"if","locations":[{"start":{"line":278,"column":12},"end":{"line":278,"column":12}},{"start":{"line":278,"column":12},"end":{"line":278,"column":12}}]},"39":{"line":282,"type":"if","locations":[{"start":{"line":282,"column":12},"end":{"line":282,"column":12}},{"start":{"line":282,"column":12},"end":{"line":282,"column":12}}]},"40":{"line":286,"type":"if","locations":[{"start":{"line":286,"column":12},"end":{"line":286,"column":12}},{"start":{"line":286,"column":12},"end":{"line":286,"column":12}}]},"41":{"line":286,"type":"binary-expr","locations":[{"start":{"line":286,"column":16},"end":{"line":286,"column":40}},{"start":{"line":286,"column":44},"end":{"line":286,"column":68}},{"start":{"line":286,"column":72},"end":{"line":286,"column":154}}]},"42":{"line":286,"type":"cond-expr","locations":[{"start":{"line":286,"column":108},"end":{"line":286,"column":119}},{"start":{"line":286,"column":122},"end":{"line":286,"column":140}}]},"43":{"line":296,"type":"switch","locations":[{"start":{"line":297,"column":28},"end":{"line":303,"column":70}},{"start":{"line":305,"column":28},"end":{"line":305,"column":35}},{"start":{"line":306,"column":28},"end":{"line":307,"column":56}}]},"44":{"line":298,"type":"if","locations":[{"start":{"line":298,"column":32},"end":{"line":298,"column":32}},{"start":{"line":298,"column":32},"end":{"line":298,"column":32}}]},"45":{"line":298,"type":"binary-expr","locations":[{"start":{"line":298,"column":38},"end":{"line":298,"column":67}},{"start":{"line":298,"column":71},"end":{"line":298,"column":101}}]},"46":{"line":322,"type":"if","locations":[{"start":{"line":322,"column":12},"end":{"line":322,"column":12}},{"start":{"line":322,"column":12},"end":{"line":322,"column":12}}]},"47":{"line":335,"type":"switch","locations":[{"start":{"line":336,"column":28},"end":{"line":345,"column":91}},{"start":{"line":347,"column":28},"end":{"line":377,"column":55}},{"start":{"line":379,"column":28},"end":{"line":379,"column":35}},{"start":{"line":380,"column":28},"end":{"line":381,"column":56}}]},"48":{"line":340,"type":"if","locations":[{"start":{"line":340,"column":32},"end":{"line":340,"column":32}},{"start":{"line":340,"column":32},"end":{"line":340,"column":32}}]},"49":{"line":350,"type":"if","locations":[{"start":{"line":350,"column":40},"end":{"line":350,"column":40}},{"start":{"line":350,"column":40},"end":{"line":350,"column":40}}]},"50":{"line":354,"type":"if","locations":[{"start":{"line":354,"column":40},"end":{"line":354,"column":40}},{"start":{"line":354,"column":40},"end":{"line":354,"column":40}}]},"51":{"line":354,"type":"binary-expr","locations":[{"start":{"line":354,"column":44},"end":{"line":354,"column":78}},{"start":{"line":354,"column":82},"end":{"line":354,"column":104}},{"start":{"line":354,"column":108},"end":{"line":354,"column":144}},{"start":{"line":354,"column":148},"end":{"line":354,"column":187}}]},"52":{"line":358,"type":"if","locations":[{"start":{"line":358,"column":40},"end":{"line":358,"column":40}},{"start":{"line":358,"column":40},"end":{"line":358,"column":40}}]},"53":{"line":362,"type":"if","locations":[{"start":{"line":362,"column":40},"end":{"line":362,"column":40}},{"start":{"line":362,"column":40},"end":{"line":362,"column":40}}]},"54":{"line":362,"type":"binary-expr","locations":[{"start":{"line":362,"column":44},"end":{"line":362,"column":71}},{"start":{"line":362,"column":75},"end":{"line":362,"column":110}}]},"55":{"line":366,"type":"if","locations":[{"start":{"line":366,"column":40},"end":{"line":366,"column":40}},{"start":{"line":366,"column":40},"end":{"line":366,"column":40}}]},"56":{"line":399,"type":"switch","locations":[{"start":{"line":400,"column":28},"end":{"line":406,"column":70}},{"start":{"line":408,"column":28},"end":{"line":408,"column":35}},{"start":{"line":409,"column":28},"end":{"line":410,"column":56}}]},"57":{"line":401,"type":"if","locations":[{"start":{"line":401,"column":32},"end":{"line":401,"column":32}},{"start":{"line":401,"column":32},"end":{"line":401,"column":32}}]},"58":{"line":401,"type":"binary-expr","locations":[{"start":{"line":401,"column":38},"end":{"line":401,"column":67}},{"start":{"line":401,"column":71},"end":{"line":401,"column":101}}]},"59":{"line":425,"type":"if","locations":[{"start":{"line":425,"column":12},"end":{"line":425,"column":12}},{"start":{"line":425,"column":12},"end":{"line":425,"column":12}}]},"60":{"line":435,"type":"switch","locations":[{"start":{"line":436,"column":28},"end":{"line":451,"column":61}},{"start":{"line":453,"column":28},"end":{"line":455,"column":63}},{"start":{"line":457,"column":28},"end":{"line":459,"column":65}},{"start":{"line":461,"column":28},"end":{"line":463,"column":63}},{"start":{"line":465,"column":28},"end":{"line":467,"column":62}},{"start":{"line":469,"column":28},"end":{"line":471,"column":64}},{"start":{"line":473,"column":28},"end":{"line":475,"column":64}},{"start":{"line":477,"column":28},"end":{"line":478,"column":72}},{"start":{"line":480,"column":28},"end":{"line":480,"column":36}},{"start":{"line":481,"column":28},"end":{"line":482,"column":56}}]},"61":{"line":437,"type":"if","locations":[{"start":{"line":437,"column":32},"end":{"line":437,"column":32}},{"start":{"line":437,"column":32},"end":{"line":437,"column":32}}]}}}}