TN:
SF:/Users/jaredjbarnes/Documents/data-modeling/lib/schema/Validator.js
FN:7,(anonymous_1)
FN:7,(anonymous_2)
FN:9,(anonymous_3)
FN:9,defineProperties
FN:9,(anonymous_5)
FN:11,_asyncToGenerator
FN:11,(anonymous_7)
FN:11,(anonymous_8)
FN:11,step
FN:11,(anonymous_10)
FN:11,(anonymous_11)
FN:13,_classCallCheck
FN:15,(anonymous_13)
FN:16,Validator
FN:48,(anonymous_15)
FN:49,_callee
FN:50,_callee$
FN:74,assertAnyAsync
FN:82,(anonymous_19)
FN:83,_callee2
FN:84,_callee2$
FN:124,assertArrayAsync
FN:132,(anonymous_23)
FN:133,_callee3
FN:134,_callee3$
FN:153,assertBooleanAsync
FN:161,(anonymous_27)
FN:162,_callee4
FN:166,_callee4$
FN:219,(anonymous_30)
FN:235,assertClassAsync
FN:243,(anonymous_32)
FN:244,_callee5
FN:245,_callee5$
FN:269,assertDateAsync
FN:277,assertDecorator
FN:292,(anonymous_37)
FN:293,_callee6
FN:294,_callee6$
FN:313,assertNumberAsync
FN:321,assertIsReady
FN:328,(anonymous_42)
FN:329,_callee7
FN:333,_callee7$
FN:348,(anonymous_45)
FN:349,(anonymous_46)
FN:367,(anonymous_47)
FN:387,assertPropertiesAsync
FN:395,(anonymous_49)
FN:396,_callee8
FN:397,_callee8$
FN:416,assertStringAsync
FN:424,assertSchema
FN:431,(anonymous_54)
FN:432,_callee9
FN:433,_callee9$
FN:488,validateAsync
FNF:57
FNH:55
FNDA:1,(anonymous_1)
FNDA:0,(anonymous_2)
FNDA:1,(anonymous_3)
FNDA:1,defineProperties
FNDA:1,(anonymous_5)
FNDA:9,_asyncToGenerator
FNDA:185,(anonymous_7)
FNDA:185,(anonymous_8)
FNDA:341,step
FNDA:140,(anonymous_10)
FNDA:16,(anonymous_11)
FNDA:30,_classCallCheck
FNDA:1,(anonymous_13)
FNDA:30,Validator
FNDA:1,(anonymous_15)
FNDA:28,_callee
FNDA:29,_callee$
FNDA:28,assertAnyAsync
FNDA:1,(anonymous_19)
FNDA:27,_callee2
FNDA:27,_callee2$
FNDA:27,assertArrayAsync
FNDA:1,(anonymous_23)
FNDA:27,_callee3
FNDA:28,_callee3$
FNDA:27,assertBooleanAsync
FNDA:1,(anonymous_27)
FNDA:26,_callee4
FNDA:38,_callee4$
FNDA:5,(anonymous_30)
FNDA:26,assertClassAsync
FNDA:1,(anonymous_32)
FNDA:16,_callee5
FNDA:17,_callee5$
FNDA:16,assertDateAsync
FNDA:5,assertDecorator
FNDA:1,(anonymous_37)
FNDA:15,_callee6
FNDA:16,_callee6$
FNDA:15,assertNumberAsync
FNDA:29,assertIsReady
FNDA:1,(anonymous_42)
FNDA:3,_callee7
FNDA:6,_callee7$
FNDA:1,(anonymous_45)
FNDA:1,(anonymous_46)
FNDA:0,(anonymous_47)
FNDA:3,assertPropertiesAsync
FNDA:1,(anonymous_49)
FNDA:14,_callee8
FNDA:15,_callee8$
FNDA:14,assertStringAsync
FNDA:28,assertSchema
FNDA:1,(anonymous_54)
FNDA:29,_callee9
FNDA:196,_callee9$
FNDA:29,validateAsync
DA:3,1
DA:7,1
DA:9,12
DA:11,341
DA:13,30
DA:15,1
DA:16,1
DA:17,30
DA:19,30
DA:20,30
DA:21,30
DA:22,30
DA:23,30
DA:24,30
DA:37,30
DA:38,1
DA:41,29
DA:42,1
DA:46,1
DA:49,1
DA:50,28
DA:51,29
DA:52,56
DA:54,28
DA:55,25
DA:56,25
DA:59,3
DA:60,2
DA:61,2
DA:64,1
DA:68,28
DA:74,1
DA:75,28
DA:78,1
DA:83,1
DA:84,27
DA:85,27
DA:86,54
DA:88,27
DA:89,27
DA:90,27
DA:93,0
DA:94,0
DA:95,0
DA:98,0
DA:101,0
DA:102,0
DA:103,0
DA:106,0
DA:109,0
DA:110,0
DA:111,0
DA:114,0
DA:118,27
DA:124,1
DA:125,27
DA:128,1
DA:133,1
DA:134,27
DA:135,28
DA:136,54
DA:138,27
DA:139,26
DA:140,26
DA:143,1
DA:147,27
DA:153,1
DA:154,27
DA:157,1
DA:162,1
DA:163,26
DA:165,26
DA:166,26
DA:167,38
DA:168,97
DA:170,26
DA:172,26
DA:173,14
DA:174,14
DA:177,12
DA:178,11
DA:179,11
DA:182,1
DA:185,11
DA:186,10
DA:187,10
DA:190,1
DA:193,10
DA:194,9
DA:195,9
DA:198,1
DA:201,9
DA:202,8
DA:203,8
DA:206,1
DA:209,8
DA:210,7
DA:211,7
DA:214,1
DA:218,7
DA:219,5
DA:220,5
DA:224,3
DA:225,3
DA:229,26
DA:235,1
DA:236,26
DA:239,1
DA:244,1
DA:245,16
DA:246,17
DA:247,32
DA:249,16
DA:250,13
DA:251,13
DA:254,3
DA:255,2
DA:256,2
DA:259,1
DA:263,16
DA:269,1
DA:270,16
DA:273,1
DA:278,5
DA:279,1
DA:282,4
DA:283,2
DA:286,2
DA:287,1
DA:293,1
DA:294,15
DA:295,16
DA:296,30
DA:298,15
DA:299,14
DA:300,14
DA:303,1
DA:307,15
DA:313,1
DA:314,15
DA:317,1
DA:322,29
DA:323,1
DA:329,1
DA:330,3
DA:332,3
DA:333,3
DA:334,6
DA:335,8
DA:337,3
DA:338,3
DA:340,3
DA:341,2
DA:342,2
DA:345,1
DA:348,2
DA:349,1
DA:350,1
DA:351,0
DA:354,1
DA:355,0
DA:358,1
DA:359,0
DA:362,1
DA:363,0
DA:366,1
DA:367,0
DA:368,0
DA:372,1
DA:373,1
DA:375,1
DA:381,3
DA:387,1
DA:388,3
DA:391,1
DA:396,1
DA:397,14
DA:398,15
DA:399,28
DA:401,14
DA:402,13
DA:403,13
DA:406,1
DA:410,14
DA:416,1
DA:417,14
DA:420,1
DA:425,28
DA:426,0
DA:432,1
DA:433,29
DA:434,196
DA:435,196
DA:437,29
DA:438,15
DA:443,29
DA:444,29
DA:445,29
DA:447,29
DA:448,28
DA:450,28
DA:451,28
DA:454,27
DA:455,27
DA:458,27
DA:459,27
DA:462,26
DA:463,26
DA:466,16
DA:467,16
DA:470,15
DA:471,15
DA:474,14
DA:475,14
DA:478,13
DA:482,29
DA:488,1
DA:489,29
DA:492,1
DA:496,1
DA:499,1
LF:221
LH:202
BRDA:7,1,0,1
BRDA:7,1,1,0
BRDA:7,2,0,1
BRDA:7,2,1,1
BRDA:7,3,0,0
BRDA:7,3,1,0
BRDA:7,4,0,0
BRDA:7,4,1,0
BRDA:7,4,2,0
BRDA:7,4,3,0
BRDA:9,5,0,12
BRDA:9,5,1,12
BRDA:9,6,0,12
BRDA:9,6,1,0
BRDA:9,7,0,1
BRDA:9,7,1,0
BRDA:9,8,0,0
BRDA:9,8,1,1
BRDA:11,9,0,153
BRDA:11,9,1,156
BRDA:13,10,0,0
BRDA:13,10,1,30
BRDA:37,11,0,1
BRDA:37,11,1,29
BRDA:41,12,0,1
BRDA:41,12,1,28
BRDA:41,13,0,29
BRDA:41,13,1,28
BRDA:52,14,0,28
BRDA:52,14,1,27
BRDA:52,14,2,28
BRDA:54,15,0,25
BRDA:54,15,1,3
BRDA:59,16,0,2
BRDA:59,16,1,1
BRDA:86,17,0,27
BRDA:86,17,1,0
BRDA:86,17,2,0
BRDA:86,17,3,27
BRDA:86,17,4,27
BRDA:88,18,0,27
BRDA:88,18,1,0
BRDA:93,19,0,0
BRDA:93,19,1,0
BRDA:101,20,0,0
BRDA:101,20,1,0
BRDA:101,21,0,0
BRDA:101,21,1,0
BRDA:109,22,0,0
BRDA:109,22,1,0
BRDA:136,23,0,27
BRDA:136,23,1,26
BRDA:136,23,2,27
BRDA:138,24,0,26
BRDA:138,24,1,1
BRDA:138,25,0,27
BRDA:138,25,1,3
BRDA:168,26,0,26
BRDA:168,26,1,11
BRDA:168,26,2,10
BRDA:168,26,3,9
BRDA:168,26,4,8
BRDA:168,26,5,7
BRDA:168,26,6,16
BRDA:168,26,7,26
BRDA:172,27,0,14
BRDA:172,27,1,12
BRDA:177,28,0,11
BRDA:177,28,1,1
BRDA:185,29,0,10
BRDA:185,29,1,1
BRDA:193,30,0,9
BRDA:193,30,1,1
BRDA:201,31,0,8
BRDA:201,31,1,1
BRDA:209,32,0,7
BRDA:209,32,1,1
BRDA:209,33,0,8
BRDA:209,33,1,6
BRDA:218,34,0,5
BRDA:218,34,1,2
BRDA:247,35,0,16
BRDA:247,35,1,15
BRDA:247,35,2,16
BRDA:249,36,0,13
BRDA:249,36,1,3
BRDA:254,37,0,2
BRDA:254,37,1,1
BRDA:278,38,0,1
BRDA:278,38,1,4
BRDA:282,39,0,2
BRDA:282,39,1,2
BRDA:286,40,0,1
BRDA:286,40,1,1
BRDA:286,41,0,2
BRDA:286,41,1,1
BRDA:286,41,2,1
BRDA:286,42,0,0
BRDA:286,42,1,1
BRDA:296,43,0,15
BRDA:296,43,1,14
BRDA:296,43,2,15
BRDA:298,44,0,14
BRDA:298,44,1,1
BRDA:298,45,0,15
BRDA:298,45,1,3
BRDA:322,46,0,1
BRDA:322,46,1,28
BRDA:335,47,0,3
BRDA:335,47,1,2
BRDA:335,47,2,0
BRDA:335,47,3,3
BRDA:340,48,0,2
BRDA:340,48,1,1
BRDA:350,49,0,0
BRDA:350,49,1,1
BRDA:354,50,0,0
BRDA:354,50,1,1
BRDA:354,51,0,1
BRDA:354,51,1,0
BRDA:354,51,2,0
BRDA:354,51,3,0
BRDA:358,52,0,0
BRDA:358,52,1,1
BRDA:362,53,0,0
BRDA:362,53,1,1
BRDA:362,54,0,1
BRDA:362,54,1,0
BRDA:366,55,0,0
BRDA:366,55,1,1
BRDA:399,56,0,14
BRDA:399,56,1,13
BRDA:399,56,2,14
BRDA:401,57,0,13
BRDA:401,57,1,1
BRDA:401,58,0,14
BRDA:401,58,1,5
BRDA:425,59,0,0
BRDA:425,59,1,28
BRDA:435,60,0,29
BRDA:435,60,1,27
BRDA:435,60,2,27
BRDA:435,60,3,26
BRDA:435,60,4,16
BRDA:435,60,5,15
BRDA:435,60,6,14
BRDA:435,60,7,13
BRDA:435,60,8,0
BRDA:435,60,9,29
BRDA:437,61,0,15
BRDA:437,61,1,14
BRF:151
BRH:116
end_of_record
