TN:
SF:/Users/jaredjbarnes/Documents/data-modeling/lib/schema/Validator.js
FN:7,(anonymous_1)
FN:7,(anonymous_2)
FN:9,(anonymous_3)
FN:9,defineProperties
FN:9,(anonymous_5)
FN:51,_interopRequireDefault
FN:53,_asyncToGenerator
FN:53,(anonymous_8)
FN:53,(anonymous_9)
FN:53,step
FN:53,(anonymous_11)
FN:53,(anonymous_12)
FN:55,_classCallCheck
FN:70,(anonymous_14)
FN:71,Validator
FN:93,getTypeBySchema
FN:104,(anonymous_17)
FN:105,_callee
FN:107,_callee$
FN:131,validateAsync
FNF:20
FNH:19
FNDA:5,(anonymous_1)
FNDA:0,(anonymous_2)
FNDA:1,(anonymous_3)
FNDA:1,defineProperties
FNDA:1,(anonymous_5)
FNDA:10,_interopRequireDefault
FNDA:1,_asyncToGenerator
FNDA:10,(anonymous_8)
FNDA:10,(anonymous_9)
FNDA:19,step
FNDA:6,(anonymous_11)
FNDA:3,(anonymous_12)
FNDA:29,_classCallCheck
FNDA:1,(anonymous_14)
FNDA:30,Validator
FNDA:10,getTypeBySchema
FNDA:1,(anonymous_17)
FNDA:10,_callee
FNDA:26,_callee$
FNDA:10,validateAsync
DA:3,1
DA:7,5
DA:9,2
DA:11,1
DA:13,1
DA:15,1
DA:17,1
DA:19,1
DA:21,1
DA:23,1
DA:25,1
DA:27,1
DA:29,1
DA:31,1
DA:33,1
DA:35,1
DA:37,1
DA:39,1
DA:41,1
DA:43,1
DA:45,1
DA:47,1
DA:49,1
DA:51,10
DA:53,19
DA:55,29
DA:57,1
DA:70,1
DA:71,1
DA:72,30
DA:76,29
DA:78,29
DA:79,29
DA:80,29
DA:82,29
DA:83,19
DA:86,10
DA:87,0
DA:91,1
DA:94,10
DA:95,5
DA:96,5
DA:97,4
DA:99,1
DA:105,1
DA:106,10
DA:107,10
DA:108,26
DA:109,26
DA:111,10
DA:112,9
DA:117,9
DA:118,9
DA:121,6
DA:125,10
DA:131,1
DA:132,10
DA:135,1
DA:139,1
DA:142,1
LF:60
LH:59
BRDA:7,1,0,1
BRDA:7,1,1,0
BRDA:7,2,0,1
BRDA:7,2,1,1
BRDA:7,3,0,0
BRDA:7,3,1,0
BRDA:7,4,0,0
BRDA:7,4,1,0
BRDA:7,4,2,0
BRDA:7,4,3,0
BRDA:9,5,0,2
BRDA:9,5,1,2
BRDA:9,6,0,2
BRDA:9,6,1,0
BRDA:9,7,0,1
BRDA:9,7,1,0
BRDA:9,8,0,0
BRDA:9,8,1,1
BRDA:51,9,0,10
BRDA:51,9,1,0
BRDA:51,10,0,10
BRDA:51,10,1,10
BRDA:53,11,0,6
BRDA:53,11,1,9
BRDA:55,12,0,0
BRDA:55,12,1,29
BRDA:82,13,0,19
BRDA:82,13,1,10
BRDA:86,14,0,0
BRDA:86,14,1,10
BRDA:86,15,0,10
BRDA:86,15,1,10
BRDA:94,16,0,5
BRDA:94,16,1,5
BRDA:94,17,0,10
BRDA:94,17,1,5
BRDA:96,18,0,4
BRDA:96,18,1,1
BRDA:96,19,0,5
BRDA:96,19,1,5
BRDA:96,19,2,4
BRDA:109,20,0,10
BRDA:109,20,1,6
BRDA:109,20,2,0
BRDA:109,20,3,10
BRF:45
BRH:31
end_of_record
TN:
SF:/Users/jaredjbarnes/Documents/data-modeling/lib/schema/types/Any.js
FN:7,(anonymous_1)
FN:7,defineProperties
FN:7,(anonymous_3)
FN:9,_asyncToGenerator
FN:9,(anonymous_5)
FN:9,(anonymous_6)
FN:9,step
FN:9,(anonymous_8)
FN:9,(anonymous_9)
FN:11,_classCallCheck
FN:13,(anonymous_11)
FN:14,Any
FN:29,(anonymous_13)
FN:30,_callee
FN:31,_callee$
FN:55,validateAsync
FNF:16
FNH:6
FNDA:1,(anonymous_1)
FNDA:1,defineProperties
FNDA:1,(anonymous_3)
FNDA:1,_asyncToGenerator
FNDA:0,(anonymous_5)
FNDA:0,(anonymous_6)
FNDA:0,step
FNDA:0,(anonymous_8)
FNDA:0,(anonymous_9)
FNDA:0,_classCallCheck
FNDA:1,(anonymous_11)
FNDA:0,Any
FNDA:1,(anonymous_13)
FNDA:0,_callee
FNDA:0,_callee$
FNDA:0,validateAsync
DA:3,1
DA:7,1
DA:9,1
DA:11,1
DA:13,1
DA:14,1
DA:15,0
DA:19,0
DA:21,0
DA:22,0
DA:23,0
DA:24,0
DA:27,1
DA:30,1
DA:31,0
DA:32,0
DA:33,0
DA:35,0
DA:36,0
DA:37,0
DA:40,0
DA:41,0
DA:42,0
DA:45,0
DA:49,0
DA:55,1
DA:56,0
DA:59,1
DA:63,1
DA:66,1
LF:30
LH:12
BRDA:7,1,0,1
BRDA:7,1,1,1
BRDA:7,2,0,1
BRDA:7,2,1,0
BRDA:7,3,0,1
BRDA:7,3,1,0
BRDA:7,4,0,0
BRDA:7,4,1,1
BRDA:9,5,0,0
BRDA:9,5,1,0
BRDA:11,6,0,0
BRDA:11,6,1,0
BRDA:33,7,0,0
BRDA:33,7,1,0
BRDA:33,7,2,0
BRDA:35,8,0,0
BRDA:35,8,1,0
BRDA:40,9,0,0
BRDA:40,9,1,0
BRF:19
BRH:5
end_of_record
TN:
SF:/Users/jaredjbarnes/Documents/data-modeling/lib/schema/types/Array.js
FN:7,(anonymous_1)
FN:7,defineProperties
FN:7,(anonymous_3)
FN:9,_asyncToGenerator
FN:9,(anonymous_5)
FN:9,(anonymous_6)
FN:9,step
FN:9,(anonymous_8)
FN:9,(anonymous_9)
FN:11,_classCallCheck
FN:13,(anonymous_11)
FN:14,Array
FN:29,(anonymous_13)
FN:30,_callee
FN:31,_callee$
FN:71,validateAsync
FNF:16
FNH:6
FNDA:1,(anonymous_1)
FNDA:1,defineProperties
FNDA:1,(anonymous_3)
FNDA:1,_asyncToGenerator
FNDA:0,(anonymous_5)
FNDA:0,(anonymous_6)
FNDA:0,step
FNDA:0,(anonymous_8)
FNDA:0,(anonymous_9)
FNDA:0,_classCallCheck
FNDA:1,(anonymous_11)
FNDA:0,Array
FNDA:1,(anonymous_13)
FNDA:0,_callee
FNDA:0,_callee$
FNDA:0,validateAsync
DA:3,1
DA:7,1
DA:9,1
DA:11,1
DA:13,1
DA:14,1
DA:15,0
DA:19,0
DA:21,0
DA:22,0
DA:23,0
DA:24,0
DA:27,1
DA:30,1
DA:31,0
DA:32,0
DA:33,0
DA:35,0
DA:36,0
DA:37,0
DA:40,0
DA:41,0
DA:42,0
DA:45,0
DA:48,0
DA:49,0
DA:50,0
DA:53,0
DA:56,0
DA:57,0
DA:58,0
DA:61,0
DA:65,0
DA:71,1
DA:72,0
DA:75,1
DA:79,1
DA:82,1
LF:38
LH:12
BRDA:7,1,0,1
BRDA:7,1,1,1
BRDA:7,2,0,1
BRDA:7,2,1,0
BRDA:7,3,0,1
BRDA:7,3,1,0
BRDA:7,4,0,0
BRDA:7,4,1,1
BRDA:9,5,0,0
BRDA:9,5,1,0
BRDA:11,6,0,0
BRDA:11,6,1,0
BRDA:33,7,0,0
BRDA:33,7,1,0
BRDA:33,7,2,0
BRDA:33,7,3,0
BRDA:33,7,4,0
BRDA:35,8,0,0
BRDA:35,8,1,0
BRDA:40,9,0,0
BRDA:40,9,1,0
BRDA:48,10,0,0
BRDA:48,10,1,0
BRDA:48,11,0,0
BRDA:48,11,1,0
BRDA:56,12,0,0
BRDA:56,12,1,0
BRF:27
BRH:5
end_of_record
TN:
SF:/Users/jaredjbarnes/Documents/data-modeling/lib/schema/types/Boolean.js
FN:7,(anonymous_1)
FN:13,_interopRequireDefault
FN:15,_objectWithoutProperties
FN:17,_classCallCheck
FN:19,_possibleConstructorReturn
FN:21,_inherits
FN:23,(anonymous_7)
FN:26,Boolean
FNF:8
FNH:7
FNDA:0,(anonymous_1)
FNDA:1,_interopRequireDefault
FNDA:3,_objectWithoutProperties
FNDA:3,_classCallCheck
FNDA:3,_possibleConstructorReturn
FNDA:1,_inherits
FNDA:1,(anonymous_7)
FNDA:3,Boolean
DA:3,1
DA:7,1
DA:9,1
DA:11,1
DA:13,1
DA:15,9
DA:17,3
DA:19,3
DA:21,1
DA:23,1
DA:24,1
DA:26,1
DA:27,3
DA:29,3
DA:31,3
DA:34,1
DA:37,1
LF:17
LH:17
BRDA:7,1,0,1
BRDA:7,1,1,0
BRDA:7,2,0,0
BRDA:7,2,1,0
BRDA:13,3,0,1
BRDA:13,3,1,0
BRDA:13,4,0,1
BRDA:13,4,1,1
BRDA:15,5,0,0
BRDA:15,5,1,9
BRDA:15,6,0,0
BRDA:15,6,1,9
BRDA:17,7,0,0
BRDA:17,7,1,3
BRDA:19,8,0,0
BRDA:19,8,1,3
BRDA:19,9,0,0
BRDA:19,9,1,3
BRDA:19,10,0,3
BRDA:19,10,1,0
BRDA:19,10,2,0
BRDA:21,11,0,0
BRDA:21,11,1,1
BRDA:21,12,0,1
BRDA:21,12,1,0
BRDA:21,13,0,1
BRDA:21,13,1,1
BRDA:21,14,0,1
BRDA:21,14,1,0
BRDA:21,15,0,1
BRDA:21,15,1,0
BRDA:31,16,0,3
BRDA:31,16,1,0
BRF:33
BRH:17
end_of_record
TN:
SF:/Users/jaredjbarnes/Documents/data-modeling/lib/schema/types/Primitive.js
FN:7,(anonymous_1)
FN:7,(anonymous_2)
FN:9,(anonymous_3)
FN:9,defineProperties
FN:9,(anonymous_5)
FN:11,_asyncToGenerator
FN:11,(anonymous_7)
FN:11,(anonymous_8)
FN:11,step
FN:11,(anonymous_10)
FN:11,(anonymous_11)
FN:13,_classCallCheck
FN:15,(anonymous_13)
FN:16,Primitive
FN:30,(anonymous_15)
FN:31,_callee
FN:32,_callee$
FN:51,validateAsync
FNF:18
FNH:15
FNDA:6,(anonymous_1)
FNDA:0,(anonymous_2)
FNDA:1,(anonymous_3)
FNDA:1,defineProperties
FNDA:1,(anonymous_5)
FNDA:1,_asyncToGenerator
FNDA:6,(anonymous_7)
FNDA:6,(anonymous_8)
FNDA:6,step
FNDA:0,(anonymous_10)
FNDA:0,(anonymous_11)
FNDA:6,_classCallCheck
FNDA:1,(anonymous_13)
FNDA:6,Primitive
FNDA:1,(anonymous_15)
FNDA:6,_callee
FNDA:8,_callee$
FNDA:6,validateAsync
DA:3,1
DA:7,6
DA:9,1
DA:11,6
DA:13,6
DA:15,1
DA:16,1
DA:17,6
DA:21,6
DA:23,6
DA:24,6
DA:25,6
DA:28,1
DA:31,1
DA:32,6
DA:33,8
DA:34,12
DA:36,6
DA:37,4
DA:38,4
DA:41,2
DA:45,6
DA:51,1
DA:52,6
DA:55,1
DA:59,1
DA:62,1
LF:27
LH:27
BRDA:7,1,0,1
BRDA:7,1,1,0
BRDA:7,2,0,1
BRDA:7,2,1,1
BRDA:7,3,0,0
BRDA:7,3,1,0
BRDA:7,4,0,0
BRDA:7,4,1,0
BRDA:7,4,2,0
BRDA:7,4,3,0
BRDA:9,5,0,1
BRDA:9,5,1,1
BRDA:9,6,0,1
BRDA:9,6,1,0
BRDA:9,7,0,1
BRDA:9,7,1,0
BRDA:9,8,0,0
BRDA:9,8,1,1
BRDA:11,9,0,4
BRDA:11,9,1,0
BRDA:13,10,0,0
BRDA:13,10,1,6
BRDA:24,11,0,4
BRDA:24,11,1,2
BRDA:34,12,0,6
BRDA:34,12,1,4
BRDA:34,12,2,6
BRDA:36,13,0,4
BRDA:36,13,1,2
BRDA:36,14,0,6
BRDA:36,14,1,6
BRF:31
BRH:19
end_of_record
TN:
SF:/Users/jaredjbarnes/Documents/data-modeling/lib/schema/types/Class.js
FN:7,(anonymous_1)
FN:7,(anonymous_2)
FN:9,(anonymous_3)
FN:9,defineProperties
FN:9,(anonymous_5)
FN:47,_interopRequireDefault
FN:49,_asyncToGenerator
FN:49,(anonymous_8)
FN:49,(anonymous_9)
FN:49,step
FN:49,(anonymous_11)
FN:49,(anonymous_12)
FN:51,_classCallCheck
FN:66,(anonymous_14)
FN:67,Class
FN:82,assertDecorator
FN:97,(anonymous_17)
FN:98,_callee
FN:103,_callee$
FN:117,(anonymous_20)
FN:260,assertPropertyAsync
FN:268,(anonymous_22)
FN:269,_callee2
FN:272,_callee2$
FN:349,assertPropertiesAsync
FN:357,assertPropertySchema
FN:376,assertSchema
FN:401,getValidatorBySchema
FN:412,(anonymous_29)
FN:413,_callee3
FN:418,_callee3$
FN:442,(anonymous_32)
FN:573,validateAsync
FNF:33
FNH:9
FNDA:0,(anonymous_1)
FNDA:0,(anonymous_2)
FNDA:1,(anonymous_3)
FNDA:1,defineProperties
FNDA:1,(anonymous_5)
FNDA:9,_interopRequireDefault
FNDA:3,_asyncToGenerator
FNDA:0,(anonymous_8)
FNDA:0,(anonymous_9)
FNDA:0,step
FNDA:0,(anonymous_11)
FNDA:0,(anonymous_12)
FNDA:0,_classCallCheck
FNDA:1,(anonymous_14)
FNDA:0,Class
FNDA:0,assertDecorator
FNDA:1,(anonymous_17)
FNDA:0,_callee
FNDA:0,_callee$
FNDA:0,(anonymous_20)
FNDA:0,assertPropertyAsync
FNDA:1,(anonymous_22)
FNDA:0,_callee2
FNDA:0,_callee2$
FNDA:0,assertPropertiesAsync
FNDA:0,assertPropertySchema
FNDA:0,assertSchema
FNDA:0,getValidatorBySchema
FNDA:1,(anonymous_29)
FNDA:0,_callee3
FNDA:0,_callee3$
FNDA:0,(anonymous_32)
FNDA:0,validateAsync
DA:3,1
DA:7,1
DA:9,7
DA:11,1
DA:13,1
DA:15,1
DA:17,1
DA:19,1
DA:21,1
DA:23,1
DA:25,1
DA:27,1
DA:29,1
DA:31,1
DA:33,1
DA:35,1
DA:37,1
DA:39,1
DA:41,1
DA:43,1
DA:45,1
DA:47,9
DA:49,3
DA:51,1
DA:53,1
DA:66,1
DA:67,1
DA:68,0
DA:72,0
DA:74,0
DA:75,0
DA:76,0
DA:77,0
DA:80,1
DA:83,0
DA:84,0
DA:87,0
DA:88,0
DA:91,0
DA:92,0
DA:98,1
DA:99,0
DA:101,0
DA:103,0
DA:104,0
DA:105,0
DA:107,0
DA:110,0
DA:112,0
DA:113,0
DA:114,0
DA:117,0
DA:118,0
DA:121,0
DA:122,0
DA:123,0
DA:124,0
DA:125,0
DA:128,0
DA:129,0
DA:130,0
DA:133,0
DA:134,0
DA:135,0
DA:138,0
DA:140,0
DA:143,0
DA:144,0
DA:145,0
DA:148,0
DA:149,0
DA:152,0
DA:153,0
DA:154,0
DA:155,0
DA:158,0
DA:159,0
DA:161,0
DA:162,0
DA:166,0
DA:168,0
DA:169,0
DA:170,0
DA:173,0
DA:176,0
DA:179,0
DA:182,0
DA:183,0
DA:184,0
DA:185,0
DA:190,0
DA:191,0
DA:194,0
DA:195,0
DA:196,0
DA:197,0
DA:198,0
DA:201,0
DA:202,0
DA:203,0
DA:206,0
DA:207,0
DA:208,0
DA:214,0
DA:215,0
DA:216,0
DA:219,0
DA:220,0
DA:223,0
DA:224,0
DA:225,0
DA:226,0
DA:229,0
DA:230,0
DA:232,0
DA:233,0
DA:237,0
DA:239,0
DA:240,0
DA:241,0
DA:244,0
DA:247,0
DA:250,0
DA:254,0
DA:260,1
DA:261,0
DA:264,1
DA:269,1
DA:270,0
DA:272,0
DA:273,0
DA:274,0
DA:276,0
DA:278,0
DA:279,0
DA:280,0
DA:283,0
DA:286,0
DA:287,0
DA:288,0
DA:289,0
DA:290,0
DA:293,0
DA:294,0
DA:295,0
DA:298,0
DA:299,0
DA:300,0
DA:303,0
DA:304,0
DA:305,0
DA:308,0
DA:309,0
DA:312,0
DA:313,0
DA:314,0
DA:315,0
DA:318,0
DA:319,0
DA:321,0
DA:322,0
DA:326,0
DA:328,0
DA:329,0
DA:330,0
DA:333,0
DA:336,0
DA:339,0
DA:343,0
DA:349,1
DA:350,0
DA:353,1
DA:358,0
DA:359,0
DA:362,0
DA:363,0
DA:366,0
DA:367,0
DA:370,0
DA:371,0
DA:377,0
DA:379,0
DA:380,0
DA:383,0
DA:384,0
DA:387,0
DA:388,0
DA:391,0
DA:392,0
DA:395,0
DA:396,0
DA:402,0
DA:403,0
DA:404,0
DA:405,0
DA:407,0
DA:413,1
DA:414,0
DA:416,0
DA:418,0
DA:419,0
DA:420,0
DA:422,0
DA:423,0
DA:424,0
DA:426,0
DA:427,0
DA:428,0
DA:431,0
DA:433,0
DA:434,0
DA:437,0
DA:438,0
DA:439,0
DA:442,0
DA:443,0
DA:446,0
DA:447,0
DA:448,0
DA:449,0
DA:450,0
DA:453,0
DA:454,0
DA:455,0
DA:458,0
DA:459,0
DA:460,0
DA:463,0
DA:465,0
DA:468,0
DA:469,0
DA:470,0
DA:473,0
DA:474,0
DA:477,0
DA:478,0
DA:479,0
DA:480,0
DA:483,0
DA:484,0
DA:486,0
DA:487,0
DA:491,0
DA:493,0
DA:494,0
DA:495,0
DA:498,0
DA:501,0
DA:504,0
DA:507,0
DA:508,0
DA:509,0
DA:510,0
DA:511,0
DA:514,0
DA:515,0
DA:516,0
DA:519,0
DA:520,0
DA:521,0
DA:527,0
DA:528,0
DA:529,0
DA:532,0
DA:533,0
DA:536,0
DA:537,0
DA:538,0
DA:539,0
DA:542,0
DA:543,0
DA:545,0
DA:546,0
DA:550,0
DA:552,0
DA:553,0
DA:554,0
DA:557,0
DA:560,0
DA:563,0
DA:567,0
DA:573,1
DA:574,0
DA:577,1
DA:581,1
DA:584,1
LF:286
LH:39
BRDA:7,1,0,1
BRDA:7,1,1,0
BRDA:7,2,0,1
BRDA:7,2,1,1
BRDA:7,3,0,0
BRDA:7,3,1,0
BRDA:7,4,0,0
BRDA:7,4,1,0
BRDA:7,4,2,0
BRDA:7,4,3,0
BRDA:9,5,0,7
BRDA:9,5,1,7
BRDA:9,6,0,7
BRDA:9,6,1,0
BRDA:9,7,0,1
BRDA:9,7,1,0
BRDA:9,8,0,0
BRDA:9,8,1,1
BRDA:47,9,0,9
BRDA:47,9,1,0
BRDA:47,10,0,9
BRDA:47,10,1,9
BRDA:49,11,0,0
BRDA:49,11,1,0
BRDA:51,12,0,0
BRDA:51,12,1,0
BRDA:83,13,0,0
BRDA:83,13,1,0
BRDA:87,14,0,0
BRDA:87,14,1,0
BRDA:91,15,0,0
BRDA:91,15,1,0
BRDA:91,16,0,0
BRDA:91,16,1,0
BRDA:91,16,2,0
BRDA:91,17,0,0
BRDA:91,17,1,0
BRDA:105,18,0,0
BRDA:105,18,1,0
BRDA:105,18,2,0
BRDA:105,18,3,0
BRDA:105,18,4,0
BRDA:105,18,5,0
BRDA:105,18,6,0
BRDA:105,18,7,0
BRDA:105,18,8,0
BRDA:105,18,9,0
BRDA:105,18,10,0
BRDA:105,18,11,0
BRDA:105,18,12,0
BRDA:105,18,13,0
BRDA:105,18,14,0
BRDA:105,18,15,0
BRDA:105,18,16,0
BRDA:105,18,17,0
BRDA:105,18,18,0
BRDA:105,18,19,0
BRDA:105,18,20,0
BRDA:105,18,21,0
BRDA:112,19,0,0
BRDA:112,19,1,0
BRDA:128,20,0,0
BRDA:128,20,1,0
BRDA:161,21,0,0
BRDA:161,21,1,0
BRDA:161,22,0,0
BRDA:161,22,1,0
BRDA:168,23,0,0
BRDA:168,23,1,0
BRDA:201,24,0,0
BRDA:201,24,1,0
BRDA:232,25,0,0
BRDA:232,25,1,0
BRDA:232,26,0,0
BRDA:232,26,1,0
BRDA:239,27,0,0
BRDA:239,27,1,0
BRDA:274,28,0,0
BRDA:274,28,1,0
BRDA:274,28,2,0
BRDA:274,28,3,0
BRDA:274,28,4,0
BRDA:274,28,5,0
BRDA:274,28,6,0
BRDA:274,28,7,0
BRDA:274,28,8,0
BRDA:274,28,9,0
BRDA:274,28,10,0
BRDA:274,28,11,0
BRDA:278,29,0,0
BRDA:278,29,1,0
BRDA:293,30,0,0
BRDA:293,30,1,0
BRDA:321,31,0,0
BRDA:321,31,1,0
BRDA:321,32,0,0
BRDA:321,32,1,0
BRDA:328,33,0,0
BRDA:328,33,1,0
BRDA:358,34,0,0
BRDA:358,34,1,0
BRDA:362,35,0,0
BRDA:362,35,1,0
BRDA:362,36,0,0
BRDA:362,36,1,0
BRDA:362,36,2,0
BRDA:362,36,3,0
BRDA:366,37,0,0
BRDA:366,37,1,0
BRDA:370,38,0,0
BRDA:370,38,1,0
BRDA:370,39,0,0
BRDA:370,39,1,0
BRDA:379,40,0,0
BRDA:379,40,1,0
BRDA:383,41,0,0
BRDA:383,41,1,0
BRDA:387,42,0,0
BRDA:387,42,1,0
BRDA:391,43,0,0
BRDA:391,43,1,0
BRDA:395,44,0,0
BRDA:395,44,1,0
BRDA:395,45,0,0
BRDA:395,45,1,0
BRDA:402,46,0,0
BRDA:402,46,1,0
BRDA:404,47,0,0
BRDA:404,47,1,0
BRDA:404,48,0,0
BRDA:404,48,1,0
BRDA:404,49,0,0
BRDA:404,49,1,0
BRDA:420,50,0,0
BRDA:420,50,1,0
BRDA:420,50,2,0
BRDA:420,50,3,0
BRDA:420,50,4,0
BRDA:420,50,5,0
BRDA:420,50,6,0
BRDA:420,50,7,0
BRDA:420,50,8,0
BRDA:420,50,9,0
BRDA:420,50,10,0
BRDA:420,50,11,0
BRDA:420,50,12,0
BRDA:420,50,13,0
BRDA:420,50,14,0
BRDA:420,50,15,0
BRDA:420,50,16,0
BRDA:420,50,17,0
BRDA:420,50,18,0
BRDA:420,50,19,0
BRDA:420,50,20,0
BRDA:420,50,21,0
BRDA:426,51,0,0
BRDA:426,51,1,0
BRDA:437,52,0,0
BRDA:437,52,1,0
BRDA:453,53,0,0
BRDA:453,53,1,0
BRDA:486,54,0,0
BRDA:486,54,1,0
BRDA:486,55,0,0
BRDA:486,55,1,0
BRDA:493,56,0,0
BRDA:493,56,1,0
BRDA:514,57,0,0
BRDA:514,57,1,0
BRDA:545,58,0,0
BRDA:545,58,1,0
BRDA:545,59,0,0
BRDA:545,59,1,0
BRDA:552,60,0,0
BRDA:552,60,1,0
BRF:175
BRH:11
end_of_record
TN:
SF:/Users/jaredjbarnes/Documents/data-modeling/lib/schema/types/Date.js
FN:7,(anonymous_1)
FN:7,defineProperties
FN:7,(anonymous_3)
FN:9,_asyncToGenerator
FN:9,(anonymous_5)
FN:9,(anonymous_6)
FN:9,step
FN:9,(anonymous_8)
FN:9,(anonymous_9)
FN:11,_classCallCheck
FN:13,(anonymous_11)
FN:14,Date
FN:30,(anonymous_13)
FN:31,_callee
FN:32,_callee$
FN:56,validateAsync
FNF:16
FNH:14
FNDA:1,(anonymous_1)
FNDA:1,defineProperties
FNDA:1,(anonymous_3)
FNDA:1,_asyncToGenerator
FNDA:3,(anonymous_5)
FNDA:3,(anonymous_6)
FNDA:3,step
FNDA:0,(anonymous_8)
FNDA:0,(anonymous_9)
FNDA:3,_classCallCheck
FNDA:1,(anonymous_11)
FNDA:3,Date
FNDA:1,(anonymous_13)
FNDA:3,_callee
FNDA:4,_callee$
FNDA:3,validateAsync
DA:3,1
DA:7,1
DA:9,3
DA:11,3
DA:13,1
DA:14,1
DA:15,3
DA:19,3
DA:21,3
DA:22,3
DA:23,3
DA:24,3
DA:25,3
DA:28,1
DA:31,1
DA:32,3
DA:33,4
DA:34,6
DA:36,3
DA:37,1
DA:38,1
DA:41,2
DA:42,1
DA:43,1
DA:46,1
DA:50,3
DA:56,1
DA:57,3
DA:60,1
DA:64,1
DA:67,1
LF:31
LH:31
BRDA:7,1,0,1
BRDA:7,1,1,1
BRDA:7,2,0,1
BRDA:7,2,1,0
BRDA:7,3,0,1
BRDA:7,3,1,0
BRDA:7,4,0,0
BRDA:7,4,1,1
BRDA:9,5,0,2
BRDA:9,5,1,0
BRDA:11,6,0,0
BRDA:11,6,1,3
BRDA:34,7,0,3
BRDA:34,7,1,2
BRDA:34,7,2,3
BRDA:36,8,0,1
BRDA:36,8,1,2
BRDA:41,9,0,1
BRDA:41,9,1,1
BRF:19
BRH:14
end_of_record
TN:
SF:/Users/jaredjbarnes/Documents/data-modeling/lib/schema/types/Enum.js
FN:7,(anonymous_1)
FN:7,defineProperties
FN:7,(anonymous_3)
FN:9,_asyncToGenerator
FN:9,(anonymous_5)
FN:9,(anonymous_6)
FN:9,step
FN:9,(anonymous_8)
FN:9,(anonymous_9)
FN:11,_classCallCheck
FN:13,(anonymous_11)
FN:14,Enum
FN:20,(anonymous_13)
FN:21,_callee
FN:22,_callee$
FN:33,validateAsync
FNF:16
FNH:6
FNDA:1,(anonymous_1)
FNDA:1,defineProperties
FNDA:1,(anonymous_3)
FNDA:1,_asyncToGenerator
FNDA:0,(anonymous_5)
FNDA:0,(anonymous_6)
FNDA:0,step
FNDA:0,(anonymous_8)
FNDA:0,(anonymous_9)
FNDA:0,_classCallCheck
FNDA:1,(anonymous_11)
FNDA:0,Enum
FNDA:1,(anonymous_13)
FNDA:0,_callee
FNDA:0,_callee$
FNDA:0,validateAsync
DA:3,1
DA:7,1
DA:9,1
DA:11,1
DA:13,1
DA:14,1
DA:15,0
DA:18,1
DA:21,1
DA:22,0
DA:23,0
DA:24,0
DA:27,0
DA:33,1
DA:34,0
DA:37,1
DA:41,1
DA:44,1
LF:18
LH:12
BRDA:7,1,0,1
BRDA:7,1,1,1
BRDA:7,2,0,1
BRDA:7,2,1,0
BRDA:7,3,0,1
BRDA:7,3,1,0
BRDA:7,4,0,0
BRDA:7,4,1,1
BRDA:9,5,0,0
BRDA:9,5,1,0
BRDA:11,6,0,0
BRDA:11,6,1,0
BRDA:24,7,0,0
BRDA:24,7,1,0
BRF:14
BRH:5
end_of_record
TN:
SF:/Users/jaredjbarnes/Documents/data-modeling/lib/schema/types/Number.js
FN:7,(anonymous_1)
FN:13,_interopRequireDefault
FN:15,_objectWithoutProperties
FN:17,_classCallCheck
FN:19,_possibleConstructorReturn
FN:21,_inherits
FN:23,(anonymous_7)
FN:26,Number
FNF:8
FNH:3
FNDA:0,(anonymous_1)
FNDA:1,_interopRequireDefault
FNDA:0,_objectWithoutProperties
FNDA:0,_classCallCheck
FNDA:0,_possibleConstructorReturn
FNDA:1,_inherits
FNDA:1,(anonymous_7)
FNDA:0,Number
DA:3,1
DA:7,1
DA:9,1
DA:11,1
DA:13,1
DA:15,1
DA:17,1
DA:19,1
DA:21,1
DA:23,1
DA:24,1
DA:26,1
DA:27,0
DA:29,0
DA:31,0
DA:34,1
DA:37,1
LF:17
LH:14
BRDA:7,1,0,1
BRDA:7,1,1,0
BRDA:7,2,0,0
BRDA:7,2,1,0
BRDA:13,3,0,1
BRDA:13,3,1,0
BRDA:13,4,0,1
BRDA:13,4,1,1
BRDA:15,5,0,0
BRDA:15,5,1,0
BRDA:15,6,0,0
BRDA:15,6,1,0
BRDA:17,7,0,0
BRDA:17,7,1,0
BRDA:19,8,0,0
BRDA:19,8,1,0
BRDA:19,9,0,0
BRDA:19,9,1,0
BRDA:19,10,0,0
BRDA:19,10,1,0
BRDA:19,10,2,0
BRDA:21,11,0,0
BRDA:21,11,1,1
BRDA:21,12,0,1
BRDA:21,12,1,0
BRDA:21,13,0,1
BRDA:21,13,1,1
BRDA:21,14,0,1
BRDA:21,14,1,0
BRDA:21,15,0,1
BRDA:21,15,1,0
BRDA:31,16,0,0
BRDA:31,16,1,0
BRF:33
BRH:10
end_of_record
TN:
SF:/Users/jaredjbarnes/Documents/data-modeling/lib/schema/types/Reference.js
FN:7,(anonymous_1)
FN:7,defineProperties
FN:7,(anonymous_3)
FN:9,_asyncToGenerator
FN:9,(anonymous_5)
FN:9,(anonymous_6)
FN:9,step
FN:9,(anonymous_8)
FN:9,(anonymous_9)
FN:11,_classCallCheck
FN:13,(anonymous_11)
FN:14,Reference
FN:29,(anonymous_13)
FN:30,_callee
FN:32,_callee$
FN:58,validateAsync
FNF:16
FNH:6
FNDA:1,(anonymous_1)
FNDA:1,defineProperties
FNDA:1,(anonymous_3)
FNDA:1,_asyncToGenerator
FNDA:0,(anonymous_5)
FNDA:0,(anonymous_6)
FNDA:0,step
FNDA:0,(anonymous_8)
FNDA:0,(anonymous_9)
FNDA:0,_classCallCheck
FNDA:1,(anonymous_11)
FNDA:0,Reference
FNDA:1,(anonymous_13)
FNDA:0,_callee
FNDA:0,_callee$
FNDA:0,validateAsync
DA:3,1
DA:7,1
DA:9,1
DA:11,1
DA:13,1
DA:14,1
DA:15,0
DA:19,0
DA:21,0
DA:22,0
DA:23,0
DA:24,0
DA:27,1
DA:30,1
DA:31,0
DA:32,0
DA:33,0
DA:34,0
DA:36,0
DA:37,0
DA:38,0
DA:41,0
DA:42,0
DA:45,0
DA:46,0
DA:47,0
DA:48,0
DA:52,0
DA:58,1
DA:59,0
DA:62,1
DA:66,1
DA:69,1
LF:33
LH:12
BRDA:7,1,0,1
BRDA:7,1,1,1
BRDA:7,2,0,1
BRDA:7,2,1,0
BRDA:7,3,0,1
BRDA:7,3,1,0
BRDA:7,4,0,0
BRDA:7,4,1,1
BRDA:9,5,0,0
BRDA:9,5,1,0
BRDA:11,6,0,0
BRDA:11,6,1,0
BRDA:34,7,0,0
BRDA:34,7,1,0
BRDA:34,7,2,0
BRDA:34,7,3,0
BRDA:36,8,0,0
BRDA:36,8,1,0
BRF:18
BRH:5
end_of_record
TN:
SF:/Users/jaredjbarnes/Documents/data-modeling/lib/schema/types/String.js
FN:7,(anonymous_1)
FN:13,_interopRequireDefault
FN:15,_objectWithoutProperties
FN:17,_classCallCheck
FN:19,_possibleConstructorReturn
FN:21,_inherits
FN:23,(anonymous_7)
FN:26,String
FNF:8
FNH:7
FNDA:0,(anonymous_1)
FNDA:1,_interopRequireDefault
FNDA:3,_objectWithoutProperties
FNDA:3,_classCallCheck
FNDA:3,_possibleConstructorReturn
FNDA:1,_inherits
FNDA:1,(anonymous_7)
FNDA:3,String
DA:3,1
DA:7,1
DA:9,1
DA:11,1
DA:13,1
DA:15,9
DA:17,3
DA:19,3
DA:21,1
DA:23,1
DA:24,1
DA:26,1
DA:27,3
DA:29,3
DA:31,3
DA:34,1
DA:37,1
LF:17
LH:17
BRDA:7,1,0,1
BRDA:7,1,1,0
BRDA:7,2,0,0
BRDA:7,2,1,0
BRDA:13,3,0,1
BRDA:13,3,1,0
BRDA:13,4,0,1
BRDA:13,4,1,1
BRDA:15,5,0,0
BRDA:15,5,1,9
BRDA:15,6,0,0
BRDA:15,6,1,9
BRDA:17,7,0,0
BRDA:17,7,1,3
BRDA:19,8,0,0
BRDA:19,8,1,3
BRDA:19,9,0,0
BRDA:19,9,1,3
BRDA:19,10,0,3
BRDA:19,10,1,0
BRDA:19,10,2,0
BRDA:21,11,0,0
BRDA:21,11,1,1
BRDA:21,12,0,1
BRDA:21,12,1,0
BRDA:21,13,0,1
BRDA:21,13,1,1
BRDA:21,14,0,1
BRDA:21,14,1,0
BRDA:21,15,0,1
BRDA:21,15,1,0
BRDA:31,16,0,3
BRDA:31,16,1,0
BRF:33
BRH:17
end_of_record
TN:
SF:/Users/jaredjbarnes/Documents/data-modeling/lib/schema/types/Value.js
FN:7,(anonymous_1)
FN:7,defineProperties
FN:7,(anonymous_3)
FN:9,_asyncToGenerator
FN:9,(anonymous_5)
FN:9,(anonymous_6)
FN:9,step
FN:9,(anonymous_8)
FN:9,(anonymous_9)
FN:11,_classCallCheck
FN:13,(anonymous_11)
FN:14,Value
FN:20,(anonymous_13)
FN:21,_callee
FN:22,_callee$
FN:33,validateAsync
FNF:16
FNH:6
FNDA:1,(anonymous_1)
FNDA:1,defineProperties
FNDA:1,(anonymous_3)
FNDA:1,_asyncToGenerator
FNDA:0,(anonymous_5)
FNDA:0,(anonymous_6)
FNDA:0,step
FNDA:0,(anonymous_8)
FNDA:0,(anonymous_9)
FNDA:0,_classCallCheck
FNDA:1,(anonymous_11)
FNDA:0,Value
FNDA:1,(anonymous_13)
FNDA:0,_callee
FNDA:0,_callee$
FNDA:0,validateAsync
DA:3,1
DA:7,1
DA:9,1
DA:11,1
DA:13,1
DA:14,1
DA:15,0
DA:18,1
DA:21,1
DA:22,0
DA:23,0
DA:24,0
DA:27,0
DA:33,1
DA:34,0
DA:37,1
DA:41,1
DA:44,1
LF:18
LH:12
BRDA:7,1,0,1
BRDA:7,1,1,1
BRDA:7,2,0,1
BRDA:7,2,1,0
BRDA:7,3,0,1
BRDA:7,3,1,0
BRDA:7,4,0,0
BRDA:7,4,1,1
BRDA:9,5,0,0
BRDA:9,5,1,0
BRDA:11,6,0,0
BRDA:11,6,1,0
BRDA:24,7,0,0
BRDA:24,7,1,0
BRF:14
BRH:5
end_of_record
